-- Found ament_cmake: 1.3.12 (/opt/ros/humble/share/ament_cmake/cmake)
-- Override CMake install command with custom implementation using symlinks instead of copying resources
-- Found ros_ign_interfaces: 0.244.20 (/opt/ros/humble/share/ros_ign_interfaces/cmake)
-- Found rosidl_generator_c: 3.1.7 (/opt/ros/humble/share/rosidl_generator_c/cmake)
-- Found rosidl_adapter: 3.1.7 (/opt/ros/humble/share/rosidl_adapter/cmake)
-- Found rosidl_generator_cpp: 3.1.7 (/opt/ros/humble/share/rosidl_generator_cpp/cmake)
-- Using all available rosidl_typesupport_c: rosidl_typesupport_fastrtps_c;rosidl_typesupport_introspection_c
-- Using all available rosidl_typesupport_cpp: rosidl_typesupport_fastrtps_cpp;rosidl_typesupport_introspection_cpp
-- Found ament_lint_auto: 0.12.14 (/opt/ros/humble/share/ament_lint_auto/cmake)
WARNING: Package name "41068_ignition_bringup" does not follow the naming conventions. It should start with a lower case letter and only contain lower case letters, digits, underscores, and dashes.
-- Added test 'copyright' to check source files copyright and LICENSE
-- Added test 'cppcheck' to perform static code analysis on C / C++ code
-- Configured cppcheck include dirs: 
-- Configured cppcheck exclude dirs and/or files: 
-- Added test 'cpplint' to check C / C++ code against the Google style
-- Configured cpplint exclude dirs and/or files: 
-- Added test 'flake8' to check Python code syntax and style conventions
-- Added test 'lint_cmake' to check CMake code style
-- Added test 'pep257' to check Python code against some of the docstring style conventions in PEP 257
-- Added test 'uncrustify' to check C / C++ code style
-- Configured uncrustify additional arguments: 
-- Added test 'xmllint' to check XML markup files
-- Configuring done
-- Generating done
-- Build files have been written to: /home/student/git/FIREWARDENBOT/World/WorldWithDrone/build/41068_ignition_bringup
-- Install configuration: ""
-- Execute custom install script
-- Up-to-date symlink: /home/student/git/FIREWARDENBOT/World/WorldWithDrone/install/41068_ignition_bringup/share/41068_ignition_bringup/config/41068.rviz
-- Up-to-date symlink: /home/student/git/FIREWARDENBOT/World/WorldWithDrone/install/41068_ignition_bringup/share/41068_ignition_bringup/config/gazebo_bridge.yaml
-- Up-to-date symlink: /home/student/git/FIREWARDENBOT/World/WorldWithDrone/install/41068_ignition_bringup/share/41068_ignition_bringup/config/nav2_params.yaml
-- Up-to-date symlink: /home/student/git/FIREWARDENBOT/World/WorldWithDrone/install/41068_ignition_bringup/share/41068_ignition_bringup/config/robot_localization.yaml
-- Up-to-date symlink: /home/student/git/FIREWARDENBOT/World/WorldWithDrone/install/41068_ignition_bringup/share/41068_ignition_bringup/config/slam_params.yaml
-- Up-to-date symlink: /home/student/git/FIREWARDENBOT/World/WorldWithDrone/install/41068_ignition_bringup/share/41068_ignition_bringup/launch/41068_ignition.launch.py
-- Up-to-date symlink: /home/student/git/FIREWARDENBOT/World/WorldWithDrone/install/41068_ignition_bringup/share/41068_ignition_bringup/launch/41068_ignition_drone.launch.py
-- Up-to-date symlink: /home/student/git/FIREWARDENBOT/World/WorldWithDrone/install/41068_ignition_bringup/share/41068_ignition_bringup/launch/41068_navigation.launch.py
-- Up-to-date symlink: /home/student/git/FIREWARDENBOT/World/WorldWithDrone/install/41068_ignition_bringup/share/41068_ignition_bringup/launch/mapping.py
-- Up-to-date symlink: /home/student/git/FIREWARDENBOT/World/WorldWithDrone/install/41068_ignition_bringup/share/41068_ignition_bringup/launch/navigation.py
-- Up-to-date symlink: /home/student/git/FIREWARDENBOT/World/WorldWithDrone/install/41068_ignition_bringup/share/41068_ignition_bringup/launch/project_progress.py
-- Up-to-date symlink: /home/student/git/FIREWARDENBOT/World/WorldWithDrone/install/41068_ignition_bringup/share/41068_ignition_bringup/models/forest_plane/materials/textures/empty_grass.png
-- Up-to-date symlink: /home/student/git/FIREWARDENBOT/World/WorldWithDrone/install/41068_ignition_bringup/share/41068_ignition_bringup/models/forest_plane/materials/textures/forest_overhead.png
-- Up-to-date symlink: /home/student/git/FIREWARDENBOT/World/WorldWithDrone/install/41068_ignition_bringup/share/41068_ignition_bringup/models/forest_plane/materials/textures/leaf_litter.png
-- Up-to-date symlink: /home/student/git/FIREWARDENBOT/World/WorldWithDrone/install/41068_ignition_bringup/share/41068_ignition_bringup/models/forest_plane/model.config
-- Up-to-date symlink: /home/student/git/FIREWARDENBOT/World/WorldWithDrone/install/41068_ignition_bringup/share/41068_ignition_bringup/models/forest_plane/model.sdf
-- Up-to-date symlink: /home/student/git/FIREWARDENBOT/World/WorldWithDrone/install/41068_ignition_bringup/share/41068_ignition_bringup/models/forest_wall/materials/textures/forest_wall.png
-- Up-to-date symlink: /home/student/git/FIREWARDENBOT/World/WorldWithDrone/install/41068_ignition_bringup/share/41068_ignition_bringup/models/forest_wall/materials/textures/forest_wall_transparent.png
-- Up-to-date symlink: /home/student/git/FIREWARDENBOT/World/WorldWithDrone/install/41068_ignition_bringup/share/41068_ignition_bringup/models/forest_wall/materials/textures/forest_wall_transparent_small.png
-- Up-to-date symlink: /home/student/git/FIREWARDENBOT/World/WorldWithDrone/install/41068_ignition_bringup/share/41068_ignition_bringup/models/forest_wall/model.config
-- Up-to-date symlink: /home/student/git/FIREWARDENBOT/World/WorldWithDrone/install/41068_ignition_bringup/share/41068_ignition_bringup/models/forest_wall/model.sdf
-- Up-to-date symlink: /home/student/git/FIREWARDENBOT/World/WorldWithDrone/install/41068_ignition_bringup/share/41068_ignition_bringup/models/grass_plane/materials/textures/empty_grass.png
-- Up-to-date symlink: /home/student/git/FIREWARDENBOT/World/WorldWithDrone/install/41068_ignition_bringup/share/41068_ignition_bringup/models/grass_plane/model.config
-- Up-to-date symlink: /home/student/git/FIREWARDENBOT/World/WorldWithDrone/install/41068_ignition_bringup/share/41068_ignition_bringup/models/grass_plane/model.sdf
-- Up-to-date symlink: /home/student/git/FIREWARDENBOT/World/WorldWithDrone/install/41068_ignition_bringup/share/41068_ignition_bringup/urdf/common_properties.urdf.xacro
-- Symlinking: /home/student/git/FIREWARDENBOT/World/WorldWithDrone/install/41068_ignition_bringup/share/41068_ignition_bringup/urdf/drone_with_vision.urdf.xacro
-- Up-to-date symlink: /home/student/git/FIREWARDENBOT/World/WorldWithDrone/install/41068_ignition_bringup/share/41068_ignition_bringup/urdf/husky.gazebo.xacro
-- Up-to-date symlink: /home/student/git/FIREWARDENBOT/World/WorldWithDrone/install/41068_ignition_bringup/share/41068_ignition_bringup/urdf/husky.urdf.xacro
-- Up-to-date symlink: /home/student/git/FIREWARDENBOT/World/WorldWithDrone/install/41068_ignition_bringup/share/41068_ignition_bringup/urdf/meshes/base_link.dae
-- Up-to-date symlink: /home/student/git/FIREWARDENBOT/World/WorldWithDrone/install/41068_ignition_bringup/share/41068_ignition_bringup/urdf/meshes/bumper.dae
-- Up-to-date symlink: /home/student/git/FIREWARDENBOT/World/WorldWithDrone/install/41068_ignition_bringup/share/41068_ignition_bringup/urdf/meshes/jpl04_arch_nosensor.stl
-- Up-to-date symlink: /home/student/git/FIREWARDENBOT/World/WorldWithDrone/install/41068_ignition_bringup/share/41068_ignition_bringup/urdf/meshes/top_chassis.dae
-- Up-to-date symlink: /home/student/git/FIREWARDENBOT/World/WorldWithDrone/install/41068_ignition_bringup/share/41068_ignition_bringup/urdf/meshes/top_plate.dae
-- Up-to-date symlink: /home/student/git/FIREWARDENBOT/World/WorldWithDrone/install/41068_ignition_bringup/share/41068_ignition_bringup/urdf/meshes/wheel.dae
-- Up-to-date symlink: /home/student/git/FIREWARDENBOT/World/WorldWithDrone/install/41068_ignition_bringup/share/41068_ignition_bringup/urdf/wheel.urdf.xacro
-- Up-to-date symlink: /home/student/git/FIREWARDENBOT/World/WorldWithDrone/install/41068_ignition_bringup/share/41068_ignition_bringup/worlds/dense_forest.sdf
-- Up-to-date symlink: /home/student/git/FIREWARDENBOT/World/WorldWithDrone/install/41068_ignition_bringup/share/41068_ignition_bringup/worlds/large_demo.sdf
-- Up-to-date symlink: /home/student/git/FIREWARDENBOT/World/WorldWithDrone/install/41068_ignition_bringup/share/41068_ignition_bringup/worlds/mixed_terrain.sdf
-- Up-to-date symlink: /home/student/git/FIREWARDENBOT/World/WorldWithDrone/install/41068_ignition_bringup/share/41068_ignition_bringup/worlds/modified.sdf
-- Up-to-date symlink: /home/student/git/FIREWARDENBOT/World/WorldWithDrone/install/41068_ignition_bringup/share/41068_ignition_bringup/worlds/obstacle_course.sdf
-- Up-to-date symlink: /home/student/git/FIREWARDENBOT/World/WorldWithDrone/install/41068_ignition_bringup/share/41068_ignition_bringup/worlds/open_meadows.sdf
-- Up-to-date symlink: /home/student/git/FIREWARDENBOT/World/WorldWithDrone/install/41068_ignition_bringup/share/41068_ignition_bringup/worlds/simple_trees.sdf
-- Up-to-date symlink: /home/student/git/FIREWARDENBOT/World/WorldWithDrone/install/41068_ignition_bringup/share/41068_ignition_bringup/worlds/sparse_forest.sdf
-- Up-to-date symlink: /home/student/git/FIREWARDENBOT/World/WorldWithDrone/install/41068_ignition_bringup/share/41068_ignition_bringup/urdf_drone/common_properties.urdf.xacro
-- Up-to-date symlink: /home/student/git/FIREWARDENBOT/World/WorldWithDrone/install/41068_ignition_bringup/share/41068_ignition_bringup/urdf_drone/meshes/hull.dae
-- Up-to-date symlink: /home/student/git/FIREWARDENBOT/World/WorldWithDrone/install/41068_ignition_bringup/share/41068_ignition_bringup/urdf_drone/meshes/propeller_fl.dae
-- Up-to-date symlink: /home/student/git/FIREWARDENBOT/World/WorldWithDrone/install/41068_ignition_bringup/share/41068_ignition_bringup/urdf_drone/meshes/propeller_fr.dae
-- Up-to-date symlink: /home/student/git/FIREWARDENBOT/World/WorldWithDrone/install/41068_ignition_bringup/share/41068_ignition_bringup/urdf_drone/meshes/propeller_rl.dae
-- Up-to-date symlink: /home/student/git/FIREWARDENBOT/World/WorldWithDrone/install/41068_ignition_bringup/share/41068_ignition_bringup/urdf_drone/meshes/propeller_rr.dae
-- Up-to-date symlink: /home/student/git/FIREWARDENBOT/World/WorldWithDrone/install/41068_ignition_bringup/share/41068_ignition_bringup/urdf_drone/model.config
-- Up-to-date symlink: /home/student/git/FIREWARDENBOT/World/WorldWithDrone/install/41068_ignition_bringup/share/41068_ignition_bringup/urdf_drone/model.sdf
-- Up-to-date symlink: /home/student/git/FIREWARDENBOT/World/WorldWithDrone/install/41068_ignition_bringup/share/41068_ignition_bringup/urdf_drone/parrot.gazebo.xacro
-- Up-to-date symlink: /home/student/git/FIREWARDENBOT/World/WorldWithDrone/install/41068_ignition_bringup/share/41068_ignition_bringup/urdf_drone/parrot.urdf.xacro
-- Up-to-date symlink: /home/student/git/FIREWARDENBOT/World/WorldWithDrone/install/41068_ignition_bringup/share/41068_ignition_bringup/urdf_drone/thumbnails/1.png
-- Up-to-date symlink: /home/student/git/FIREWARDENBOT/World/WorldWithDrone/install/41068_ignition_bringup/share/41068_ignition_bringup/urdf_drone/thumbnails/2.png
-- Up-to-date symlink: /home/student/git/FIREWARDENBOT/World/WorldWithDrone/install/41068_ignition_bringup/share/41068_ignition_bringup/urdf_drone/thumbnails/3.png
-- Up-to-date symlink: /home/student/git/FIREWARDENBOT/World/WorldWithDrone/install/41068_ignition_bringup/share/41068_ignition_bringup/urdf_drone/thumbnails/4.png
-- Up-to-date symlink: /home/student/git/FIREWARDENBOT/World/WorldWithDrone/install/41068_ignition_bringup/share/41068_ignition_bringup/urdf_drone/thumbnails/5.png
-- Up-to-date symlink: /home/student/git/FIREWARDENBOT/World/WorldWithDrone/install/41068_ignition_bringup/share/ament_index/resource_index/package_run_dependencies/41068_ignition_bringup
-- Up-to-date symlink: /home/student/git/FIREWARDENBOT/World/WorldWithDrone/install/41068_ignition_bringup/share/ament_index/resource_index/parent_prefix_path/41068_ignition_bringup
-- Up-to-date symlink: /home/student/git/FIREWARDENBOT/World/WorldWithDrone/install/41068_ignition_bringup/share/41068_ignition_bringup/environment/ament_prefix_path.sh
-- Up-to-date symlink: /home/student/git/FIREWARDENBOT/World/WorldWithDrone/install/41068_ignition_bringup/share/41068_ignition_bringup/environment/ament_prefix_path.dsv
-- Up-to-date symlink: /home/student/git/FIREWARDENBOT/World/WorldWithDrone/install/41068_ignition_bringup/share/41068_ignition_bringup/environment/path.sh
-- Up-to-date symlink: /home/student/git/FIREWARDENBOT/World/WorldWithDrone/install/41068_ignition_bringup/share/41068_ignition_bringup/environment/path.dsv
-- Up-to-date symlink: /home/student/git/FIREWARDENBOT/World/WorldWithDrone/install/41068_ignition_bringup/share/41068_ignition_bringup/local_setup.bash
-- Up-to-date symlink: /home/student/git/FIREWARDENBOT/World/WorldWithDrone/install/41068_ignition_bringup/share/41068_ignition_bringup/local_setup.sh
-- Up-to-date symlink: /home/student/git/FIREWARDENBOT/World/WorldWithDrone/install/41068_ignition_bringup/share/41068_ignition_bringup/local_setup.zsh
-- Up-to-date symlink: /home/student/git/FIREWARDENBOT/World/WorldWithDrone/install/41068_ignition_bringup/share/41068_ignition_bringup/local_setup.dsv
-- Symlinking: /home/student/git/FIREWARDENBOT/World/WorldWithDrone/install/41068_ignition_bringup/share/41068_ignition_bringup/package.dsv
-- Up-to-date symlink: /home/student/git/FIREWARDENBOT/World/WorldWithDrone/install/41068_ignition_bringup/share/ament_index/resource_index/packages/41068_ignition_bringup
-- Up-to-date symlink: /home/student/git/FIREWARDENBOT/World/WorldWithDrone/install/41068_ignition_bringup/share/41068_ignition_bringup/cmake/41068_ignition_bringupConfig.cmake
-- Up-to-date symlink: /home/student/git/FIREWARDENBOT/World/WorldWithDrone/install/41068_ignition_bringup/share/41068_ignition_bringup/cmake/41068_ignition_bringupConfig-version.cmake
-- Up-to-date symlink: /home/student/git/FIREWARDENBOT/World/WorldWithDrone/install/41068_ignition_bringup/share/41068_ignition_bringup/package.xml
