[0.056s] Invoking command in '/home/student/git/FIREWARDENBOT/World/WorldWithDrone/build/41068_ignition_bringup': CMAKE_PREFIX_PATH=${CMAKE_PREFIX_PATH}:/opt/ros/humble /usr/bin/cmake /home/student/git/FIREWARDENBOT/World/WorldWithDrone/src -DAMENT_CMAKE_SYMLINK_INSTALL=1 -DCMAKE_INSTALL_PREFIX=/home/student/git/FIREWARDENBOT/World/WorldWithDrone/install/41068_ignition_bringup
[0.090s] -- Found ament_cmake: 1.3.12 (/opt/ros/humble/share/ament_cmake/cmake)
[0.230s] -- Override CMake install command with custom implementation using symlinks instead of copying resources
[0.270s] -- Found ros_ign_interfaces: 0.244.20 (/opt/ros/humble/share/ros_ign_interfaces/cmake)
[0.301s] -- Found rosidl_generator_c: 3.1.7 (/opt/ros/humble/share/rosidl_generator_c/cmake)
[0.304s] -- Found rosidl_adapter: 3.1.7 (/opt/ros/humble/share/rosidl_adapter/cmake)
[0.311s] -- Found rosidl_generator_cpp: 3.1.7 (/opt/ros/humble/share/rosidl_generator_cpp/cmake)
[0.321s] -- Using all available rosidl_typesupport_c: rosidl_typesupport_fastrtps_c;rosidl_typesupport_introspection_c
[0.336s] -- Using all available rosidl_typesupport_cpp: rosidl_typesupport_fastrtps_cpp;rosidl_typesupport_introspection_cpp
[0.431s] -- Found ament_lint_auto: 0.12.14 (/opt/ros/humble/share/ament_lint_auto/cmake)
[0.493s] WARNING: Package name "41068_ignition_bringup" does not follow the naming conventions. It should start with a lower case letter and only contain lower case letters, digits, underscores, and dashes.
[0.524s] -- Added test 'copyright' to check source files copyright and LICENSE
[0.632s] -- Added test 'cppcheck' to perform static code analysis on C / C++ code
[0.632s] -- Configured cppcheck include dirs: 
[0.632s] -- Configured cppcheck exclude dirs and/or files: 
[0.738s] -- Added test 'cpplint' to check C / C++ code against the Google style
[0.738s] -- Configured cpplint exclude dirs and/or files: 
[0.751s] -- Added test 'flake8' to check Python code syntax and style conventions
[0.778s] -- Added test 'lint_cmake' to check CMake code style
[0.792s] -- Added test 'pep257' to check Python code against some of the docstring style conventions in PEP 257
[0.898s] -- Added test 'uncrustify' to check C / C++ code style
[0.898s] -- Configured uncrustify additional arguments: 
[0.912s] -- Added test 'xmllint' to check XML markup files
[0.922s] -- Configuring done
[0.947s] -- Generating done
[0.950s] -- Build files have been written to: /home/student/git/FIREWARDENBOT/World/WorldWithDrone/build/41068_ignition_bringup
[0.958s] Invoked command in '/home/student/git/FIREWARDENBOT/World/WorldWithDrone/build/41068_ignition_bringup' returned '0': CMAKE_PREFIX_PATH=${CMAKE_PREFIX_PATH}:/opt/ros/humble /usr/bin/cmake /home/student/git/FIREWARDENBOT/World/WorldWithDrone/src -DAMENT_CMAKE_SYMLINK_INSTALL=1 -DCMAKE_INSTALL_PREFIX=/home/student/git/FIREWARDENBOT/World/WorldWithDrone/install/41068_ignition_bringup
[0.961s] Invoking command in '/home/student/git/FIREWARDENBOT/World/WorldWithDrone/build/41068_ignition_bringup': CMAKE_PREFIX_PATH=${CMAKE_PREFIX_PATH}:/opt/ros/humble /usr/bin/cmake --build /home/student/git/FIREWARDENBOT/World/WorldWithDrone/build/41068_ignition_bringup -- -j8 -l8
[1.008s] Invoked command in '/home/student/git/FIREWARDENBOT/World/WorldWithDrone/build/41068_ignition_bringup' returned '0': CMAKE_PREFIX_PATH=${CMAKE_PREFIX_PATH}:/opt/ros/humble /usr/bin/cmake --build /home/student/git/FIREWARDENBOT/World/WorldWithDrone/build/41068_ignition_bringup -- -j8 -l8
[1.021s] Invoking command in '/home/student/git/FIREWARDENBOT/World/WorldWithDrone/build/41068_ignition_bringup': CMAKE_PREFIX_PATH=${CMAKE_PREFIX_PATH}:/opt/ros/humble /usr/bin/cmake --install /home/student/git/FIREWARDENBOT/World/WorldWithDrone/build/41068_ignition_bringup
[1.031s] -- Install configuration: ""
[1.032s] -- Execute custom install script
[1.032s] -- Up-to-date symlink: /home/student/git/FIREWARDENBOT/World/WorldWithDrone/install/41068_ignition_bringup/share/41068_ignition_bringup/config/41068.rviz
[1.032s] -- Up-to-date symlink: /home/student/git/FIREWARDENBOT/World/WorldWithDrone/install/41068_ignition_bringup/share/41068_ignition_bringup/config/gazebo_bridge.yaml
[1.033s] -- Up-to-date symlink: /home/student/git/FIREWARDENBOT/World/WorldWithDrone/install/41068_ignition_bringup/share/41068_ignition_bringup/config/nav2_params.yaml
[1.033s] -- Up-to-date symlink: /home/student/git/FIREWARDENBOT/World/WorldWithDrone/install/41068_ignition_bringup/share/41068_ignition_bringup/config/robot_localization.yaml
[1.033s] -- Up-to-date symlink: /home/student/git/FIREWARDENBOT/World/WorldWithDrone/install/41068_ignition_bringup/share/41068_ignition_bringup/config/slam_params.yaml
[1.033s] -- Up-to-date symlink: /home/student/git/FIREWARDENBOT/World/WorldWithDrone/install/41068_ignition_bringup/share/41068_ignition_bringup/launch/41068_ignition.launch.py
[1.033s] -- Up-to-date symlink: /home/student/git/FIREWARDENBOT/World/WorldWithDrone/install/41068_ignition_bringup/share/41068_ignition_bringup/launch/41068_ignition_drone.launch.py
[1.034s] -- Up-to-date symlink: /home/student/git/FIREWARDENBOT/World/WorldWithDrone/install/41068_ignition_bringup/share/41068_ignition_bringup/launch/41068_navigation.launch.py
[1.034s] -- Up-to-date symlink: /home/student/git/FIREWARDENBOT/World/WorldWithDrone/install/41068_ignition_bringup/share/41068_ignition_bringup/launch/mapping.py
[1.034s] -- Up-to-date symlink: /home/student/git/FIREWARDENBOT/World/WorldWithDrone/install/41068_ignition_bringup/share/41068_ignition_bringup/launch/navigation.py
[1.034s] -- Up-to-date symlink: /home/student/git/FIREWARDENBOT/World/WorldWithDrone/install/41068_ignition_bringup/share/41068_ignition_bringup/launch/project_progress.py
[1.035s] -- Up-to-date symlink: /home/student/git/FIREWARDENBOT/World/WorldWithDrone/install/41068_ignition_bringup/share/41068_ignition_bringup/models/forest_plane/materials/textures/empty_grass.png
[1.035s] -- Up-to-date symlink: /home/student/git/FIREWARDENBOT/World/WorldWithDrone/install/41068_ignition_bringup/share/41068_ignition_bringup/models/forest_plane/materials/textures/forest_overhead.png
[1.035s] -- Up-to-date symlink: /home/student/git/FIREWARDENBOT/World/WorldWithDrone/install/41068_ignition_bringup/share/41068_ignition_bringup/models/forest_plane/materials/textures/leaf_litter.png
[1.036s] -- Up-to-date symlink: /home/student/git/FIREWARDENBOT/World/WorldWithDrone/install/41068_ignition_bringup/share/41068_ignition_bringup/models/forest_plane/model.config
[1.036s] -- Up-to-date symlink: /home/student/git/FIREWARDENBOT/World/WorldWithDrone/install/41068_ignition_bringup/share/41068_ignition_bringup/models/forest_plane/model.sdf
[1.036s] -- Up-to-date symlink: /home/student/git/FIREWARDENBOT/World/WorldWithDrone/install/41068_ignition_bringup/share/41068_ignition_bringup/models/forest_wall/materials/textures/forest_wall.png
[1.036s] -- Up-to-date symlink: /home/student/git/FIREWARDENBOT/World/WorldWithDrone/install/41068_ignition_bringup/share/41068_ignition_bringup/models/forest_wall/materials/textures/forest_wall_transparent.png
[1.037s] -- Up-to-date symlink: /home/student/git/FIREWARDENBOT/World/WorldWithDrone/install/41068_ignition_bringup/share/41068_ignition_bringup/models/forest_wall/materials/textures/forest_wall_transparent_small.png
[1.037s] -- Up-to-date symlink: /home/student/git/FIREWARDENBOT/World/WorldWithDrone/install/41068_ignition_bringup/share/41068_ignition_bringup/models/forest_wall/model.config
[1.037s] -- Up-to-date symlink: /home/student/git/FIREWARDENBOT/World/WorldWithDrone/install/41068_ignition_bringup/share/41068_ignition_bringup/models/forest_wall/model.sdf
[1.037s] -- Up-to-date symlink: /home/student/git/FIREWARDENBOT/World/WorldWithDrone/install/41068_ignition_bringup/share/41068_ignition_bringup/models/grass_plane/materials/textures/empty_grass.png
[1.037s] -- Up-to-date symlink: /home/student/git/FIREWARDENBOT/World/WorldWithDrone/install/41068_ignition_bringup/share/41068_ignition_bringup/models/grass_plane/model.config
[1.037s] -- Up-to-date symlink: /home/student/git/FIREWARDENBOT/World/WorldWithDrone/install/41068_ignition_bringup/share/41068_ignition_bringup/models/grass_plane/model.sdf
[1.038s] -- Up-to-date symlink: /home/student/git/FIREWARDENBOT/World/WorldWithDrone/install/41068_ignition_bringup/share/41068_ignition_bringup/urdf/common_properties.urdf.xacro
[1.038s] -- Symlinking: /home/student/git/FIREWARDENBOT/World/WorldWithDrone/install/41068_ignition_bringup/share/41068_ignition_bringup/urdf/drone_with_vision.urdf.xacro
[1.049s] -- Up-to-date symlink: /home/student/git/FIREWARDENBOT/World/WorldWithDrone/install/41068_ignition_bringup/share/41068_ignition_bringup/urdf/husky.gazebo.xacro
[1.049s] -- Up-to-date symlink: /home/student/git/FIREWARDENBOT/World/WorldWithDrone/install/41068_ignition_bringup/share/41068_ignition_bringup/urdf/husky.urdf.xacro
[1.049s] -- Up-to-date symlink: /home/student/git/FIREWARDENBOT/World/WorldWithDrone/install/41068_ignition_bringup/share/41068_ignition_bringup/urdf/meshes/base_link.dae
[1.049s] -- Up-to-date symlink: /home/student/git/FIREWARDENBOT/World/WorldWithDrone/install/41068_ignition_bringup/share/41068_ignition_bringup/urdf/meshes/bumper.dae
[1.050s] -- Up-to-date symlink: /home/student/git/FIREWARDENBOT/World/WorldWithDrone/install/41068_ignition_bringup/share/41068_ignition_bringup/urdf/meshes/jpl04_arch_nosensor.stl
[1.050s] -- Up-to-date symlink: /home/student/git/FIREWARDENBOT/World/WorldWithDrone/install/41068_ignition_bringup/share/41068_ignition_bringup/urdf/meshes/top_chassis.dae
[1.050s] -- Up-to-date symlink: /home/student/git/FIREWARDENBOT/World/WorldWithDrone/install/41068_ignition_bringup/share/41068_ignition_bringup/urdf/meshes/top_plate.dae
[1.050s] -- Up-to-date symlink: /home/student/git/FIREWARDENBOT/World/WorldWithDrone/install/41068_ignition_bringup/share/41068_ignition_bringup/urdf/meshes/wheel.dae
[1.050s] -- Up-to-date symlink: /home/student/git/FIREWARDENBOT/World/WorldWithDrone/install/41068_ignition_bringup/share/41068_ignition_bringup/urdf/wheel.urdf.xacro
[1.050s] -- Up-to-date symlink: /home/student/git/FIREWARDENBOT/World/WorldWithDrone/install/41068_ignition_bringup/share/41068_ignition_bringup/worlds/dense_forest.sdf
[1.050s] -- Up-to-date symlink: /home/student/git/FIREWARDENBOT/World/WorldWithDrone/install/41068_ignition_bringup/share/41068_ignition_bringup/worlds/large_demo.sdf
[1.050s] -- Up-to-date symlink: /home/student/git/FIREWARDENBOT/World/WorldWithDrone/install/41068_ignition_bringup/share/41068_ignition_bringup/worlds/mixed_terrain.sdf
[1.050s] -- Up-to-date symlink: /home/student/git/FIREWARDENBOT/World/WorldWithDrone/install/41068_ignition_bringup/share/41068_ignition_bringup/worlds/modified.sdf
[1.051s] -- Up-to-date symlink: /home/student/git/FIREWARDENBOT/World/WorldWithDrone/install/41068_ignition_bringup/share/41068_ignition_bringup/worlds/obstacle_course.sdf
[1.051s] -- Up-to-date symlink: /home/student/git/FIREWARDENBOT/World/WorldWithDrone/install/41068_ignition_bringup/share/41068_ignition_bringup/worlds/open_meadows.sdf
[1.051s] -- Up-to-date symlink: /home/student/git/FIREWARDENBOT/World/WorldWithDrone/install/41068_ignition_bringup/share/41068_ignition_bringup/worlds/simple_trees.sdf
[1.051s] -- Up-to-date symlink: /home/student/git/FIREWARDENBOT/World/WorldWithDrone/install/41068_ignition_bringup/share/41068_ignition_bringup/worlds/sparse_forest.sdf
[1.051s] -- Up-to-date symlink: /home/student/git/FIREWARDENBOT/World/WorldWithDrone/install/41068_ignition_bringup/share/41068_ignition_bringup/urdf_drone/common_properties.urdf.xacro
[1.052s] -- Up-to-date symlink: /home/student/git/FIREWARDENBOT/World/WorldWithDrone/install/41068_ignition_bringup/share/41068_ignition_bringup/urdf_drone/meshes/hull.dae
[1.052s] -- Up-to-date symlink: /home/student/git/FIREWARDENBOT/World/WorldWithDrone/install/41068_ignition_bringup/share/41068_ignition_bringup/urdf_drone/meshes/propeller_fl.dae
[1.052s] -- Up-to-date symlink: /home/student/git/FIREWARDENBOT/World/WorldWithDrone/install/41068_ignition_bringup/share/41068_ignition_bringup/urdf_drone/meshes/propeller_fr.dae
[1.052s] -- Up-to-date symlink: /home/student/git/FIREWARDENBOT/World/WorldWithDrone/install/41068_ignition_bringup/share/41068_ignition_bringup/urdf_drone/meshes/propeller_rl.dae
[1.052s] -- Up-to-date symlink: /home/student/git/FIREWARDENBOT/World/WorldWithDrone/install/41068_ignition_bringup/share/41068_ignition_bringup/urdf_drone/meshes/propeller_rr.dae
[1.052s] -- Up-to-date symlink: /home/student/git/FIREWARDENBOT/World/WorldWithDrone/install/41068_ignition_bringup/share/41068_ignition_bringup/urdf_drone/model.config
[1.052s] -- Up-to-date symlink: /home/student/git/FIREWARDENBOT/World/WorldWithDrone/install/41068_ignition_bringup/share/41068_ignition_bringup/urdf_drone/model.sdf
[1.052s] -- Up-to-date symlink: /home/student/git/FIREWARDENBOT/World/WorldWithDrone/install/41068_ignition_bringup/share/41068_ignition_bringup/urdf_drone/parrot.gazebo.xacro
[1.052s] -- Up-to-date symlink: /home/student/git/FIREWARDENBOT/World/WorldWithDrone/install/41068_ignition_bringup/share/41068_ignition_bringup/urdf_drone/parrot.urdf.xacro
[1.053s] -- Up-to-date symlink: /home/student/git/FIREWARDENBOT/World/WorldWithDrone/install/41068_ignition_bringup/share/41068_ignition_bringup/urdf_drone/thumbnails/1.png
[1.053s] -- Up-to-date symlink: /home/student/git/FIREWARDENBOT/World/WorldWithDrone/install/41068_ignition_bringup/share/41068_ignition_bringup/urdf_drone/thumbnails/2.png
[1.053s] -- Up-to-date symlink: /home/student/git/FIREWARDENBOT/World/WorldWithDrone/install/41068_ignition_bringup/share/41068_ignition_bringup/urdf_drone/thumbnails/3.png
[1.053s] -- Up-to-date symlink: /home/student/git/FIREWARDENBOT/World/WorldWithDrone/install/41068_ignition_bringup/share/41068_ignition_bringup/urdf_drone/thumbnails/4.png
[1.053s] -- Up-to-date symlink: /home/student/git/FIREWARDENBOT/World/WorldWithDrone/install/41068_ignition_bringup/share/41068_ignition_bringup/urdf_drone/thumbnails/5.png
[1.054s] -- Up-to-date symlink: /home/student/git/FIREWARDENBOT/World/WorldWithDrone/install/41068_ignition_bringup/share/ament_index/resource_index/package_run_dependencies/41068_ignition_bringup
[1.054s] -- Up-to-date symlink: /home/student/git/FIREWARDENBOT/World/WorldWithDrone/install/41068_ignition_bringup/share/ament_index/resource_index/parent_prefix_path/41068_ignition_bringup
[1.054s] -- Up-to-date symlink: /home/student/git/FIREWARDENBOT/World/WorldWithDrone/install/41068_ignition_bringup/share/41068_ignition_bringup/environment/ament_prefix_path.sh
[1.054s] -- Up-to-date symlink: /home/student/git/FIREWARDENBOT/World/WorldWithDrone/install/41068_ignition_bringup/share/41068_ignition_bringup/environment/ament_prefix_path.dsv
[1.054s] -- Up-to-date symlink: /home/student/git/FIREWARDENBOT/World/WorldWithDrone/install/41068_ignition_bringup/share/41068_ignition_bringup/environment/path.sh
[1.054s] -- Up-to-date symlink: /home/student/git/FIREWARDENBOT/World/WorldWithDrone/install/41068_ignition_bringup/share/41068_ignition_bringup/environment/path.dsv
[1.055s] -- Up-to-date symlink: /home/student/git/FIREWARDENBOT/World/WorldWithDrone/install/41068_ignition_bringup/share/41068_ignition_bringup/local_setup.bash
[1.055s] -- Up-to-date symlink: /home/student/git/FIREWARDENBOT/World/WorldWithDrone/install/41068_ignition_bringup/share/41068_ignition_bringup/local_setup.sh
[1.055s] -- Up-to-date symlink: /home/student/git/FIREWARDENBOT/World/WorldWithDrone/install/41068_ignition_bringup/share/41068_ignition_bringup/local_setup.zsh
[1.055s] -- Up-to-date symlink: /home/student/git/FIREWARDENBOT/World/WorldWithDrone/install/41068_ignition_bringup/share/41068_ignition_bringup/local_setup.dsv
[1.055s] -- Symlinking: /home/student/git/FIREWARDENBOT/World/WorldWithDrone/install/41068_ignition_bringup/share/41068_ignition_bringup/package.dsv
[1.066s] -- Up-to-date symlink: /home/student/git/FIREWARDENBOT/World/WorldWithDrone/install/41068_ignition_bringup/share/ament_index/resource_index/packages/41068_ignition_bringup
[1.066s] -- Up-to-date symlink: /home/student/git/FIREWARDENBOT/World/WorldWithDrone/install/41068_ignition_bringup/share/41068_ignition_bringup/cmake/41068_ignition_bringupConfig.cmake
[1.066s] -- Up-to-date symlink: /home/student/git/FIREWARDENBOT/World/WorldWithDrone/install/41068_ignition_bringup/share/41068_ignition_bringup/cmake/41068_ignition_bringupConfig-version.cmake
[1.067s] -- Up-to-date symlink: /home/student/git/FIREWARDENBOT/World/WorldWithDrone/install/41068_ignition_bringup/share/41068_ignition_bringup/package.xml
[1.069s] Invoked command in '/home/student/git/FIREWARDENBOT/World/WorldWithDrone/build/41068_ignition_bringup' returned '0': CMAKE_PREFIX_PATH=${CMAKE_PREFIX_PATH}:/opt/ros/humble /usr/bin/cmake --install /home/student/git/FIREWARDENBOT/World/WorldWithDrone/build/41068_ignition_bringup
