[35m[1mConsolidate compiler generated dependencies of target fast_foliage_detector[0m
[100%] Built target fast_foliage_detector
-- Install configuration: ""
-- Up-to-date: /home/student/git/FIREWARDENBOT/World/41068_ws/install/firewardenbot_vision/lib/firewardenbot_vision/foliage_hazard_node.py
-- Up-to-date: /home/student/git/FIREWARDENBOT/World/41068_ws/install/firewardenbot_vision/lib/firewardenbot_vision/object_detection_node.py
-- Up-to-date: /home/student/git/FIREWARDENBOT/World/41068_ws/install/firewardenbot_vision/lib/firewardenbot_vision/image_processing_node.py
-- Up-to-date: /home/student/git/FIREWARDENBOT/World/41068_ws/install/firewardenbot_vision/lib/firewardenbot_vision/stereo_vision_node.py
-- Up-to-date: /home/student/git/FIREWARDENBOT/World/41068_ws/install/firewardenbot_vision/lib/firewardenbot_vision/vision_aggregator.py
-- Up-to-date: /home/student/git/FIREWARDENBOT/World/41068_ws/install/firewardenbot_vision/lib/firewardenbot_vision/fast_foliage_detector
-- Up-to-date: /home/student/git/FIREWARDENBOT/World/41068_ws/install/firewardenbot_vision/share/firewardenbot_vision/launch
-- Up-to-date: /home/student/git/FIREWARDENBOT/World/41068_ws/install/firewardenbot_vision/share/firewardenbot_vision/launch/firewardenbot_with_vision.launch.py
-- Up-to-date: /home/student/git/FIREWARDENBOT/World/41068_ws/install/firewardenbot_vision/share/firewardenbot_vision/launch/vision_system.launch.py
-- Up-to-date: /home/student/git/FIREWARDENBOT/World/41068_ws/install/firewardenbot_vision/share/firewardenbot_vision/config
-- Up-to-date: /home/student/git/FIREWARDENBOT/World/41068_ws/install/firewardenbot_vision/share/firewardenbot_vision/config/vision_config.yaml
-- Up-to-date: /home/student/git/FIREWARDENBOT/World/41068_ws/install/firewardenbot_vision/share/ament_index/resource_index/package_run_dependencies/firewardenbot_vision
-- Up-to-date: /home/student/git/FIREWARDENBOT/World/41068_ws/install/firewardenbot_vision/share/ament_index/resource_index/parent_prefix_path/firewardenbot_vision
-- Up-to-date: /home/student/git/FIREWARDENBOT/World/41068_ws/install/firewardenbot_vision/share/firewardenbot_vision/environment/ament_prefix_path.sh
-- Up-to-date: /home/student/git/FIREWARDENBOT/World/41068_ws/install/firewardenbot_vision/share/firewardenbot_vision/environment/ament_prefix_path.dsv
-- Up-to-date: /home/student/git/FIREWARDENBOT/World/41068_ws/install/firewardenbot_vision/share/firewardenbot_vision/environment/path.sh
-- Up-to-date: /home/student/git/FIREWARDENBOT/World/41068_ws/install/firewardenbot_vision/share/firewardenbot_vision/environment/path.dsv
-- Up-to-date: /home/student/git/FIREWARDENBOT/World/41068_ws/install/firewardenbot_vision/share/firewardenbot_vision/local_setup.bash
-- Up-to-date: /home/student/git/FIREWARDENBOT/World/41068_ws/install/firewardenbot_vision/share/firewardenbot_vision/local_setup.sh
-- Up-to-date: /home/student/git/FIREWARDENBOT/World/41068_ws/install/firewardenbot_vision/share/firewardenbot_vision/local_setup.zsh
-- Up-to-date: /home/student/git/FIREWARDENBOT/World/41068_ws/install/firewardenbot_vision/share/firewardenbot_vision/local_setup.dsv
-- Installing: /home/student/git/FIREWARDENBOT/World/41068_ws/install/firewardenbot_vision/share/firewardenbot_vision/package.dsv
-- Up-to-date: /home/student/git/FIREWARDENBOT/World/41068_ws/install/firewardenbot_vision/share/ament_index/resource_index/packages/firewardenbot_vision
-- Up-to-date: /home/student/git/FIREWARDENBOT/World/41068_ws/install/firewardenbot_vision/share/firewardenbot_vision/cmake/firewardenbot_visionConfig.cmake
-- Up-to-date: /home/student/git/FIREWARDENBOT/World/41068_ws/install/firewardenbot_vision/share/firewardenbot_vision/cmake/firewardenbot_visionConfig-version.cmake
-- Up-to-date: /home/student/git/FIREWARDENBOT/World/41068_ws/install/firewardenbot_vision/share/firewardenbot_vision/package.xml
