[0.256s] DEBUG:colcon:Command line arguments: ['/usr/bin/colcon', 'build', '--symlink-install']
[0.256s] DEBUG:colcon:Parsed command line arguments: Namespace(log_base=None, log_level=None, verb_name='build', build_base='build', install_base='install', merge_install=False, symlink_install=True, test_result_base=None, continue_on_error=False, executor='parallel', parallel_workers=8, event_handlers=None, ignore_user_meta=False, metas=['./colcon.meta'], base_paths=['.'], packages_ignore=None, packages_ignore_regex=None, paths=None, packages_up_to=None, packages_up_to_regex=None, packages_above=None, packages_above_and_dependencies=None, packages_above_depth=None, packages_select_by_dep=None, packages_skip_by_dep=None, packages_skip_up_to=None, packages_select_build_failed=False, packages_skip_build_finished=False, packages_select_test_failures=False, packages_skip_test_passed=False, packages_select=None, packages_skip=None, packages_select_regex=None, packages_skip_regex=None, packages_start=None, packages_end=None, allow_overriding=[], cmake_args=None, cmake_target=None, cmake_target_skip_unavailable=False, cmake_clean_cache=False, cmake_clean_first=False, cmake_force_configure=False, ament_cmake_args=None, catkin_cmake_args=None, catkin_skip_building_tests=False, mixin_files=None, mixin=None, verb_parser=<colcon_mixin.mixin.mixin_argument.MixinArgumentDecorator object at 0x74062c26e0b0>, verb_extension=<colcon_core.verb.build.BuildVerb object at 0x74062c26d690>, main=<bound method BuildVerb.main of <colcon_core.verb.build.BuildVerb object at 0x74062c26d690>>, mixin_verb=('build',))
[0.775s] Level 1:colcon.colcon_core.package_discovery:discover_packages(colcon_meta) check parameters
[0.775s] Level 1:colcon.colcon_core.package_discovery:discover_packages(recursive) check parameters
[0.776s] Level 1:colcon.colcon_core.package_discovery:discover_packages(ignore) check parameters
[0.776s] Level 1:colcon.colcon_core.package_discovery:discover_packages(path) check parameters
[0.776s] Level 1:colcon.colcon_core.package_discovery:discover_packages(colcon_meta) discover
[0.777s] Level 1:colcon.colcon_core.package_discovery:discover_packages(recursive) discover
[0.777s] INFO:colcon.colcon_core.package_discovery:Crawling recursively for packages in '/home/student/git/FIREWARDENBOT/World'
[0.777s] Level 1:colcon.colcon_core.package_identification:_identify(.) by extensions ['ignore', 'ignore_ament_install']
[0.777s] Level 1:colcon.colcon_core.package_identification:_identify(.) by extension 'ignore'
[0.778s] Level 1:colcon.colcon_core.package_identification:_identify(.) by extension 'ignore_ament_install'
[0.778s] Level 1:colcon.colcon_core.package_identification:_identify(.) by extensions ['colcon_pkg']
[0.778s] Level 1:colcon.colcon_core.package_identification:_identify(.) by extension 'colcon_pkg'
[0.778s] Level 1:colcon.colcon_core.package_identification:_identify(.) by extensions ['colcon_meta']
[0.779s] Level 1:colcon.colcon_core.package_identification:_identify(.) by extension 'colcon_meta'
[0.779s] Level 1:colcon.colcon_core.package_identification:_identify(.) by extensions ['ros']
[0.779s] Level 1:colcon.colcon_core.package_identification:_identify(.) by extension 'ros'
[0.805s] Level 1:colcon.colcon_core.package_identification:_identify(.) by extensions ['cmake', 'python']
[0.806s] Level 1:colcon.colcon_core.package_identification:_identify(.) by extension 'cmake'
[0.806s] Level 1:colcon.colcon_core.package_identification:_identify(.) by extension 'python'
[0.806s] Level 1:colcon.colcon_core.package_identification:_identify(.) by extensions ['python_setup_py']
[0.806s] Level 1:colcon.colcon_core.package_identification:_identify(.) by extension 'python_setup_py'
[0.806s] Level 1:colcon.colcon_core.package_identification:_identify(41068_ws) by extensions ['ignore', 'ignore_ament_install']
[0.807s] Level 1:colcon.colcon_core.package_identification:_identify(41068_ws) by extension 'ignore'
[0.808s] Level 1:colcon.colcon_core.package_identification:_identify(41068_ws) by extension 'ignore_ament_install'
[0.808s] Level 1:colcon.colcon_core.package_identification:_identify(41068_ws) by extensions ['colcon_pkg']
[0.808s] Level 1:colcon.colcon_core.package_identification:_identify(41068_ws) by extension 'colcon_pkg'
[0.808s] Level 1:colcon.colcon_core.package_identification:_identify(41068_ws) by extensions ['colcon_meta']
[0.808s] Level 1:colcon.colcon_core.package_identification:_identify(41068_ws) by extension 'colcon_meta'
[0.808s] Level 1:colcon.colcon_core.package_identification:_identify(41068_ws) by extensions ['ros']
[0.808s] Level 1:colcon.colcon_core.package_identification:_identify(41068_ws) by extension 'ros'
[0.808s] Level 1:colcon.colcon_core.package_identification:_identify(41068_ws) by extensions ['cmake', 'python']
[0.808s] Level 1:colcon.colcon_core.package_identification:_identify(41068_ws) by extension 'cmake'
[0.809s] Level 1:colcon.colcon_core.package_identification:_identify(41068_ws) by extension 'python'
[0.809s] Level 1:colcon.colcon_core.package_identification:_identify(41068_ws) by extensions ['python_setup_py']
[0.809s] Level 1:colcon.colcon_core.package_identification:_identify(41068_ws) by extension 'python_setup_py'
[0.809s] Level 1:colcon.colcon_core.package_identification:_identify(41068_ws/build) by extensions ['ignore', 'ignore_ament_install']
[0.810s] Level 1:colcon.colcon_core.package_identification:_identify(41068_ws/build) by extension 'ignore'
[0.810s] Level 1:colcon.colcon_core.package_identification:_identify(41068_ws/build) ignored
[0.811s] Level 1:colcon.colcon_core.package_identification:_identify(41068_ws/install) by extensions ['ignore', 'ignore_ament_install']
[0.811s] Level 1:colcon.colcon_core.package_identification:_identify(41068_ws/install) by extension 'ignore'
[0.811s] Level 1:colcon.colcon_core.package_identification:_identify(41068_ws/install) ignored
[0.811s] Level 1:colcon.colcon_core.package_identification:_identify(41068_ws/log) by extensions ['ignore', 'ignore_ament_install']
[0.812s] Level 1:colcon.colcon_core.package_identification:_identify(41068_ws/log) by extension 'ignore'
[0.812s] Level 1:colcon.colcon_core.package_identification:_identify(41068_ws/log) ignored
[0.812s] Level 1:colcon.colcon_core.package_identification:_identify(41068_ws/src) by extensions ['ignore', 'ignore_ament_install']
[0.812s] Level 1:colcon.colcon_core.package_identification:_identify(41068_ws/src) by extension 'ignore'
[0.812s] Level 1:colcon.colcon_core.package_identification:_identify(41068_ws/src) by extension 'ignore_ament_install'
[0.813s] Level 1:colcon.colcon_core.package_identification:_identify(41068_ws/src) by extensions ['colcon_pkg']
[0.813s] Level 1:colcon.colcon_core.package_identification:_identify(41068_ws/src) by extension 'colcon_pkg'
[0.813s] Level 1:colcon.colcon_core.package_identification:_identify(41068_ws/src) by extensions ['colcon_meta']
[0.813s] Level 1:colcon.colcon_core.package_identification:_identify(41068_ws/src) by extension 'colcon_meta'
[0.813s] Level 1:colcon.colcon_core.package_identification:_identify(41068_ws/src) by extensions ['ros']
[0.813s] Level 1:colcon.colcon_core.package_identification:_identify(41068_ws/src) by extension 'ros'
[0.835s] DEBUG:colcon.colcon_core.package_identification:Package '41068_ws/src' with type 'ros.ament_cmake' and name '41068_ignition_bringup'
[0.836s] Level 1:colcon.colcon_core.package_identification:_identify(WorldWithDrone) by extensions ['ignore', 'ignore_ament_install']
[0.840s] Level 1:colcon.colcon_core.package_identification:_identify(WorldWithDrone) by extension 'ignore'
[0.841s] Level 1:colcon.colcon_core.package_identification:_identify(WorldWithDrone) by extension 'ignore_ament_install'
[0.841s] Level 1:colcon.colcon_core.package_identification:_identify(WorldWithDrone) by extensions ['colcon_pkg']
[0.841s] Level 1:colcon.colcon_core.package_identification:_identify(WorldWithDrone) by extension 'colcon_pkg'
[0.842s] Level 1:colcon.colcon_core.package_identification:_identify(WorldWithDrone) by extensions ['colcon_meta']
[0.842s] Level 1:colcon.colcon_core.package_identification:_identify(WorldWithDrone) by extension 'colcon_meta'
[0.842s] Level 1:colcon.colcon_core.package_identification:_identify(WorldWithDrone) by extensions ['ros']
[0.842s] Level 1:colcon.colcon_core.package_identification:_identify(WorldWithDrone) by extension 'ros'
[0.842s] Level 1:colcon.colcon_core.package_identification:_identify(WorldWithDrone) by extensions ['cmake', 'python']
[0.842s] Level 1:colcon.colcon_core.package_identification:_identify(WorldWithDrone) by extension 'cmake'
[0.842s] Level 1:colcon.colcon_core.package_identification:_identify(WorldWithDrone) by extension 'python'
[0.842s] Level 1:colcon.colcon_core.package_identification:_identify(WorldWithDrone) by extensions ['python_setup_py']
[0.842s] Level 1:colcon.colcon_core.package_identification:_identify(WorldWithDrone) by extension 'python_setup_py'
[0.843s] Level 1:colcon.colcon_core.package_identification:_identify(WorldWithDrone/build) by extensions ['ignore', 'ignore_ament_install']
[0.843s] Level 1:colcon.colcon_core.package_identification:_identify(WorldWithDrone/build) by extension 'ignore'
[0.843s] Level 1:colcon.colcon_core.package_identification:_identify(WorldWithDrone/build) ignored
[0.843s] Level 1:colcon.colcon_core.package_identification:_identify(WorldWithDrone/install) by extensions ['ignore', 'ignore_ament_install']
[0.843s] Level 1:colcon.colcon_core.package_identification:_identify(WorldWithDrone/install) by extension 'ignore'
[0.843s] Level 1:colcon.colcon_core.package_identification:_identify(WorldWithDrone/install) ignored
[0.844s] Level 1:colcon.colcon_core.package_identification:_identify(WorldWithDrone/log) by extensions ['ignore', 'ignore_ament_install']
[0.844s] Level 1:colcon.colcon_core.package_identification:_identify(WorldWithDrone/log) by extension 'ignore'
[0.845s] Level 1:colcon.colcon_core.package_identification:_identify(WorldWithDrone/log) ignored
[0.845s] Level 1:colcon.colcon_core.package_identification:_identify(WorldWithDrone/src) by extensions ['ignore', 'ignore_ament_install']
[0.845s] Level 1:colcon.colcon_core.package_identification:_identify(WorldWithDrone/src) by extension 'ignore'
[0.845s] Level 1:colcon.colcon_core.package_identification:_identify(WorldWithDrone/src) by extension 'ignore_ament_install'
[0.846s] Level 1:colcon.colcon_core.package_identification:_identify(WorldWithDrone/src) by extensions ['colcon_pkg']
[0.846s] Level 1:colcon.colcon_core.package_identification:_identify(WorldWithDrone/src) by extension 'colcon_pkg'
[0.846s] Level 1:colcon.colcon_core.package_identification:_identify(WorldWithDrone/src) by extensions ['colcon_meta']
[0.846s] Level 1:colcon.colcon_core.package_identification:_identify(WorldWithDrone/src) by extension 'colcon_meta'
[0.846s] Level 1:colcon.colcon_core.package_identification:_identify(WorldWithDrone/src) by extensions ['ros']
[0.846s] Level 1:colcon.colcon_core.package_identification:_identify(WorldWithDrone/src) by extension 'ros'
[0.852s] DEBUG:colcon.colcon_core.package_identification:Package 'WorldWithDrone/src' with type 'ros.ament_cmake' and name '41068_ignition_bringup'
[0.853s] Level 1:colcon.colcon_core.package_identification:_identify(build) by extensions ['ignore', 'ignore_ament_install']
[0.853s] Level 1:colcon.colcon_core.package_identification:_identify(build) by extension 'ignore'
[0.853s] Level 1:colcon.colcon_core.package_identification:_identify(build) ignored
[0.853s] Level 1:colcon.colcon_core.package_identification:_identify(install) by extensions ['ignore', 'ignore_ament_install']
[0.853s] Level 1:colcon.colcon_core.package_identification:_identify(install) by extension 'ignore'
[0.853s] Level 1:colcon.colcon_core.package_identification:_identify(install) ignored
[0.853s] Level 1:colcon.colcon_core.package_identification:_identify(log) by extensions ['ignore', 'ignore_ament_install']
[0.854s] Level 1:colcon.colcon_core.package_identification:_identify(log) by extension 'ignore'
[0.854s] Level 1:colcon.colcon_core.package_identification:_identify(log) ignored
[0.854s] Level 1:colcon.colcon_core.package_discovery:discover_packages(recursive) using defaults
[0.854s] Level 1:colcon.colcon_core.package_discovery:discover_packages(ignore) discover
[0.854s] Level 1:colcon.colcon_core.package_discovery:discover_packages(ignore) using defaults
[0.854s] Level 1:colcon.colcon_core.package_discovery:discover_packages(path) discover
[0.854s] Level 1:colcon.colcon_core.package_discovery:discover_packages(path) using defaults
[0.958s] Level 1:colcon.colcon_core.package_discovery:discover_packages(prefix_path) check parameters
[0.958s] Level 1:colcon.colcon_core.package_discovery:discover_packages(prefix_path) discover
[0.961s] DEBUG:colcon.colcon_installed_package_information.package_discovery:Found 4 installed packages in /home/student/ros2_ws/install
[0.964s] DEBUG:colcon.colcon_installed_package_information.package_discovery:Found 453 installed packages in /opt/ros/humble
[0.968s] Level 1:colcon.colcon_core.package_discovery:discover_packages(prefix_path) using defaults
[1.099s] ERROR:colcon:colcon build: Duplicate package names not supported:
- 41068_ignition_bringup:
  - 41068_ws/src
  - WorldWithDrone/src
