[0.034s] Invoking command in '/home/student/git/FIREWARDENBOT/World/41068_ws/build/41068_ignition_bringup': CMAKE_PREFIX_PATH=/opt/ros/humble /usr/bin/cmake --build /home/student/git/FIREWARDENBOT/World/41068_ws/build/41068_ignition_bringup -- -j8 -l8
[0.141s] Invoked command in '/home/student/git/FIREWARDENBOT/World/41068_ws/build/41068_ignition_bringup' returned '0': CMAKE_PREFIX_PATH=/opt/ros/humble /usr/bin/cmake --build /home/student/git/FIREWARDENBOT/World/41068_ws/build/41068_ignition_bringup -- -j8 -l8
[0.161s] Invoking command in '/home/student/git/FIREWARDENBOT/World/41068_ws/build/41068_ignition_bringup': CMAKE_PREFIX_PATH=/opt/ros/humble /usr/bin/cmake --install /home/student/git/FIREWARDENBOT/World/41068_ws/build/41068_ignition_bringup
[0.179s] -- Install configuration: ""
[0.180s] -- Up-to-date: /home/student/git/FIREWARDENBOT/World/41068_ws/install/41068_ignition_bringup/share/41068_ignition_bringup/config
[0.181s] -- Up-to-date: /home/student/git/FIREWARDENBOT/World/41068_ws/install/41068_ignition_bringup/share/41068_ignition_bringup/config/gazebo_bridge.yaml
[0.183s] -- Up-to-date: /home/student/git/FIREWARDENBOT/World/41068_ws/install/41068_ignition_bringup/share/41068_ignition_bringup/config/slam_params.yaml
[0.184s] -- Up-to-date: /home/student/git/FIREWARDENBOT/World/41068_ws/install/41068_ignition_bringup/share/41068_ignition_bringup/config/nav2_params.yaml
[0.185s] -- Up-to-date: /home/student/git/FIREWARDENBOT/World/41068_ws/install/41068_ignition_bringup/share/41068_ignition_bringup/config/robot_localization.yaml
[0.187s] -- Up-to-date: /home/student/git/FIREWARDENBOT/World/41068_ws/install/41068_ignition_bringup/share/41068_ignition_bringup/config/41068.rviz
[0.187s] -- Up-to-date: /home/student/git/FIREWARDENBOT/World/41068_ws/install/41068_ignition_bringup/share/41068_ignition_bringup/launch
[0.187s] -- Up-to-date: /home/student/git/FIREWARDENBOT/World/41068_ws/install/41068_ignition_bringup/share/41068_ignition_bringup/launch/41068_navigation.launch.py
[0.190s] -- Up-to-date: /home/student/git/FIREWARDENBOT/World/41068_ws/install/41068_ignition_bringup/share/41068_ignition_bringup/launch/41068_ignition.launch.py
[0.191s] -- Up-to-date: /home/student/git/FIREWARDENBOT/World/41068_ws/install/41068_ignition_bringup/share/41068_ignition_bringup/models
[0.191s] -- Up-to-date: /home/student/git/FIREWARDENBOT/World/41068_ws/install/41068_ignition_bringup/share/41068_ignition_bringup/models/grass_plane
[0.191s] -- Up-to-date: /home/student/git/FIREWARDENBOT/World/41068_ws/install/41068_ignition_bringup/share/41068_ignition_bringup/models/grass_plane/model.config
[0.191s] -- Up-to-date: /home/student/git/FIREWARDENBOT/World/41068_ws/install/41068_ignition_bringup/share/41068_ignition_bringup/models/grass_plane/model.sdf
[0.191s] -- Up-to-date: /home/student/git/FIREWARDENBOT/World/41068_ws/install/41068_ignition_bringup/share/41068_ignition_bringup/models/grass_plane/materials
[0.192s] -- Up-to-date: /home/student/git/FIREWARDENBOT/World/41068_ws/install/41068_ignition_bringup/share/41068_ignition_bringup/models/grass_plane/materials/textures
[0.192s] -- Up-to-date: /home/student/git/FIREWARDENBOT/World/41068_ws/install/41068_ignition_bringup/share/41068_ignition_bringup/models/grass_plane/materials/textures/empty_grass.png
[0.192s] -- Up-to-date: /home/student/git/FIREWARDENBOT/World/41068_ws/install/41068_ignition_bringup/share/41068_ignition_bringup/models/forest_plane
[0.192s] -- Up-to-date: /home/student/git/FIREWARDENBOT/World/41068_ws/install/41068_ignition_bringup/share/41068_ignition_bringup/models/forest_plane/model.config
[0.196s] -- Up-to-date: /home/student/git/FIREWARDENBOT/World/41068_ws/install/41068_ignition_bringup/share/41068_ignition_bringup/models/forest_plane/model.sdf
[0.197s] -- Up-to-date: /home/student/git/FIREWARDENBOT/World/41068_ws/install/41068_ignition_bringup/share/41068_ignition_bringup/models/forest_plane/materials
[0.197s] -- Up-to-date: /home/student/git/FIREWARDENBOT/World/41068_ws/install/41068_ignition_bringup/share/41068_ignition_bringup/models/forest_plane/materials/textures
[0.198s] -- Up-to-date: /home/student/git/FIREWARDENBOT/World/41068_ws/install/41068_ignition_bringup/share/41068_ignition_bringup/models/forest_plane/materials/textures/forest_overhead.png
[0.198s] -- Up-to-date: /home/student/git/FIREWARDENBOT/World/41068_ws/install/41068_ignition_bringup/share/41068_ignition_bringup/models/forest_plane/materials/textures/empty_grass.png
[0.198s] -- Up-to-date: /home/student/git/FIREWARDENBOT/World/41068_ws/install/41068_ignition_bringup/share/41068_ignition_bringup/models/forest_plane/materials/textures/leaf_litter.png
[0.198s] -- Up-to-date: /home/student/git/FIREWARDENBOT/World/41068_ws/install/41068_ignition_bringup/share/41068_ignition_bringup/models/forest_wall
[0.198s] -- Up-to-date: /home/student/git/FIREWARDENBOT/World/41068_ws/install/41068_ignition_bringup/share/41068_ignition_bringup/models/forest_wall/model.config
[0.199s] -- Up-to-date: /home/student/git/FIREWARDENBOT/World/41068_ws/install/41068_ignition_bringup/share/41068_ignition_bringup/models/forest_wall/model.sdf
[0.199s] -- Up-to-date: /home/student/git/FIREWARDENBOT/World/41068_ws/install/41068_ignition_bringup/share/41068_ignition_bringup/models/forest_wall/materials
[0.199s] -- Up-to-date: /home/student/git/FIREWARDENBOT/World/41068_ws/install/41068_ignition_bringup/share/41068_ignition_bringup/models/forest_wall/materials/textures
[0.199s] -- Up-to-date: /home/student/git/FIREWARDENBOT/World/41068_ws/install/41068_ignition_bringup/share/41068_ignition_bringup/models/forest_wall/materials/textures/forest_wall_transparent.png
[0.199s] -- Up-to-date: /home/student/git/FIREWARDENBOT/World/41068_ws/install/41068_ignition_bringup/share/41068_ignition_bringup/models/forest_wall/materials/textures/forest_wall_transparent_small.png
[0.199s] -- Up-to-date: /home/student/git/FIREWARDENBOT/World/41068_ws/install/41068_ignition_bringup/share/41068_ignition_bringup/models/forest_wall/materials/textures/forest_wall.png
[0.199s] -- Installing: /home/student/git/FIREWARDENBOT/World/41068_ws/install/41068_ignition_bringup/share/41068_ignition_bringup/models/autumn_leaves
[0.199s] -- Installing: /home/student/git/FIREWARDENBOT/World/41068_ws/install/41068_ignition_bringup/share/41068_ignition_bringup/models/autumn_leaves/model.config
[0.200s] -- Installing: /home/student/git/FIREWARDENBOT/World/41068_ws/install/41068_ignition_bringup/share/41068_ignition_bringup/models/autumn_leaves/model.sdf
[0.200s] -- Up-to-date: /home/student/git/FIREWARDENBOT/World/41068_ws/install/41068_ignition_bringup/share/41068_ignition_bringup/urdf
[0.202s] -- Up-to-date: /home/student/git/FIREWARDENBOT/World/41068_ws/install/41068_ignition_bringup/share/41068_ignition_bringup/urdf/common_properties.urdf.xacro
[0.202s] -- Up-to-date: /home/student/git/FIREWARDENBOT/World/41068_ws/install/41068_ignition_bringup/share/41068_ignition_bringup/urdf/meshes
[0.203s] -- Up-to-date: /home/student/git/FIREWARDENBOT/World/41068_ws/install/41068_ignition_bringup/share/41068_ignition_bringup/urdf/meshes/top_plate.dae
[0.203s] -- Up-to-date: /home/student/git/FIREWARDENBOT/World/41068_ws/install/41068_ignition_bringup/share/41068_ignition_bringup/urdf/meshes/bumper.dae
[0.203s] -- Up-to-date: /home/student/git/FIREWARDENBOT/World/41068_ws/install/41068_ignition_bringup/share/41068_ignition_bringup/urdf/meshes/base_link.dae
[0.205s] -- Up-to-date: /home/student/git/FIREWARDENBOT/World/41068_ws/install/41068_ignition_bringup/share/41068_ignition_bringup/urdf/meshes/jpl04_arch_nosensor.stl
[0.205s] -- Up-to-date: /home/student/git/FIREWARDENBOT/World/41068_ws/install/41068_ignition_bringup/share/41068_ignition_bringup/urdf/meshes/top_chassis.dae
[0.205s] -- Up-to-date: /home/student/git/FIREWARDENBOT/World/41068_ws/install/41068_ignition_bringup/share/41068_ignition_bringup/urdf/meshes/wheel.dae
[0.206s] -- Up-to-date: /home/student/git/FIREWARDENBOT/World/41068_ws/install/41068_ignition_bringup/share/41068_ignition_bringup/urdf/camera_sensors.urdf.xacro
[0.206s] -- Up-to-date: /home/student/git/FIREWARDENBOT/World/41068_ws/install/41068_ignition_bringup/share/41068_ignition_bringup/urdf/wheel.urdf.xacro
[0.206s] -- Up-to-date: /home/student/git/FIREWARDENBOT/World/41068_ws/install/41068_ignition_bringup/share/41068_ignition_bringup/urdf/husky.urdf.xacro
[0.206s] -- Up-to-date: /home/student/git/FIREWARDENBOT/World/41068_ws/install/41068_ignition_bringup/share/41068_ignition_bringup/urdf/husky.gazebo.xacro
[0.206s] -- Up-to-date: /home/student/git/FIREWARDENBOT/World/41068_ws/install/41068_ignition_bringup/share/41068_ignition_bringup/worlds
[0.206s] -- Up-to-date: /home/student/git/FIREWARDENBOT/World/41068_ws/install/41068_ignition_bringup/share/41068_ignition_bringup/worlds/simple_trees.sdf
[0.207s] -- Up-to-date: /home/student/git/FIREWARDENBOT/World/41068_ws/install/41068_ignition_bringup/share/41068_ignition_bringup/worlds/open_meadows.sdf
[0.207s] -- Installing: /home/student/git/FIREWARDENBOT/World/41068_ws/install/41068_ignition_bringup/share/41068_ignition_bringup/worlds/mixed_terrain.sdf
[0.207s] -- Up-to-date: /home/student/git/FIREWARDENBOT/World/41068_ws/install/41068_ignition_bringup/share/41068_ignition_bringup/worlds/sparse_forest.sdf
[0.208s] -- Up-to-date: /home/student/git/FIREWARDENBOT/World/41068_ws/install/41068_ignition_bringup/share/41068_ignition_bringup/worlds/obstacle_course.sdf
[0.208s] -- Up-to-date: /home/student/git/FIREWARDENBOT/World/41068_ws/install/41068_ignition_bringup/share/41068_ignition_bringup/worlds/dense_forest.sdf
[0.208s] -- Up-to-date: /home/student/git/FIREWARDENBOT/World/41068_ws/install/41068_ignition_bringup/share/41068_ignition_bringup/worlds/large_demo.sdf
[0.209s] -- Up-to-date: /home/student/git/FIREWARDENBOT/World/41068_ws/install/41068_ignition_bringup/share/ament_index/resource_index/package_run_dependencies/41068_ignition_bringup
[0.209s] -- Up-to-date: /home/student/git/FIREWARDENBOT/World/41068_ws/install/41068_ignition_bringup/share/ament_index/resource_index/parent_prefix_path/41068_ignition_bringup
[0.209s] -- Up-to-date: /home/student/git/FIREWARDENBOT/World/41068_ws/install/41068_ignition_bringup/share/41068_ignition_bringup/environment/ament_prefix_path.sh
[0.209s] -- Up-to-date: /home/student/git/FIREWARDENBOT/World/41068_ws/install/41068_ignition_bringup/share/41068_ignition_bringup/environment/ament_prefix_path.dsv
[0.209s] -- Up-to-date: /home/student/git/FIREWARDENBOT/World/41068_ws/install/41068_ignition_bringup/share/41068_ignition_bringup/environment/path.sh
[0.209s] -- Up-to-date: /home/student/git/FIREWARDENBOT/World/41068_ws/install/41068_ignition_bringup/share/41068_ignition_bringup/environment/path.dsv
[0.209s] -- Up-to-date: /home/student/git/FIREWARDENBOT/World/41068_ws/install/41068_ignition_bringup/share/41068_ignition_bringup/local_setup.bash
[0.209s] -- Up-to-date: /home/student/git/FIREWARDENBOT/World/41068_ws/install/41068_ignition_bringup/share/41068_ignition_bringup/local_setup.sh
[0.210s] -- Up-to-date: /home/student/git/FIREWARDENBOT/World/41068_ws/install/41068_ignition_bringup/share/41068_ignition_bringup/local_setup.zsh
[0.210s] -- Up-to-date: /home/student/git/FIREWARDENBOT/World/41068_ws/install/41068_ignition_bringup/share/41068_ignition_bringup/local_setup.dsv
[0.210s] -- Installing: /home/student/git/FIREWARDENBOT/World/41068_ws/install/41068_ignition_bringup/share/41068_ignition_bringup/package.dsv
[0.210s] -- Up-to-date: /home/student/git/FIREWARDENBOT/World/41068_ws/install/41068_ignition_bringup/share/ament_index/resource_index/packages/41068_ignition_bringup
[0.210s] -- Up-to-date: /home/student/git/FIREWARDENBOT/World/41068_ws/install/41068_ignition_bringup/share/41068_ignition_bringup/cmake/41068_ignition_bringupConfig.cmake
[0.210s] -- Up-to-date: /home/student/git/FIREWARDENBOT/World/41068_ws/install/41068_ignition_bringup/share/41068_ignition_bringup/cmake/41068_ignition_bringupConfig-version.cmake
[0.210s] -- Up-to-date: /home/student/git/FIREWARDENBOT/World/41068_ws/install/41068_ignition_bringup/share/41068_ignition_bringup/package.xml
[0.212s] Invoked command in '/home/student/git/FIREWARDENBOT/World/41068_ws/build/41068_ignition_bringup' returned '0': CMAKE_PREFIX_PATH=/opt/ros/humble /usr/bin/cmake --install /home/student/git/FIREWARDENBOT/World/41068_ws/build/41068_ignition_bringup
