[0.081s] Invoking command in '/home/student/git/FIREWARDENBOT/World/41068_ws/build/41068_ignition_bringup': CMAKE_PREFIX_PATH=/opt/ros/humble /usr/bin/cmake --build /home/student/git/FIREWARDENBOT/World/41068_ws/build/41068_ignition_bringup -- -j8 -l8
[0.243s] Invoked command in '/home/student/git/FIREWARDENBOT/World/41068_ws/build/41068_ignition_bringup' returned '0': CMAKE_PREFIX_PATH=/opt/ros/humble /usr/bin/cmake --build /home/student/git/FIREWARDENBOT/World/41068_ws/build/41068_ignition_bringup -- -j8 -l8
[0.279s] Invoking command in '/home/student/git/FIREWARDENBOT/World/41068_ws/build/41068_ignition_bringup': CMAKE_PREFIX_PATH=/opt/ros/humble /usr/bin/cmake --install /home/student/git/FIREWARDENBOT/World/41068_ws/build/41068_ignition_bringup
[0.310s] -- Install configuration: ""
[0.310s] -- Up-to-date: /home/student/git/FIREWARDENBOT/World/41068_ws/install/41068_ignition_bringup/share/41068_ignition_bringup/config
[0.310s] -- Up-to-date: /home/student/git/FIREWARDENBOT/World/41068_ws/install/41068_ignition_bringup/share/41068_ignition_bringup/config/gazebo_bridge.yaml
[0.310s] -- Up-to-date: /home/student/git/FIREWARDENBOT/World/41068_ws/install/41068_ignition_bringup/share/41068_ignition_bringup/config/slam_params.yaml
[0.314s] -- Up-to-date: /home/student/git/FIREWARDENBOT/World/41068_ws/install/41068_ignition_bringup/share/41068_ignition_bringup/config/nav2_params.yaml
[0.314s] -- Up-to-date: /home/student/git/FIREWARDENBOT/World/41068_ws/install/41068_ignition_bringup/share/41068_ignition_bringup/config/robot_localization.yaml
[0.314s] -- Up-to-date: /home/student/git/FIREWARDENBOT/World/41068_ws/install/41068_ignition_bringup/share/41068_ignition_bringup/config/41068.rviz
[0.314s] -- Up-to-date: /home/student/git/FIREWARDENBOT/World/41068_ws/install/41068_ignition_bringup/share/41068_ignition_bringup/launch
[0.314s] -- Up-to-date: /home/student/git/FIREWARDENBOT/World/41068_ws/install/41068_ignition_bringup/share/41068_ignition_bringup/launch/41068_navigation.launch.py
[0.315s] -- Up-to-date: /home/student/git/FIREWARDENBOT/World/41068_ws/install/41068_ignition_bringup/share/41068_ignition_bringup/launch/41068_ignition.launch.py
[0.315s] -- Up-to-date: /home/student/git/FIREWARDENBOT/World/41068_ws/install/41068_ignition_bringup/share/41068_ignition_bringup/models
[0.315s] -- Up-to-date: /home/student/git/FIREWARDENBOT/World/41068_ws/install/41068_ignition_bringup/share/41068_ignition_bringup/models/grass_plane
[0.315s] -- Up-to-date: /home/student/git/FIREWARDENBOT/World/41068_ws/install/41068_ignition_bringup/share/41068_ignition_bringup/models/grass_plane/model.config
[0.315s] -- Up-to-date: /home/student/git/FIREWARDENBOT/World/41068_ws/install/41068_ignition_bringup/share/41068_ignition_bringup/models/grass_plane/model.sdf
[0.315s] -- Up-to-date: /home/student/git/FIREWARDENBOT/World/41068_ws/install/41068_ignition_bringup/share/41068_ignition_bringup/models/grass_plane/materials
[0.316s] -- Up-to-date: /home/student/git/FIREWARDENBOT/World/41068_ws/install/41068_ignition_bringup/share/41068_ignition_bringup/models/grass_plane/materials/textures
[0.316s] -- Up-to-date: /home/student/git/FIREWARDENBOT/World/41068_ws/install/41068_ignition_bringup/share/41068_ignition_bringup/models/grass_plane/materials/textures/empty_grass.png
[0.316s] -- Up-to-date: /home/student/git/FIREWARDENBOT/World/41068_ws/install/41068_ignition_bringup/share/41068_ignition_bringup/models/forest_plane
[0.316s] -- Up-to-date: /home/student/git/FIREWARDENBOT/World/41068_ws/install/41068_ignition_bringup/share/41068_ignition_bringup/models/forest_plane/model.config
[0.317s] -- Up-to-date: /home/student/git/FIREWARDENBOT/World/41068_ws/install/41068_ignition_bringup/share/41068_ignition_bringup/models/forest_plane/model.sdf
[0.317s] -- Up-to-date: /home/student/git/FIREWARDENBOT/World/41068_ws/install/41068_ignition_bringup/share/41068_ignition_bringup/models/forest_plane/materials
[0.317s] -- Up-to-date: /home/student/git/FIREWARDENBOT/World/41068_ws/install/41068_ignition_bringup/share/41068_ignition_bringup/models/forest_plane/materials/textures
[0.317s] -- Up-to-date: /home/student/git/FIREWARDENBOT/World/41068_ws/install/41068_ignition_bringup/share/41068_ignition_bringup/models/forest_plane/materials/textures/forest_overhead.png
[0.317s] -- Up-to-date: /home/student/git/FIREWARDENBOT/World/41068_ws/install/41068_ignition_bringup/share/41068_ignition_bringup/models/forest_plane/materials/textures/empty_grass.png
[0.318s] -- Up-to-date: /home/student/git/FIREWARDENBOT/World/41068_ws/install/41068_ignition_bringup/share/41068_ignition_bringup/models/forest_plane/materials/textures/leaf_litter.png
[0.318s] -- Up-to-date: /home/student/git/FIREWARDENBOT/World/41068_ws/install/41068_ignition_bringup/share/41068_ignition_bringup/models/forest_wall
[0.318s] -- Up-to-date: /home/student/git/FIREWARDENBOT/World/41068_ws/install/41068_ignition_bringup/share/41068_ignition_bringup/models/forest_wall/model.config
[0.318s] -- Up-to-date: /home/student/git/FIREWARDENBOT/World/41068_ws/install/41068_ignition_bringup/share/41068_ignition_bringup/models/forest_wall/model.sdf
[0.318s] -- Up-to-date: /home/student/git/FIREWARDENBOT/World/41068_ws/install/41068_ignition_bringup/share/41068_ignition_bringup/models/forest_wall/materials
[0.318s] -- Up-to-date: /home/student/git/FIREWARDENBOT/World/41068_ws/install/41068_ignition_bringup/share/41068_ignition_bringup/models/forest_wall/materials/textures
[0.324s] -- Up-to-date: /home/student/git/FIREWARDENBOT/World/41068_ws/install/41068_ignition_bringup/share/41068_ignition_bringup/models/forest_wall/materials/textures/forest_wall_transparent.png
[0.324s] -- Up-to-date: /home/student/git/FIREWARDENBOT/World/41068_ws/install/41068_ignition_bringup/share/41068_ignition_bringup/models/forest_wall/materials/textures/forest_wall_transparent_small.png
[0.324s] -- Up-to-date: /home/student/git/FIREWARDENBOT/World/41068_ws/install/41068_ignition_bringup/share/41068_ignition_bringup/models/forest_wall/materials/textures/forest_wall.png
[0.325s] -- Up-to-date: /home/student/git/FIREWARDENBOT/World/41068_ws/install/41068_ignition_bringup/share/41068_ignition_bringup/urdf
[0.325s] -- Up-to-date: /home/student/git/FIREWARDENBOT/World/41068_ws/install/41068_ignition_bringup/share/41068_ignition_bringup/urdf/common_properties.urdf.xacro
[0.325s] -- Up-to-date: /home/student/git/FIREWARDENBOT/World/41068_ws/install/41068_ignition_bringup/share/41068_ignition_bringup/urdf/meshes
[0.325s] -- Up-to-date: /home/student/git/FIREWARDENBOT/World/41068_ws/install/41068_ignition_bringup/share/41068_ignition_bringup/urdf/meshes/top_plate.dae
[0.325s] -- Up-to-date: /home/student/git/FIREWARDENBOT/World/41068_ws/install/41068_ignition_bringup/share/41068_ignition_bringup/urdf/meshes/bumper.dae
[0.325s] -- Up-to-date: /home/student/git/FIREWARDENBOT/World/41068_ws/install/41068_ignition_bringup/share/41068_ignition_bringup/urdf/meshes/base_link.dae
[0.325s] -- Up-to-date: /home/student/git/FIREWARDENBOT/World/41068_ws/install/41068_ignition_bringup/share/41068_ignition_bringup/urdf/meshes/jpl04_arch_nosensor.stl
[0.326s] -- Up-to-date: /home/student/git/FIREWARDENBOT/World/41068_ws/install/41068_ignition_bringup/share/41068_ignition_bringup/urdf/meshes/top_chassis.dae
[0.326s] -- Up-to-date: /home/student/git/FIREWARDENBOT/World/41068_ws/install/41068_ignition_bringup/share/41068_ignition_bringup/urdf/meshes/wheel.dae
[0.326s] -- Up-to-date: /home/student/git/FIREWARDENBOT/World/41068_ws/install/41068_ignition_bringup/share/41068_ignition_bringup/urdf/camera_sensors.urdf.xacro
[0.326s] -- Up-to-date: /home/student/git/FIREWARDENBOT/World/41068_ws/install/41068_ignition_bringup/share/41068_ignition_bringup/urdf/wheel.urdf.xacro
[0.332s] -- Up-to-date: /home/student/git/FIREWARDENBOT/World/41068_ws/install/41068_ignition_bringup/share/41068_ignition_bringup/urdf/husky.urdf.xacro
[0.332s] -- Up-to-date: /home/student/git/FIREWARDENBOT/World/41068_ws/install/41068_ignition_bringup/share/41068_ignition_bringup/urdf/husky.gazebo.xacro
[0.332s] -- Up-to-date: /home/student/git/FIREWARDENBOT/World/41068_ws/install/41068_ignition_bringup/share/41068_ignition_bringup/worlds
[0.333s] -- Up-to-date: /home/student/git/FIREWARDENBOT/World/41068_ws/install/41068_ignition_bringup/share/41068_ignition_bringup/worlds/simple_trees.sdf
[0.333s] -- Up-to-date: /home/student/git/FIREWARDENBOT/World/41068_ws/install/41068_ignition_bringup/share/41068_ignition_bringup/worlds/open_meadows.sdf
[0.333s] -- Up-to-date: /home/student/git/FIREWARDENBOT/World/41068_ws/install/41068_ignition_bringup/share/41068_ignition_bringup/worlds/mixed_terrain.sdf
[0.333s] -- Up-to-date: /home/student/git/FIREWARDENBOT/World/41068_ws/install/41068_ignition_bringup/share/41068_ignition_bringup/worlds/sparse_forest.sdf
[0.333s] -- Up-to-date: /home/student/git/FIREWARDENBOT/World/41068_ws/install/41068_ignition_bringup/share/41068_ignition_bringup/worlds/obstacle_course.sdf
[0.333s] -- Up-to-date: /home/student/git/FIREWARDENBOT/World/41068_ws/install/41068_ignition_bringup/share/41068_ignition_bringup/worlds/dense_forest.sdf
[0.333s] -- Up-to-date: /home/student/git/FIREWARDENBOT/World/41068_ws/install/41068_ignition_bringup/share/41068_ignition_bringup/worlds/large_demo.sdf
[0.334s] -- Up-to-date: /home/student/git/FIREWARDENBOT/World/41068_ws/install/41068_ignition_bringup/share/ament_index/resource_index/package_run_dependencies/41068_ignition_bringup
[0.334s] -- Up-to-date: /home/student/git/FIREWARDENBOT/World/41068_ws/install/41068_ignition_bringup/share/ament_index/resource_index/parent_prefix_path/41068_ignition_bringup
[0.334s] -- Up-to-date: /home/student/git/FIREWARDENBOT/World/41068_ws/install/41068_ignition_bringup/share/41068_ignition_bringup/environment/ament_prefix_path.sh
[0.334s] -- Up-to-date: /home/student/git/FIREWARDENBOT/World/41068_ws/install/41068_ignition_bringup/share/41068_ignition_bringup/environment/ament_prefix_path.dsv
[0.334s] -- Up-to-date: /home/student/git/FIREWARDENBOT/World/41068_ws/install/41068_ignition_bringup/share/41068_ignition_bringup/environment/path.sh
[0.335s] -- Up-to-date: /home/student/git/FIREWARDENBOT/World/41068_ws/install/41068_ignition_bringup/share/41068_ignition_bringup/environment/path.dsv
[0.335s] -- Up-to-date: /home/student/git/FIREWARDENBOT/World/41068_ws/install/41068_ignition_bringup/share/41068_ignition_bringup/local_setup.bash
[0.335s] -- Up-to-date: /home/student/git/FIREWARDENBOT/World/41068_ws/install/41068_ignition_bringup/share/41068_ignition_bringup/local_setup.sh
[0.336s] -- Up-to-date: /home/student/git/FIREWARDENBOT/World/41068_ws/install/41068_ignition_bringup/share/41068_ignition_bringup/local_setup.zsh
[0.336s] -- Up-to-date: /home/student/git/FIREWARDENBOT/World/41068_ws/install/41068_ignition_bringup/share/41068_ignition_bringup/local_setup.dsv
[0.336s] -- Installing: /home/student/git/FIREWARDENBOT/World/41068_ws/install/41068_ignition_bringup/share/41068_ignition_bringup/package.dsv
[0.337s] -- Up-to-date: /home/student/git/FIREWARDENBOT/World/41068_ws/install/41068_ignition_bringup/share/ament_index/resource_index/packages/41068_ignition_bringup
[0.337s] -- Up-to-date: /home/student/git/FIREWARDENBOT/World/41068_ws/install/41068_ignition_bringup/share/41068_ignition_bringup/cmake/41068_ignition_bringupConfig.cmake
[0.337s] -- Up-to-date: /home/student/git/FIREWARDENBOT/World/41068_ws/install/41068_ignition_bringup/share/41068_ignition_bringup/cmake/41068_ignition_bringupConfig-version.cmake
[0.337s] -- Up-to-date: /home/student/git/FIREWARDENBOT/World/41068_ws/install/41068_ignition_bringup/share/41068_ignition_bringup/package.xml
[0.344s] Invoked command in '/home/student/git/FIREWARDENBOT/World/41068_ws/build/41068_ignition_bringup' returned '0': CMAKE_PREFIX_PATH=/opt/ros/humble /usr/bin/cmake --install /home/student/git/FIREWARDENBOT/World/41068_ws/build/41068_ignition_bringup
