[0.294s] DEBUG:colcon:Command line arguments: ['/usr/bin/colcon', 'build']
[0.294s] DEBUG:colcon:Parsed command line arguments: Namespace(log_base=None, log_level=None, verb_name='build', build_base='build', install_base='install', merge_install=False, symlink_install=False, test_result_base=None, continue_on_error=False, executor='parallel', parallel_workers=8, event_handlers=None, ignore_user_meta=False, metas=['./colcon.meta'], base_paths=['.'], packages_ignore=None, packages_ignore_regex=None, paths=None, packages_up_to=None, packages_up_to_regex=None, packages_above=None, packages_above_and_dependencies=None, packages_above_depth=None, packages_select_by_dep=None, packages_skip_by_dep=None, packages_skip_up_to=None, packages_select_build_failed=False, packages_skip_build_finished=False, packages_select_test_failures=False, packages_skip_test_passed=False, packages_select=None, packages_skip=None, packages_select_regex=None, packages_skip_regex=None, packages_start=None, packages_end=None, allow_overriding=[], cmake_args=None, cmake_target=None, cmake_target_skip_unavailable=False, cmake_clean_cache=False, cmake_clean_first=False, cmake_force_configure=False, ament_cmake_args=None, catkin_cmake_args=None, catkin_skip_building_tests=False, mixin_files=None, mixin=None, verb_parser=<colcon_mixin.mixin.mixin_argument.MixinArgumentDecorator object at 0x7dc24d15a0b0>, verb_extension=<colcon_core.verb.build.BuildVerb object at 0x7dc24d159690>, main=<bound method BuildVerb.main of <colcon_core.verb.build.BuildVerb object at 0x7dc24d159690>>, mixin_verb=('build',))
[0.484s] Level 1:colcon.colcon_core.package_discovery:discover_packages(colcon_meta) check parameters
[0.485s] Level 1:colcon.colcon_core.package_discovery:discover_packages(recursive) check parameters
[0.485s] Level 1:colcon.colcon_core.package_discovery:discover_packages(ignore) check parameters
[0.485s] Level 1:colcon.colcon_core.package_discovery:discover_packages(path) check parameters
[0.485s] Level 1:colcon.colcon_core.package_discovery:discover_packages(colcon_meta) discover
[0.485s] Level 1:colcon.colcon_core.package_discovery:discover_packages(recursive) discover
[0.485s] INFO:colcon.colcon_core.package_discovery:Crawling recursively for packages in '/home/student/git/FIREWARDENBOT/World/WorldWithDrone/src'
[0.485s] Level 1:colcon.colcon_core.package_identification:_identify(.) by extensions ['ignore', 'ignore_ament_install']
[0.485s] Level 1:colcon.colcon_core.package_identification:_identify(.) by extension 'ignore'
[0.485s] Level 1:colcon.colcon_core.package_identification:_identify(.) by extension 'ignore_ament_install'
[0.485s] Level 1:colcon.colcon_core.package_identification:_identify(.) by extensions ['colcon_pkg']
[0.485s] Level 1:colcon.colcon_core.package_identification:_identify(.) by extension 'colcon_pkg'
[0.485s] Level 1:colcon.colcon_core.package_identification:_identify(.) by extensions ['colcon_meta']
[0.485s] Level 1:colcon.colcon_core.package_identification:_identify(.) by extension 'colcon_meta'
[0.485s] Level 1:colcon.colcon_core.package_identification:_identify(.) by extensions ['ros']
[0.485s] Level 1:colcon.colcon_core.package_identification:_identify(.) by extension 'ros'
[0.500s] DEBUG:colcon.colcon_core.package_identification:Package '.' with type 'ros.ament_cmake' and name '41068_ignition_bringup'
[0.500s] Level 1:colcon.colcon_core.package_discovery:discover_packages(recursive) using defaults
[0.500s] Level 1:colcon.colcon_core.package_discovery:discover_packages(ignore) discover
[0.500s] Level 1:colcon.colcon_core.package_discovery:discover_packages(ignore) using defaults
[0.500s] Level 1:colcon.colcon_core.package_discovery:discover_packages(path) discover
[0.500s] Level 1:colcon.colcon_core.package_discovery:discover_packages(path) using defaults
[0.540s] Level 1:colcon.colcon_core.package_discovery:discover_packages(prefix_path) check parameters
[0.540s] Level 1:colcon.colcon_core.package_discovery:discover_packages(prefix_path) discover
[0.570s] DEBUG:colcon.colcon_installed_package_information.package_discovery:Found 4 installed packages in /home/student/ros2_ws/install
[0.572s] DEBUG:colcon.colcon_installed_package_information.package_discovery:Found 424 installed packages in /opt/ros/humble
[0.574s] Level 1:colcon.colcon_core.package_discovery:discover_packages(prefix_path) using defaults
[0.660s] Level 5:colcon.colcon_core.verb:set package '41068_ignition_bringup' build argument 'cmake_args' from command line to 'None'
[0.660s] Level 5:colcon.colcon_core.verb:set package '41068_ignition_bringup' build argument 'cmake_target' from command line to 'None'
[0.660s] Level 5:colcon.colcon_core.verb:set package '41068_ignition_bringup' build argument 'cmake_target_skip_unavailable' from command line to 'False'
[0.660s] Level 5:colcon.colcon_core.verb:set package '41068_ignition_bringup' build argument 'cmake_clean_cache' from command line to 'False'
[0.660s] Level 5:colcon.colcon_core.verb:set package '41068_ignition_bringup' build argument 'cmake_clean_first' from command line to 'False'
[0.660s] Level 5:colcon.colcon_core.verb:set package '41068_ignition_bringup' build argument 'cmake_force_configure' from command line to 'False'
[0.660s] Level 5:colcon.colcon_core.verb:set package '41068_ignition_bringup' build argument 'ament_cmake_args' from command line to 'None'
[0.660s] Level 5:colcon.colcon_core.verb:set package '41068_ignition_bringup' build argument 'catkin_cmake_args' from command line to 'None'
[0.660s] Level 5:colcon.colcon_core.verb:set package '41068_ignition_bringup' build argument 'catkin_skip_building_tests' from command line to 'False'
[0.660s] DEBUG:colcon.colcon_core.verb:Building package '41068_ignition_bringup' with the following arguments: {'ament_cmake_args': None, 'build_base': '/home/student/git/FIREWARDENBOT/World/WorldWithDrone/src/build/41068_ignition_bringup', 'catkin_cmake_args': None, 'catkin_skip_building_tests': False, 'cmake_args': None, 'cmake_clean_cache': False, 'cmake_clean_first': False, 'cmake_force_configure': False, 'cmake_target': None, 'cmake_target_skip_unavailable': False, 'install_base': '/home/student/git/FIREWARDENBOT/World/WorldWithDrone/src/install/41068_ignition_bringup', 'merge_install': False, 'path': '/home/student/git/FIREWARDENBOT/World/WorldWithDrone/src', 'symlink_install': False, 'test_result_base': None}
[0.660s] INFO:colcon.colcon_core.executor:Executing jobs using 'parallel' executor
[0.662s] DEBUG:colcon.colcon_parallel_executor.executor.parallel:run_until_complete
[0.662s] INFO:colcon.colcon_ros.task.ament_cmake.build:Building ROS package in '/home/student/git/FIREWARDENBOT/World/WorldWithDrone/src' with build type 'ament_cmake'
[0.662s] INFO:colcon.colcon_cmake.task.cmake.build:Building CMake package in '/home/student/git/FIREWARDENBOT/World/WorldWithDrone/src'
[0.700s] INFO:colcon.colcon_core.plugin_system:Skipping extension 'colcon_core.shell.bat': Not used on non-Windows systems
[0.700s] INFO:colcon.colcon_core.shell:Skip shell extension 'powershell' for command environment: Not usable outside of PowerShell
[0.700s] DEBUG:colcon.colcon_core.shell:Skip shell extension 'dsv' for command environment
[0.713s] DEBUG:colcon.colcon_core.event_handler.log_command:Invoking command in '/home/student/git/FIREWARDENBOT/World/WorldWithDrone/src/build/41068_ignition_bringup': CMAKE_PREFIX_PATH=${CMAKE_PREFIX_PATH}:/opt/ros/humble /usr/bin/cmake /home/student/git/FIREWARDENBOT/World/WorldWithDrone/src -DCMAKE_INSTALL_PREFIX=/home/student/git/FIREWARDENBOT/World/WorldWithDrone/src/install/41068_ignition_bringup
[4.968s] DEBUG:colcon.colcon_core.event_handler.log_command:Invoked command in '/home/student/git/FIREWARDENBOT/World/WorldWithDrone/src/build/41068_ignition_bringup' returned '0': CMAKE_PREFIX_PATH=${CMAKE_PREFIX_PATH}:/opt/ros/humble /usr/bin/cmake /home/student/git/FIREWARDENBOT/World/WorldWithDrone/src -DCMAKE_INSTALL_PREFIX=/home/student/git/FIREWARDENBOT/World/WorldWithDrone/src/install/41068_ignition_bringup
[4.970s] DEBUG:colcon.colcon_core.event_handler.log_command:Invoking command in '/home/student/git/FIREWARDENBOT/World/WorldWithDrone/src/build/41068_ignition_bringup': CMAKE_PREFIX_PATH=${CMAKE_PREFIX_PATH}:/opt/ros/humble /usr/bin/cmake --build /home/student/git/FIREWARDENBOT/World/WorldWithDrone/src/build/41068_ignition_bringup -- -j8 -l8
[5.020s] DEBUG:colcon.colcon_core.event_handler.log_command:Invoked command in '/home/student/git/FIREWARDENBOT/World/WorldWithDrone/src/build/41068_ignition_bringup' returned '0': CMAKE_PREFIX_PATH=${CMAKE_PREFIX_PATH}:/opt/ros/humble /usr/bin/cmake --build /home/student/git/FIREWARDENBOT/World/WorldWithDrone/src/build/41068_ignition_bringup -- -j8 -l8
[5.033s] DEBUG:colcon.colcon_core.event_handler.log_command:Invoking command in '/home/student/git/FIREWARDENBOT/World/WorldWithDrone/src/build/41068_ignition_bringup': CMAKE_PREFIX_PATH=${CMAKE_PREFIX_PATH}:/opt/ros/humble /usr/bin/cmake --install /home/student/git/FIREWARDENBOT/World/WorldWithDrone/src/build/41068_ignition_bringup
[5.667s] Level 1:colcon.colcon_core.environment:create_environment_scripts_only(41068_ignition_bringup)
[5.668s] DEBUG:colcon.colcon_core.event_handler.log_command:Invoked command in '/home/student/git/FIREWARDENBOT/World/WorldWithDrone/src/build/41068_ignition_bringup' returned '0': CMAKE_PREFIX_PATH=${CMAKE_PREFIX_PATH}:/opt/ros/humble /usr/bin/cmake --install /home/student/git/FIREWARDENBOT/World/WorldWithDrone/src/build/41068_ignition_bringup
[5.719s] Level 1:colcon.colcon_core.environment:checking '/home/student/git/FIREWARDENBOT/World/WorldWithDrone/src/install/41068_ignition_bringup' for CMake module files
[5.719s] Level 1:colcon.colcon_core.environment:checking '/home/student/git/FIREWARDENBOT/World/WorldWithDrone/src/install/41068_ignition_bringup' for CMake config files
[5.720s] Level 1:colcon.colcon_core.shell:create_environment_hook('41068_ignition_bringup', 'cmake_prefix_path')
[5.720s] INFO:colcon.colcon_core.shell:Creating environment hook '/home/student/git/FIREWARDENBOT/World/WorldWithDrone/src/install/41068_ignition_bringup/share/41068_ignition_bringup/hook/cmake_prefix_path.ps1'
[5.725s] INFO:colcon.colcon_core.shell:Creating environment descriptor '/home/student/git/FIREWARDENBOT/World/WorldWithDrone/src/install/41068_ignition_bringup/share/41068_ignition_bringup/hook/cmake_prefix_path.dsv'
[5.730s] INFO:colcon.colcon_core.shell:Creating environment hook '/home/student/git/FIREWARDENBOT/World/WorldWithDrone/src/install/41068_ignition_bringup/share/41068_ignition_bringup/hook/cmake_prefix_path.sh'
[5.749s] Level 1:colcon.colcon_core.environment:checking '/home/student/git/FIREWARDENBOT/World/WorldWithDrone/src/install/41068_ignition_bringup/bin'
[5.749s] Level 1:colcon.colcon_core.environment:checking '/home/student/git/FIREWARDENBOT/World/WorldWithDrone/src/install/41068_ignition_bringup/lib/pkgconfig/41068_ignition_bringup.pc'
[5.749s] Level 1:colcon.colcon_core.environment:checking '/home/student/git/FIREWARDENBOT/World/WorldWithDrone/src/install/41068_ignition_bringup/lib/python3.10/site-packages'
[5.749s] Level 1:colcon.colcon_core.environment:checking '/home/student/git/FIREWARDENBOT/World/WorldWithDrone/src/install/41068_ignition_bringup/bin'
[5.750s] INFO:colcon.colcon_core.shell:Creating package script '/home/student/git/FIREWARDENBOT/World/WorldWithDrone/src/install/41068_ignition_bringup/share/41068_ignition_bringup/package.ps1'
[5.755s] INFO:colcon.colcon_core.shell:Creating package descriptor '/home/student/git/FIREWARDENBOT/World/WorldWithDrone/src/install/41068_ignition_bringup/share/41068_ignition_bringup/package.dsv'
[5.759s] INFO:colcon.colcon_core.shell:Creating package script '/home/student/git/FIREWARDENBOT/World/WorldWithDrone/src/install/41068_ignition_bringup/share/41068_ignition_bringup/package.sh'
[5.762s] INFO:colcon.colcon_core.shell:Creating package script '/home/student/git/FIREWARDENBOT/World/WorldWithDrone/src/install/41068_ignition_bringup/share/41068_ignition_bringup/package.bash'
[5.768s] INFO:colcon.colcon_core.shell:Creating package script '/home/student/git/FIREWARDENBOT/World/WorldWithDrone/src/install/41068_ignition_bringup/share/41068_ignition_bringup/package.zsh'
[5.779s] Level 1:colcon.colcon_core.environment:create_file_with_runtime_dependencies(/home/student/git/FIREWARDENBOT/World/WorldWithDrone/src/install/41068_ignition_bringup/share/colcon-core/packages/41068_ignition_bringup)
[5.779s] Level 1:colcon.colcon_core.environment:create_environment_scripts_only(41068_ignition_bringup)
[5.780s] Level 1:colcon.colcon_core.environment:checking '/home/student/git/FIREWARDENBOT/World/WorldWithDrone/src/install/41068_ignition_bringup' for CMake module files
[5.780s] Level 1:colcon.colcon_core.environment:checking '/home/student/git/FIREWARDENBOT/World/WorldWithDrone/src/install/41068_ignition_bringup' for CMake config files
[5.781s] Level 1:colcon.colcon_core.shell:create_environment_hook('41068_ignition_bringup', 'cmake_prefix_path')
[5.781s] INFO:colcon.colcon_core.shell:Creating environment hook '/home/student/git/FIREWARDENBOT/World/WorldWithDrone/src/install/41068_ignition_bringup/share/41068_ignition_bringup/hook/cmake_prefix_path.ps1'
[5.781s] INFO:colcon.colcon_core.shell:Creating environment descriptor '/home/student/git/FIREWARDENBOT/World/WorldWithDrone/src/install/41068_ignition_bringup/share/41068_ignition_bringup/hook/cmake_prefix_path.dsv'
[5.782s] INFO:colcon.colcon_core.shell:Creating environment hook '/home/student/git/FIREWARDENBOT/World/WorldWithDrone/src/install/41068_ignition_bringup/share/41068_ignition_bringup/hook/cmake_prefix_path.sh'
[5.782s] Level 1:colcon.colcon_core.environment:checking '/home/student/git/FIREWARDENBOT/World/WorldWithDrone/src/install/41068_ignition_bringup/bin'
[5.783s] Level 1:colcon.colcon_core.environment:checking '/home/student/git/FIREWARDENBOT/World/WorldWithDrone/src/install/41068_ignition_bringup/lib/pkgconfig/41068_ignition_bringup.pc'
[5.783s] Level 1:colcon.colcon_core.environment:checking '/home/student/git/FIREWARDENBOT/World/WorldWithDrone/src/install/41068_ignition_bringup/lib/python3.10/site-packages'
[5.783s] Level 1:colcon.colcon_core.environment:checking '/home/student/git/FIREWARDENBOT/World/WorldWithDrone/src/install/41068_ignition_bringup/bin'
[5.783s] INFO:colcon.colcon_core.shell:Creating package script '/home/student/git/FIREWARDENBOT/World/WorldWithDrone/src/install/41068_ignition_bringup/share/41068_ignition_bringup/package.ps1'
[5.784s] INFO:colcon.colcon_core.shell:Creating package descriptor '/home/student/git/FIREWARDENBOT/World/WorldWithDrone/src/install/41068_ignition_bringup/share/41068_ignition_bringup/package.dsv'
[5.784s] INFO:colcon.colcon_core.shell:Creating package script '/home/student/git/FIREWARDENBOT/World/WorldWithDrone/src/install/41068_ignition_bringup/share/41068_ignition_bringup/package.sh'
[5.785s] INFO:colcon.colcon_core.shell:Creating package script '/home/student/git/FIREWARDENBOT/World/WorldWithDrone/src/install/41068_ignition_bringup/share/41068_ignition_bringup/package.bash'
[5.785s] INFO:colcon.colcon_core.shell:Creating package script '/home/student/git/FIREWARDENBOT/World/WorldWithDrone/src/install/41068_ignition_bringup/share/41068_ignition_bringup/package.zsh'
[5.786s] Level 1:colcon.colcon_core.environment:create_file_with_runtime_dependencies(/home/student/git/FIREWARDENBOT/World/WorldWithDrone/src/install/41068_ignition_bringup/share/colcon-core/packages/41068_ignition_bringup)
[5.786s] DEBUG:colcon.colcon_parallel_executor.executor.parallel:closing loop
[5.787s] DEBUG:colcon.colcon_parallel_executor.executor.parallel:loop closed
[5.787s] DEBUG:colcon.colcon_parallel_executor.executor.parallel:run_until_complete finished with '0'
[5.787s] DEBUG:colcon.colcon_core.event_reactor:joining thread
[5.836s] INFO:colcon.colcon_core.plugin_system:Skipping extension 'colcon_notification.desktop_notification.terminal_notifier': Not used on non-Darwin systems
[5.836s] INFO:colcon.colcon_core.plugin_system:Skipping extension 'colcon_notification.desktop_notification.win32': Not used on non-Windows systems
[5.836s] INFO:colcon.colcon_notification.desktop_notification:Sending desktop notification using 'notify2'
[5.860s] DEBUG:colcon.colcon_core.event_reactor:joined thread
[5.861s] INFO:colcon.colcon_core.shell:Creating prefix script '/home/student/git/FIREWARDENBOT/World/WorldWithDrone/src/install/local_setup.ps1'
[5.867s] INFO:colcon.colcon_core.shell:Creating prefix util module '/home/student/git/FIREWARDENBOT/World/WorldWithDrone/src/install/_local_setup_util_ps1.py'
[5.872s] INFO:colcon.colcon_core.shell:Creating prefix chain script '/home/student/git/FIREWARDENBOT/World/WorldWithDrone/src/install/setup.ps1'
[5.878s] INFO:colcon.colcon_core.shell:Creating prefix script '/home/student/git/FIREWARDENBOT/World/WorldWithDrone/src/install/local_setup.sh'
[5.882s] INFO:colcon.colcon_core.shell:Creating prefix util module '/home/student/git/FIREWARDENBOT/World/WorldWithDrone/src/install/_local_setup_util_sh.py'
[5.882s] INFO:colcon.colcon_core.shell:Creating prefix chain script '/home/student/git/FIREWARDENBOT/World/WorldWithDrone/src/install/setup.sh'
[5.886s] INFO:colcon.colcon_core.shell:Creating prefix script '/home/student/git/FIREWARDENBOT/World/WorldWithDrone/src/install/local_setup.bash'
[5.891s] INFO:colcon.colcon_core.shell:Creating prefix chain script '/home/student/git/FIREWARDENBOT/World/WorldWithDrone/src/install/setup.bash'
[5.897s] INFO:colcon.colcon_core.shell:Creating prefix script '/home/student/git/FIREWARDENBOT/World/WorldWithDrone/src/install/local_setup.zsh'
[5.903s] INFO:colcon.colcon_core.shell:Creating prefix chain script '/home/student/git/FIREWARDENBOT/World/WorldWithDrone/src/install/setup.zsh'
