[3.167s] DEBUG:colcon:Command line arguments: ['/usr/bin/colcon', 'build', '--symlink-install']
[3.167s] DEBUG:colcon:Parsed command line arguments: Namespace(log_base=None, log_level=None, verb_name='build', build_base='build', install_base='install', merge_install=False, symlink_install=True, test_result_base=None, continue_on_error=False, executor='parallel', parallel_workers=8, event_handlers=None, ignore_user_meta=False, metas=['./colcon.meta'], base_paths=['.'], packages_ignore=None, packages_ignore_regex=None, paths=None, packages_up_to=None, packages_up_to_regex=None, packages_above=None, packages_above_and_dependencies=None, packages_above_depth=None, packages_select_by_dep=None, packages_skip_by_dep=None, packages_skip_up_to=None, packages_select_build_failed=False, packages_skip_build_finished=False, packages_select_test_failures=False, packages_skip_test_passed=False, packages_select=None, packages_skip=None, packages_select_regex=None, packages_skip_regex=None, packages_start=None, packages_end=None, allow_overriding=[], cmake_args=None, cmake_target=None, cmake_target_skip_unavailable=False, cmake_clean_cache=False, cmake_clean_first=False, cmake_force_configure=False, ament_cmake_args=None, catkin_cmake_args=None, catkin_skip_building_tests=False, mixin_files=None, mixin=None, verb_parser=<colcon_mixin.mixin.mixin_argument.MixinArgumentDecorator object at 0x7c21a781e080>, verb_extension=<colcon_core.verb.build.BuildVerb object at 0x7c21a781d660>, main=<bound method BuildVerb.main of <colcon_core.verb.build.BuildVerb object at 0x7c21a781d660>>, mixin_verb=('build',))
[5.337s] Level 1:colcon.colcon_core.package_discovery:discover_packages(colcon_meta) check parameters
[5.337s] Level 1:colcon.colcon_core.package_discovery:discover_packages(recursive) check parameters
[5.337s] Level 1:colcon.colcon_core.package_discovery:discover_packages(ignore) check parameters
[5.337s] Level 1:colcon.colcon_core.package_discovery:discover_packages(path) check parameters
[5.337s] Level 1:colcon.colcon_core.package_discovery:discover_packages(colcon_meta) discover
[5.337s] Level 1:colcon.colcon_core.package_discovery:discover_packages(recursive) discover
[5.337s] INFO:colcon.colcon_core.package_discovery:Crawling recursively for packages in '/home/student/git/FIREWARDENBOT/World/WorldWithDrone'
[5.337s] Level 1:colcon.colcon_core.package_identification:_identify(.) by extensions ['ignore', 'ignore_ament_install']
[5.338s] Level 1:colcon.colcon_core.package_identification:_identify(.) by extension 'ignore'
[5.338s] Level 1:colcon.colcon_core.package_identification:_identify(.) by extension 'ignore_ament_install'
[5.338s] Level 1:colcon.colcon_core.package_identification:_identify(.) by extensions ['colcon_pkg']
[5.338s] Level 1:colcon.colcon_core.package_identification:_identify(.) by extension 'colcon_pkg'
[5.338s] Level 1:colcon.colcon_core.package_identification:_identify(.) by extensions ['colcon_meta']
[5.338s] Level 1:colcon.colcon_core.package_identification:_identify(.) by extension 'colcon_meta'
[5.338s] Level 1:colcon.colcon_core.package_identification:_identify(.) by extensions ['ros']
[5.338s] Level 1:colcon.colcon_core.package_identification:_identify(.) by extension 'ros'
[5.379s] Level 1:colcon.colcon_core.package_identification:_identify(.) by extensions ['cmake', 'python']
[5.379s] Level 1:colcon.colcon_core.package_identification:_identify(.) by extension 'cmake'
[5.379s] Level 1:colcon.colcon_core.package_identification:_identify(.) by extension 'python'
[5.379s] Level 1:colcon.colcon_core.package_identification:_identify(.) by extensions ['python_setup_py']
[5.379s] Level 1:colcon.colcon_core.package_identification:_identify(.) by extension 'python_setup_py'
[5.379s] Level 1:colcon.colcon_core.package_identification:_identify(build) by extensions ['ignore', 'ignore_ament_install']
[5.379s] Level 1:colcon.colcon_core.package_identification:_identify(build) by extension 'ignore'
[5.379s] Level 1:colcon.colcon_core.package_identification:_identify(build) ignored
[5.379s] Level 1:colcon.colcon_core.package_identification:_identify(install) by extensions ['ignore', 'ignore_ament_install']
[5.380s] Level 1:colcon.colcon_core.package_identification:_identify(install) by extension 'ignore'
[5.380s] Level 1:colcon.colcon_core.package_identification:_identify(install) ignored
[5.380s] Level 1:colcon.colcon_core.package_identification:_identify(log) by extensions ['ignore', 'ignore_ament_install']
[5.380s] Level 1:colcon.colcon_core.package_identification:_identify(log) by extension 'ignore'
[5.380s] Level 1:colcon.colcon_core.package_identification:_identify(log) ignored
[5.380s] Level 1:colcon.colcon_core.package_identification:_identify(src) by extensions ['ignore', 'ignore_ament_install']
[5.380s] Level 1:colcon.colcon_core.package_identification:_identify(src) by extension 'ignore'
[5.380s] Level 1:colcon.colcon_core.package_identification:_identify(src) by extension 'ignore_ament_install'
[5.380s] Level 1:colcon.colcon_core.package_identification:_identify(src) by extensions ['colcon_pkg']
[5.380s] Level 1:colcon.colcon_core.package_identification:_identify(src) by extension 'colcon_pkg'
[5.380s] Level 1:colcon.colcon_core.package_identification:_identify(src) by extensions ['colcon_meta']
[5.380s] Level 1:colcon.colcon_core.package_identification:_identify(src) by extension 'colcon_meta'
[5.380s] Level 1:colcon.colcon_core.package_identification:_identify(src) by extensions ['ros']
[5.380s] Level 1:colcon.colcon_core.package_identification:_identify(src) by extension 'ros'
[5.391s] DEBUG:colcon.colcon_core.package_identification:Package 'src' with type 'ros.ament_cmake' and name '41068_ignition_bringup'
[5.391s] Level 1:colcon.colcon_core.package_discovery:discover_packages(recursive) using defaults
[5.391s] Level 1:colcon.colcon_core.package_discovery:discover_packages(ignore) discover
[5.391s] Level 1:colcon.colcon_core.package_discovery:discover_packages(ignore) using defaults
[5.391s] Level 1:colcon.colcon_core.package_discovery:discover_packages(path) discover
[5.391s] Level 1:colcon.colcon_core.package_discovery:discover_packages(path) using defaults
[5.589s] Level 1:colcon.colcon_core.package_discovery:discover_packages(prefix_path) check parameters
[5.590s] Level 1:colcon.colcon_core.package_discovery:discover_packages(prefix_path) discover
[5.629s] DEBUG:colcon.colcon_installed_package_information.package_discovery:Found 4 installed packages in /home/student/ros2_ws/install
[5.631s] DEBUG:colcon.colcon_installed_package_information.package_discovery:Found 424 installed packages in /opt/ros/humble
[5.633s] Level 1:colcon.colcon_core.package_discovery:discover_packages(prefix_path) using defaults
[5.723s] Level 5:colcon.colcon_core.verb:set package '41068_ignition_bringup' build argument 'cmake_args' from command line to 'None'
[5.723s] Level 5:colcon.colcon_core.verb:set package '41068_ignition_bringup' build argument 'cmake_target' from command line to 'None'
[5.723s] Level 5:colcon.colcon_core.verb:set package '41068_ignition_bringup' build argument 'cmake_target_skip_unavailable' from command line to 'False'
[5.723s] Level 5:colcon.colcon_core.verb:set package '41068_ignition_bringup' build argument 'cmake_clean_cache' from command line to 'False'
[5.723s] Level 5:colcon.colcon_core.verb:set package '41068_ignition_bringup' build argument 'cmake_clean_first' from command line to 'False'
[5.723s] Level 5:colcon.colcon_core.verb:set package '41068_ignition_bringup' build argument 'cmake_force_configure' from command line to 'False'
[5.723s] Level 5:colcon.colcon_core.verb:set package '41068_ignition_bringup' build argument 'ament_cmake_args' from command line to 'None'
[5.723s] Level 5:colcon.colcon_core.verb:set package '41068_ignition_bringup' build argument 'catkin_cmake_args' from command line to 'None'
[5.723s] Level 5:colcon.colcon_core.verb:set package '41068_ignition_bringup' build argument 'catkin_skip_building_tests' from command line to 'False'
[5.723s] DEBUG:colcon.colcon_core.verb:Building package '41068_ignition_bringup' with the following arguments: {'ament_cmake_args': None, 'build_base': '/home/student/git/FIREWARDENBOT/World/WorldWithDrone/build/41068_ignition_bringup', 'catkin_cmake_args': None, 'catkin_skip_building_tests': False, 'cmake_args': None, 'cmake_clean_cache': False, 'cmake_clean_first': False, 'cmake_force_configure': False, 'cmake_target': None, 'cmake_target_skip_unavailable': False, 'install_base': '/home/student/git/FIREWARDENBOT/World/WorldWithDrone/install/41068_ignition_bringup', 'merge_install': False, 'path': '/home/student/git/FIREWARDENBOT/World/WorldWithDrone/src', 'symlink_install': True, 'test_result_base': None}
[5.723s] INFO:colcon.colcon_core.executor:Executing jobs using 'parallel' executor
[5.724s] DEBUG:colcon.colcon_parallel_executor.executor.parallel:run_until_complete
[5.725s] INFO:colcon.colcon_ros.task.ament_cmake.build:Building ROS package in '/home/student/git/FIREWARDENBOT/World/WorldWithDrone/src' with build type 'ament_cmake'
[5.725s] INFO:colcon.colcon_cmake.task.cmake.build:Building CMake package in '/home/student/git/FIREWARDENBOT/World/WorldWithDrone/src'
[5.805s] INFO:colcon.colcon_core.plugin_system:Skipping extension 'colcon_core.shell.bat': Not used on non-Windows systems
[5.805s] INFO:colcon.colcon_core.shell:Skip shell extension 'powershell' for command environment: Not usable outside of PowerShell
[5.805s] DEBUG:colcon.colcon_core.shell:Skip shell extension 'dsv' for command environment
[5.818s] DEBUG:colcon.colcon_core.event_handler.log_command:Invoking command in '/home/student/git/FIREWARDENBOT/World/WorldWithDrone/build/41068_ignition_bringup': CMAKE_PREFIX_PATH=${CMAKE_PREFIX_PATH}:/opt/ros/humble /usr/bin/cmake --build /home/student/git/FIREWARDENBOT/World/WorldWithDrone/build/41068_ignition_bringup -- -j8 -l8
[6.649s] DEBUG:colcon.colcon_core.event_handler.log_command:Invoked command in '/home/student/git/FIREWARDENBOT/World/WorldWithDrone/build/41068_ignition_bringup' returned '0': CMAKE_PREFIX_PATH=${CMAKE_PREFIX_PATH}:/opt/ros/humble /usr/bin/cmake --build /home/student/git/FIREWARDENBOT/World/WorldWithDrone/build/41068_ignition_bringup -- -j8 -l8
[6.665s] DEBUG:colcon.colcon_core.event_handler.log_command:Invoking command in '/home/student/git/FIREWARDENBOT/World/WorldWithDrone/build/41068_ignition_bringup': CMAKE_PREFIX_PATH=${CMAKE_PREFIX_PATH}:/opt/ros/humble /usr/bin/cmake --install /home/student/git/FIREWARDENBOT/World/WorldWithDrone/build/41068_ignition_bringup
[6.710s] Level 1:colcon.colcon_core.environment:create_environment_scripts_only(41068_ignition_bringup)
[6.710s] DEBUG:colcon.colcon_core.event_handler.log_command:Invoked command in '/home/student/git/FIREWARDENBOT/World/WorldWithDrone/build/41068_ignition_bringup' returned '0': CMAKE_PREFIX_PATH=${CMAKE_PREFIX_PATH}:/opt/ros/humble /usr/bin/cmake --install /home/student/git/FIREWARDENBOT/World/WorldWithDrone/build/41068_ignition_bringup
[6.811s] Level 1:colcon.colcon_core.environment:checking '/home/student/git/FIREWARDENBOT/World/WorldWithDrone/install/41068_ignition_bringup' for CMake module files
[6.812s] Level 1:colcon.colcon_core.environment:checking '/home/student/git/FIREWARDENBOT/World/WorldWithDrone/install/41068_ignition_bringup' for CMake config files
[6.812s] Level 1:colcon.colcon_core.shell:create_environment_hook('41068_ignition_bringup', 'cmake_prefix_path')
[6.812s] INFO:colcon.colcon_core.shell:Creating environment hook '/home/student/git/FIREWARDENBOT/World/WorldWithDrone/install/41068_ignition_bringup/share/41068_ignition_bringup/hook/cmake_prefix_path.ps1'
[6.822s] INFO:colcon.colcon_core.shell:Creating environment descriptor '/home/student/git/FIREWARDENBOT/World/WorldWithDrone/install/41068_ignition_bringup/share/41068_ignition_bringup/hook/cmake_prefix_path.dsv'
[6.828s] INFO:colcon.colcon_core.shell:Creating environment hook '/home/student/git/FIREWARDENBOT/World/WorldWithDrone/install/41068_ignition_bringup/share/41068_ignition_bringup/hook/cmake_prefix_path.sh'
[6.832s] Level 1:colcon.colcon_core.environment:checking '/home/student/git/FIREWARDENBOT/World/WorldWithDrone/install/41068_ignition_bringup/bin'
[6.832s] Level 1:colcon.colcon_core.environment:checking '/home/student/git/FIREWARDENBOT/World/WorldWithDrone/install/41068_ignition_bringup/lib/pkgconfig/41068_ignition_bringup.pc'
[6.833s] Level 1:colcon.colcon_core.environment:checking '/home/student/git/FIREWARDENBOT/World/WorldWithDrone/install/41068_ignition_bringup/lib/python3.10/site-packages'
[6.833s] Level 1:colcon.colcon_core.environment:checking '/home/student/git/FIREWARDENBOT/World/WorldWithDrone/install/41068_ignition_bringup/bin'
[6.833s] INFO:colcon.colcon_core.shell:Creating package script '/home/student/git/FIREWARDENBOT/World/WorldWithDrone/install/41068_ignition_bringup/share/41068_ignition_bringup/package.ps1'
[6.839s] INFO:colcon.colcon_core.shell:Creating package descriptor '/home/student/git/FIREWARDENBOT/World/WorldWithDrone/install/41068_ignition_bringup/share/41068_ignition_bringup/package.dsv'
[6.843s] INFO:colcon.colcon_core.shell:Creating package script '/home/student/git/FIREWARDENBOT/World/WorldWithDrone/install/41068_ignition_bringup/share/41068_ignition_bringup/package.sh'
[6.846s] INFO:colcon.colcon_core.shell:Creating package script '/home/student/git/FIREWARDENBOT/World/WorldWithDrone/install/41068_ignition_bringup/share/41068_ignition_bringup/package.bash'
[6.856s] INFO:colcon.colcon_core.shell:Creating package script '/home/student/git/FIREWARDENBOT/World/WorldWithDrone/install/41068_ignition_bringup/share/41068_ignition_bringup/package.zsh'
[6.865s] Level 1:colcon.colcon_core.environment:create_file_with_runtime_dependencies(/home/student/git/FIREWARDENBOT/World/WorldWithDrone/install/41068_ignition_bringup/share/colcon-core/packages/41068_ignition_bringup)
[6.866s] Level 1:colcon.colcon_core.environment:create_environment_scripts_only(41068_ignition_bringup)
[6.867s] Level 1:colcon.colcon_core.environment:checking '/home/student/git/FIREWARDENBOT/World/WorldWithDrone/install/41068_ignition_bringup' for CMake module files
[6.867s] Level 1:colcon.colcon_core.environment:checking '/home/student/git/FIREWARDENBOT/World/WorldWithDrone/install/41068_ignition_bringup' for CMake config files
[6.867s] Level 1:colcon.colcon_core.shell:create_environment_hook('41068_ignition_bringup', 'cmake_prefix_path')
[6.868s] INFO:colcon.colcon_core.shell:Creating environment hook '/home/student/git/FIREWARDENBOT/World/WorldWithDrone/install/41068_ignition_bringup/share/41068_ignition_bringup/hook/cmake_prefix_path.ps1'
[6.868s] INFO:colcon.colcon_core.shell:Creating environment descriptor '/home/student/git/FIREWARDENBOT/World/WorldWithDrone/install/41068_ignition_bringup/share/41068_ignition_bringup/hook/cmake_prefix_path.dsv'
[6.869s] INFO:colcon.colcon_core.shell:Creating environment hook '/home/student/git/FIREWARDENBOT/World/WorldWithDrone/install/41068_ignition_bringup/share/41068_ignition_bringup/hook/cmake_prefix_path.sh'
[6.869s] Level 1:colcon.colcon_core.environment:checking '/home/student/git/FIREWARDENBOT/World/WorldWithDrone/install/41068_ignition_bringup/bin'
[6.869s] Level 1:colcon.colcon_core.environment:checking '/home/student/git/FIREWARDENBOT/World/WorldWithDrone/install/41068_ignition_bringup/lib/pkgconfig/41068_ignition_bringup.pc'
[6.870s] Level 1:colcon.colcon_core.environment:checking '/home/student/git/FIREWARDENBOT/World/WorldWithDrone/install/41068_ignition_bringup/lib/python3.10/site-packages'
[6.870s] Level 1:colcon.colcon_core.environment:checking '/home/student/git/FIREWARDENBOT/World/WorldWithDrone/install/41068_ignition_bringup/bin'
[6.870s] INFO:colcon.colcon_core.shell:Creating package script '/home/student/git/FIREWARDENBOT/World/WorldWithDrone/install/41068_ignition_bringup/share/41068_ignition_bringup/package.ps1'
[6.871s] INFO:colcon.colcon_core.shell:Creating package descriptor '/home/student/git/FIREWARDENBOT/World/WorldWithDrone/install/41068_ignition_bringup/share/41068_ignition_bringup/package.dsv'
[6.871s] INFO:colcon.colcon_core.shell:Creating package script '/home/student/git/FIREWARDENBOT/World/WorldWithDrone/install/41068_ignition_bringup/share/41068_ignition_bringup/package.sh'
[6.872s] INFO:colcon.colcon_core.shell:Creating package script '/home/student/git/FIREWARDENBOT/World/WorldWithDrone/install/41068_ignition_bringup/share/41068_ignition_bringup/package.bash'
[6.872s] INFO:colcon.colcon_core.shell:Creating package script '/home/student/git/FIREWARDENBOT/World/WorldWithDrone/install/41068_ignition_bringup/share/41068_ignition_bringup/package.zsh'
[6.873s] Level 1:colcon.colcon_core.environment:create_file_with_runtime_dependencies(/home/student/git/FIREWARDENBOT/World/WorldWithDrone/install/41068_ignition_bringup/share/colcon-core/packages/41068_ignition_bringup)
[6.873s] DEBUG:colcon.colcon_parallel_executor.executor.parallel:closing loop
[6.874s] DEBUG:colcon.colcon_parallel_executor.executor.parallel:loop closed
[6.874s] DEBUG:colcon.colcon_parallel_executor.executor.parallel:run_until_complete finished with '0'
[6.874s] DEBUG:colcon.colcon_core.event_reactor:joining thread
[6.901s] INFO:colcon.colcon_core.plugin_system:Skipping extension 'colcon_notification.desktop_notification.terminal_notifier': Not used on non-Darwin systems
[6.901s] INFO:colcon.colcon_core.plugin_system:Skipping extension 'colcon_notification.desktop_notification.win32': Not used on non-Windows systems
[6.901s] INFO:colcon.colcon_notification.desktop_notification:Sending desktop notification using 'notify2'
[6.928s] DEBUG:colcon.colcon_core.event_reactor:joined thread
[6.929s] INFO:colcon.colcon_core.shell:Creating prefix script '/home/student/git/FIREWARDENBOT/World/WorldWithDrone/install/local_setup.ps1'
[6.937s] INFO:colcon.colcon_core.shell:Creating prefix util module '/home/student/git/FIREWARDENBOT/World/WorldWithDrone/install/_local_setup_util_ps1.py'
[6.943s] INFO:colcon.colcon_core.shell:Creating prefix chain script '/home/student/git/FIREWARDENBOT/World/WorldWithDrone/install/setup.ps1'
[6.949s] INFO:colcon.colcon_core.shell:Creating prefix script '/home/student/git/FIREWARDENBOT/World/WorldWithDrone/install/local_setup.sh'
[6.953s] INFO:colcon.colcon_core.shell:Creating prefix util module '/home/student/git/FIREWARDENBOT/World/WorldWithDrone/install/_local_setup_util_sh.py'
[6.954s] INFO:colcon.colcon_core.shell:Creating prefix chain script '/home/student/git/FIREWARDENBOT/World/WorldWithDrone/install/setup.sh'
[6.963s] INFO:colcon.colcon_core.shell:Creating prefix script '/home/student/git/FIREWARDENBOT/World/WorldWithDrone/install/local_setup.bash'
[6.969s] INFO:colcon.colcon_core.shell:Creating prefix chain script '/home/student/git/FIREWARDENBOT/World/WorldWithDrone/install/setup.bash'
[6.974s] INFO:colcon.colcon_core.shell:Creating prefix script '/home/student/git/FIREWARDENBOT/World/WorldWithDrone/install/local_setup.zsh'
[6.980s] INFO:colcon.colcon_core.shell:Creating prefix chain script '/home/student/git/FIREWARDENBOT/World/WorldWithDrone/install/setup.zsh'
