[0.081s] Invoking command in '/home/student/git/FIREWARDENBOT/World/WorldWithDrone/build/41068_ignition_bringup': CMAKE_PREFIX_PATH=${CMAKE_PREFIX_PATH}:/opt/ros/humble /usr/bin/cmake /home/student/git/FIREWARDENBOT/World/WorldWithDrone/src -DAMENT_CMAKE_SYMLINK_INSTALL=1 -DCMAKE_INSTALL_PREFIX=/home/student/git/FIREWARDENBOT/World/WorldWithDrone/install/41068_ignition_bringup
[1.402s] -- The C compiler identification is GNU 11.4.0
[2.194s] -- The CXX compiler identification is GNU 11.4.0
[2.328s] -- Detecting C compiler ABI info
[2.521s] -- Detecting C compiler ABI info - done
[2.529s] -- Check for working C compiler: /usr/bin/cc - skipped
[2.533s] -- Detecting C compile features
[2.543s] -- Detecting C compile features - done
[2.563s] -- Detecting CXX compiler ABI info
[2.685s] -- Detecting CXX compiler ABI info - done
[2.694s] -- Check for working CXX compiler: /usr/bin/c++ - skipped
[2.695s] -- Detecting CXX compile features
[2.695s] -- Detecting CXX compile features - done
[2.778s] -- Found ament_cmake: 1.3.12 (/opt/ros/humble/share/ament_cmake/cmake)
[3.044s] -- Found Python3: /usr/bin/python3 (found version "3.10.12") found components: Interpreter 
[3.255s] -- Override CMake install command with custom implementation using symlinks instead of copying resources
[3.500s] -- Found ros_ign_interfaces: 0.244.20 (/opt/ros/humble/share/ros_ign_interfaces/cmake)
[3.790s] -- Found rosidl_generator_c: 3.1.7 (/opt/ros/humble/share/rosidl_generator_c/cmake)
[3.835s] -- Found rosidl_adapter: 3.1.7 (/opt/ros/humble/share/rosidl_adapter/cmake)
[3.912s] -- Found rosidl_generator_cpp: 3.1.7 (/opt/ros/humble/share/rosidl_generator_cpp/cmake)
[4.038s] -- Using all available rosidl_typesupport_c: rosidl_typesupport_fastrtps_c;rosidl_typesupport_introspection_c
[4.155s] -- Using all available rosidl_typesupport_cpp: rosidl_typesupport_fastrtps_cpp;rosidl_typesupport_introspection_cpp
[4.705s] -- Found ament_lint_auto: 0.12.14 (/opt/ros/humble/share/ament_lint_auto/cmake)
[4.770s] WARNING: Package name "41068_ignition_bringup" does not follow the naming conventions. It should start with a lower case letter and only contain lower case letters, digits, underscores, and dashes.
[4.943s] -- Added test 'copyright' to check source files copyright and LICENSE
[4.960s] -- Added test 'flake8' to check Python code syntax and style conventions
[4.964s] -- Added test 'lint_cmake' to check CMake code style
[4.967s] -- Added test 'pep257' to check Python code against some of the docstring style conventions in PEP 257
[4.976s] -- Added test 'xmllint' to check XML markup files
[4.985s] -- Configuring done
[4.989s] -- Generating done
[4.991s] -- Build files have been written to: /home/student/git/FIREWARDENBOT/World/WorldWithDrone/build/41068_ignition_bringup
[5.000s] Invoked command in '/home/student/git/FIREWARDENBOT/World/WorldWithDrone/build/41068_ignition_bringup' returned '0': CMAKE_PREFIX_PATH=${CMAKE_PREFIX_PATH}:/opt/ros/humble /usr/bin/cmake /home/student/git/FIREWARDENBOT/World/WorldWithDrone/src -DAMENT_CMAKE_SYMLINK_INSTALL=1 -DCMAKE_INSTALL_PREFIX=/home/student/git/FIREWARDENBOT/World/WorldWithDrone/install/41068_ignition_bringup
[5.002s] Invoking command in '/home/student/git/FIREWARDENBOT/World/WorldWithDrone/build/41068_ignition_bringup': CMAKE_PREFIX_PATH=${CMAKE_PREFIX_PATH}:/opt/ros/humble /usr/bin/cmake --build /home/student/git/FIREWARDENBOT/World/WorldWithDrone/build/41068_ignition_bringup -- -j8 -l8
[5.050s] Invoked command in '/home/student/git/FIREWARDENBOT/World/WorldWithDrone/build/41068_ignition_bringup' returned '0': CMAKE_PREFIX_PATH=${CMAKE_PREFIX_PATH}:/opt/ros/humble /usr/bin/cmake --build /home/student/git/FIREWARDENBOT/World/WorldWithDrone/build/41068_ignition_bringup -- -j8 -l8
[5.061s] Invoking command in '/home/student/git/FIREWARDENBOT/World/WorldWithDrone/build/41068_ignition_bringup': CMAKE_PREFIX_PATH=${CMAKE_PREFIX_PATH}:/opt/ros/humble /usr/bin/cmake --install /home/student/git/FIREWARDENBOT/World/WorldWithDrone/build/41068_ignition_bringup
[5.069s] -- Install configuration: ""
[5.069s] -- Execute custom install script
[5.070s] -- Symlinking: /home/student/git/FIREWARDENBOT/World/WorldWithDrone/install/41068_ignition_bringup/share/41068_ignition_bringup/config/41068.rviz
[5.080s] -- Symlinking: /home/student/git/FIREWARDENBOT/World/WorldWithDrone/install/41068_ignition_bringup/share/41068_ignition_bringup/config/gazebo_bridge.yaml
[5.089s] -- Symlinking: /home/student/git/FIREWARDENBOT/World/WorldWithDrone/install/41068_ignition_bringup/share/41068_ignition_bringup/config/nav2_params.yaml
[5.099s] -- Symlinking: /home/student/git/FIREWARDENBOT/World/WorldWithDrone/install/41068_ignition_bringup/share/41068_ignition_bringup/config/robot_localization.yaml
[5.108s] -- Symlinking: /home/student/git/FIREWARDENBOT/World/WorldWithDrone/install/41068_ignition_bringup/share/41068_ignition_bringup/config/slam_params.yaml
[5.117s] -- Symlinking: /home/student/git/FIREWARDENBOT/World/WorldWithDrone/install/41068_ignition_bringup/share/41068_ignition_bringup/launch/41068_ignition.launch.py
[5.126s] -- Symlinking: /home/student/git/FIREWARDENBOT/World/WorldWithDrone/install/41068_ignition_bringup/share/41068_ignition_bringup/launch/41068_ignition_drone.launch.py
[5.137s] -- Symlinking: /home/student/git/FIREWARDENBOT/World/WorldWithDrone/install/41068_ignition_bringup/share/41068_ignition_bringup/launch/41068_navigation.launch.py
[5.147s] -- Symlinking: /home/student/git/FIREWARDENBOT/World/WorldWithDrone/install/41068_ignition_bringup/share/41068_ignition_bringup/models/forest_plane/materials/textures/empty_grass.png
[5.156s] -- Symlinking: /home/student/git/FIREWARDENBOT/World/WorldWithDrone/install/41068_ignition_bringup/share/41068_ignition_bringup/models/forest_plane/materials/textures/forest_overhead.png
[5.166s] -- Symlinking: /home/student/git/FIREWARDENBOT/World/WorldWithDrone/install/41068_ignition_bringup/share/41068_ignition_bringup/models/forest_plane/materials/textures/leaf_litter.png
[5.175s] -- Symlinking: /home/student/git/FIREWARDENBOT/World/WorldWithDrone/install/41068_ignition_bringup/share/41068_ignition_bringup/models/forest_plane/model.config
[5.184s] -- Symlinking: /home/student/git/FIREWARDENBOT/World/WorldWithDrone/install/41068_ignition_bringup/share/41068_ignition_bringup/models/forest_plane/model.sdf
[5.193s] -- Symlinking: /home/student/git/FIREWARDENBOT/World/WorldWithDrone/install/41068_ignition_bringup/share/41068_ignition_bringup/models/forest_wall/materials/textures/forest_wall.png
[5.202s] -- Symlinking: /home/student/git/FIREWARDENBOT/World/WorldWithDrone/install/41068_ignition_bringup/share/41068_ignition_bringup/models/forest_wall/materials/textures/forest_wall_transparent.png
[5.211s] -- Symlinking: /home/student/git/FIREWARDENBOT/World/WorldWithDrone/install/41068_ignition_bringup/share/41068_ignition_bringup/models/forest_wall/materials/textures/forest_wall_transparent_small.png
[5.220s] -- Symlinking: /home/student/git/FIREWARDENBOT/World/WorldWithDrone/install/41068_ignition_bringup/share/41068_ignition_bringup/models/forest_wall/model.config
[5.231s] -- Symlinking: /home/student/git/FIREWARDENBOT/World/WorldWithDrone/install/41068_ignition_bringup/share/41068_ignition_bringup/models/forest_wall/model.sdf
[5.240s] -- Symlinking: /home/student/git/FIREWARDENBOT/World/WorldWithDrone/install/41068_ignition_bringup/share/41068_ignition_bringup/models/grass_plane/materials/textures/empty_grass.png
[5.249s] -- Symlinking: /home/student/git/FIREWARDENBOT/World/WorldWithDrone/install/41068_ignition_bringup/share/41068_ignition_bringup/models/grass_plane/model.config
[5.258s] -- Symlinking: /home/student/git/FIREWARDENBOT/World/WorldWithDrone/install/41068_ignition_bringup/share/41068_ignition_bringup/models/grass_plane/model.sdf
[5.268s] -- Symlinking: /home/student/git/FIREWARDENBOT/World/WorldWithDrone/install/41068_ignition_bringup/share/41068_ignition_bringup/urdf/common_properties.urdf.xacro
[5.276s] -- Symlinking: /home/student/git/FIREWARDENBOT/World/WorldWithDrone/install/41068_ignition_bringup/share/41068_ignition_bringup/urdf/husky.gazebo.xacro
[5.285s] -- Symlinking: /home/student/git/FIREWARDENBOT/World/WorldWithDrone/install/41068_ignition_bringup/share/41068_ignition_bringup/urdf/husky.urdf.xacro
[5.294s] -- Symlinking: /home/student/git/FIREWARDENBOT/World/WorldWithDrone/install/41068_ignition_bringup/share/41068_ignition_bringup/urdf/meshes/base_link.dae
[5.302s] -- Symlinking: /home/student/git/FIREWARDENBOT/World/WorldWithDrone/install/41068_ignition_bringup/share/41068_ignition_bringup/urdf/meshes/bumper.dae
[5.311s] -- Symlinking: /home/student/git/FIREWARDENBOT/World/WorldWithDrone/install/41068_ignition_bringup/share/41068_ignition_bringup/urdf/meshes/jpl04_arch_nosensor.stl
[5.319s] -- Symlinking: /home/student/git/FIREWARDENBOT/World/WorldWithDrone/install/41068_ignition_bringup/share/41068_ignition_bringup/urdf/meshes/top_chassis.dae
[5.328s] -- Symlinking: /home/student/git/FIREWARDENBOT/World/WorldWithDrone/install/41068_ignition_bringup/share/41068_ignition_bringup/urdf/meshes/top_plate.dae
[5.337s] -- Symlinking: /home/student/git/FIREWARDENBOT/World/WorldWithDrone/install/41068_ignition_bringup/share/41068_ignition_bringup/urdf/meshes/wheel.dae
[5.346s] -- Symlinking: /home/student/git/FIREWARDENBOT/World/WorldWithDrone/install/41068_ignition_bringup/share/41068_ignition_bringup/urdf/wheel.urdf.xacro
[5.355s] -- Symlinking: /home/student/git/FIREWARDENBOT/World/WorldWithDrone/install/41068_ignition_bringup/share/41068_ignition_bringup/worlds/large_demo.sdf
[5.363s] -- Symlinking: /home/student/git/FIREWARDENBOT/World/WorldWithDrone/install/41068_ignition_bringup/share/41068_ignition_bringup/worlds/simple_trees.sdf
[5.372s] -- Symlinking: /home/student/git/FIREWARDENBOT/World/WorldWithDrone/install/41068_ignition_bringup/share/41068_ignition_bringup/urdf_drone/common_properties.urdf.xacro
[5.381s] -- Symlinking: /home/student/git/FIREWARDENBOT/World/WorldWithDrone/install/41068_ignition_bringup/share/41068_ignition_bringup/urdf_drone/meshes/hull.dae
[5.390s] -- Symlinking: /home/student/git/FIREWARDENBOT/World/WorldWithDrone/install/41068_ignition_bringup/share/41068_ignition_bringup/urdf_drone/meshes/propeller_fl.dae
[5.398s] -- Symlinking: /home/student/git/FIREWARDENBOT/World/WorldWithDrone/install/41068_ignition_bringup/share/41068_ignition_bringup/urdf_drone/meshes/propeller_fr.dae
[5.407s] -- Symlinking: /home/student/git/FIREWARDENBOT/World/WorldWithDrone/install/41068_ignition_bringup/share/41068_ignition_bringup/urdf_drone/meshes/propeller_rl.dae
[5.415s] -- Symlinking: /home/student/git/FIREWARDENBOT/World/WorldWithDrone/install/41068_ignition_bringup/share/41068_ignition_bringup/urdf_drone/meshes/propeller_rr.dae
[5.424s] -- Symlinking: /home/student/git/FIREWARDENBOT/World/WorldWithDrone/install/41068_ignition_bringup/share/41068_ignition_bringup/urdf_drone/model.config
[5.432s] -- Symlinking: /home/student/git/FIREWARDENBOT/World/WorldWithDrone/install/41068_ignition_bringup/share/41068_ignition_bringup/urdf_drone/model.sdf
[5.441s] -- Symlinking: /home/student/git/FIREWARDENBOT/World/WorldWithDrone/install/41068_ignition_bringup/share/41068_ignition_bringup/urdf_drone/parrot.gazebo.xacro
[5.450s] -- Symlinking: /home/student/git/FIREWARDENBOT/World/WorldWithDrone/install/41068_ignition_bringup/share/41068_ignition_bringup/urdf_drone/parrot.urdf.xacro
[5.459s] -- Symlinking: /home/student/git/FIREWARDENBOT/World/WorldWithDrone/install/41068_ignition_bringup/share/41068_ignition_bringup/urdf_drone/thumbnails/1.png
[5.468s] -- Symlinking: /home/student/git/FIREWARDENBOT/World/WorldWithDrone/install/41068_ignition_bringup/share/41068_ignition_bringup/urdf_drone/thumbnails/2.png
[5.476s] -- Symlinking: /home/student/git/FIREWARDENBOT/World/WorldWithDrone/install/41068_ignition_bringup/share/41068_ignition_bringup/urdf_drone/thumbnails/3.png
[5.485s] -- Symlinking: /home/student/git/FIREWARDENBOT/World/WorldWithDrone/install/41068_ignition_bringup/share/41068_ignition_bringup/urdf_drone/thumbnails/4.png
[5.494s] -- Symlinking: /home/student/git/FIREWARDENBOT/World/WorldWithDrone/install/41068_ignition_bringup/share/41068_ignition_bringup/urdf_drone/thumbnails/5.png
[5.504s] -- Symlinking: /home/student/git/FIREWARDENBOT/World/WorldWithDrone/install/41068_ignition_bringup/share/ament_index/resource_index/package_run_dependencies/41068_ignition_bringup
[5.513s] -- Symlinking: /home/student/git/FIREWARDENBOT/World/WorldWithDrone/install/41068_ignition_bringup/share/ament_index/resource_index/parent_prefix_path/41068_ignition_bringup
[5.521s] -- Symlinking: /home/student/git/FIREWARDENBOT/World/WorldWithDrone/install/41068_ignition_bringup/share/41068_ignition_bringup/environment/ament_prefix_path.sh
[5.530s] -- Symlinking: /home/student/git/FIREWARDENBOT/World/WorldWithDrone/install/41068_ignition_bringup/share/41068_ignition_bringup/environment/ament_prefix_path.dsv
[5.539s] -- Symlinking: /home/student/git/FIREWARDENBOT/World/WorldWithDrone/install/41068_ignition_bringup/share/41068_ignition_bringup/environment/path.sh
[5.549s] -- Symlinking: /home/student/git/FIREWARDENBOT/World/WorldWithDrone/install/41068_ignition_bringup/share/41068_ignition_bringup/environment/path.dsv
[5.559s] -- Symlinking: /home/student/git/FIREWARDENBOT/World/WorldWithDrone/install/41068_ignition_bringup/share/41068_ignition_bringup/local_setup.bash
[5.567s] -- Symlinking: /home/student/git/FIREWARDENBOT/World/WorldWithDrone/install/41068_ignition_bringup/share/41068_ignition_bringup/local_setup.sh
[5.576s] -- Symlinking: /home/student/git/FIREWARDENBOT/World/WorldWithDrone/install/41068_ignition_bringup/share/41068_ignition_bringup/local_setup.zsh
[5.585s] -- Symlinking: /home/student/git/FIREWARDENBOT/World/WorldWithDrone/install/41068_ignition_bringup/share/41068_ignition_bringup/local_setup.dsv
[5.594s] -- Symlinking: /home/student/git/FIREWARDENBOT/World/WorldWithDrone/install/41068_ignition_bringup/share/41068_ignition_bringup/package.dsv
[5.603s] -- Symlinking: /home/student/git/FIREWARDENBOT/World/WorldWithDrone/install/41068_ignition_bringup/share/ament_index/resource_index/packages/41068_ignition_bringup
[5.614s] -- Symlinking: /home/student/git/FIREWARDENBOT/World/WorldWithDrone/install/41068_ignition_bringup/share/41068_ignition_bringup/cmake/41068_ignition_bringupConfig.cmake
[5.622s] -- Symlinking: /home/student/git/FIREWARDENBOT/World/WorldWithDrone/install/41068_ignition_bringup/share/41068_ignition_bringup/cmake/41068_ignition_bringupConfig-version.cmake
[5.631s] -- Symlinking: /home/student/git/FIREWARDENBOT/World/WorldWithDrone/install/41068_ignition_bringup/share/41068_ignition_bringup/package.xml
[5.644s] Invoked command in '/home/student/git/FIREWARDENBOT/World/WorldWithDrone/build/41068_ignition_bringup' returned '0': CMAKE_PREFIX_PATH=${CMAKE_PREFIX_PATH}:/opt/ros/humble /usr/bin/cmake --install /home/student/git/FIREWARDENBOT/World/WorldWithDrone/build/41068_ignition_bringup
