[0.127s] DEBUG:colcon:Command line arguments: ['/usr/bin/colcon', 'build']
[0.127s] DEBUG:colcon:Parsed command line arguments: Namespace(log_base=None, log_level=None, verb_name='build', build_base='build', install_base='install', merge_install=False, symlink_install=False, test_result_base=None, continue_on_error=False, executor='parallel', parallel_workers=8, event_handlers=None, ignore_user_meta=False, metas=['./colcon.meta'], base_paths=['.'], packages_ignore=None, packages_ignore_regex=None, paths=None, packages_up_to=None, packages_up_to_regex=None, packages_above=None, packages_above_and_dependencies=None, packages_above_depth=None, packages_select_by_dep=None, packages_skip_by_dep=None, packages_skip_up_to=None, packages_select_build_failed=False, packages_skip_build_finished=False, packages_select_test_failures=False, packages_skip_test_passed=False, packages_select=None, packages_skip=None, packages_select_regex=None, packages_skip_regex=None, packages_start=None, packages_end=None, allow_overriding=[], cmake_args=None, cmake_target=None, cmake_target_skip_unavailable=False, cmake_clean_cache=False, cmake_clean_first=False, cmake_force_configure=False, ament_cmake_args=None, catkin_cmake_args=None, catkin_skip_building_tests=False, mixin_files=None, mixin=None, verb_parser=<colcon_mixin.mixin.mixin_argument.MixinArgumentDecorator object at 0x756be335a380>, verb_extension=<colcon_core.verb.build.BuildVerb object at 0x756be3359960>, main=<bound method BuildVerb.main of <colcon_core.verb.build.BuildVerb object at 0x756be3359960>>, mixin_verb=('build',))
[0.331s] Level 1:colcon.colcon_core.package_discovery:discover_packages(colcon_meta) check parameters
[0.331s] Level 1:colcon.colcon_core.package_discovery:discover_packages(recursive) check parameters
[0.331s] Level 1:colcon.colcon_core.package_discovery:discover_packages(ignore) check parameters
[0.331s] Level 1:colcon.colcon_core.package_discovery:discover_packages(path) check parameters
[0.331s] Level 1:colcon.colcon_core.package_discovery:discover_packages(colcon_meta) discover
[0.331s] Level 1:colcon.colcon_core.package_discovery:discover_packages(recursive) discover
[0.331s] INFO:colcon.colcon_core.package_discovery:Crawling recursively for packages in '/home/student/git/FIREWARDENBOT/World/41068_ws'
[0.331s] Level 1:colcon.colcon_core.package_identification:_identify(.) by extensions ['ignore', 'ignore_ament_install']
[0.331s] Level 1:colcon.colcon_core.package_identification:_identify(.) by extension 'ignore'
[0.331s] Level 1:colcon.colcon_core.package_identification:_identify(.) by extension 'ignore_ament_install'
[0.331s] Level 1:colcon.colcon_core.package_identification:_identify(.) by extensions ['colcon_pkg']
[0.332s] Level 1:colcon.colcon_core.package_identification:_identify(.) by extension 'colcon_pkg'
[0.332s] Level 1:colcon.colcon_core.package_identification:_identify(.) by extensions ['colcon_meta']
[0.332s] Level 1:colcon.colcon_core.package_identification:_identify(.) by extension 'colcon_meta'
[0.332s] Level 1:colcon.colcon_core.package_identification:_identify(.) by extensions ['ros']
[0.332s] Level 1:colcon.colcon_core.package_identification:_identify(.) by extension 'ros'
[0.345s] Level 1:colcon.colcon_core.package_identification:_identify(.) by extensions ['cmake', 'python']
[0.345s] Level 1:colcon.colcon_core.package_identification:_identify(.) by extension 'cmake'
[0.345s] Level 1:colcon.colcon_core.package_identification:_identify(.) by extension 'python'
[0.345s] Level 1:colcon.colcon_core.package_identification:_identify(.) by extensions ['python_setup_py']
[0.345s] Level 1:colcon.colcon_core.package_identification:_identify(.) by extension 'python_setup_py'
[0.345s] Level 1:colcon.colcon_core.package_identification:_identify(build) by extensions ['ignore', 'ignore_ament_install']
[0.345s] Level 1:colcon.colcon_core.package_identification:_identify(build) by extension 'ignore'
[0.345s] Level 1:colcon.colcon_core.package_identification:_identify(build) ignored
[0.345s] Level 1:colcon.colcon_core.package_identification:_identify(firewardenbot_vision) by extensions ['ignore', 'ignore_ament_install']
[0.345s] Level 1:colcon.colcon_core.package_identification:_identify(firewardenbot_vision) by extension 'ignore'
[0.346s] Level 1:colcon.colcon_core.package_identification:_identify(firewardenbot_vision) by extension 'ignore_ament_install'
[0.346s] Level 1:colcon.colcon_core.package_identification:_identify(firewardenbot_vision) by extensions ['colcon_pkg']
[0.346s] Level 1:colcon.colcon_core.package_identification:_identify(firewardenbot_vision) by extension 'colcon_pkg'
[0.346s] Level 1:colcon.colcon_core.package_identification:_identify(firewardenbot_vision) by extensions ['colcon_meta']
[0.346s] Level 1:colcon.colcon_core.package_identification:_identify(firewardenbot_vision) by extension 'colcon_meta'
[0.346s] Level 1:colcon.colcon_core.package_identification:_identify(firewardenbot_vision) by extensions ['ros']
[0.346s] Level 1:colcon.colcon_core.package_identification:_identify(firewardenbot_vision) by extension 'ros'
[0.351s] DEBUG:colcon.colcon_core.package_identification:Package 'firewardenbot_vision' with type 'ros.ament_cmake' and name 'firewardenbot_vision'
[0.351s] Level 1:colcon.colcon_core.package_identification:_identify(install) by extensions ['ignore', 'ignore_ament_install']
[0.352s] Level 1:colcon.colcon_core.package_identification:_identify(install) by extension 'ignore'
[0.352s] Level 1:colcon.colcon_core.package_identification:_identify(install) ignored
[0.352s] Level 1:colcon.colcon_core.package_identification:_identify(log) by extensions ['ignore', 'ignore_ament_install']
[0.352s] Level 1:colcon.colcon_core.package_identification:_identify(log) by extension 'ignore'
[0.352s] Level 1:colcon.colcon_core.package_identification:_identify(log) ignored
[0.352s] Level 1:colcon.colcon_core.package_identification:_identify(src) by extensions ['ignore', 'ignore_ament_install']
[0.352s] Level 1:colcon.colcon_core.package_identification:_identify(src) by extension 'ignore'
[0.352s] Level 1:colcon.colcon_core.package_identification:_identify(src) by extension 'ignore_ament_install'
[0.352s] Level 1:colcon.colcon_core.package_identification:_identify(src) by extensions ['colcon_pkg']
[0.352s] Level 1:colcon.colcon_core.package_identification:_identify(src) by extension 'colcon_pkg'
[0.352s] Level 1:colcon.colcon_core.package_identification:_identify(src) by extensions ['colcon_meta']
[0.352s] Level 1:colcon.colcon_core.package_identification:_identify(src) by extension 'colcon_meta'
[0.352s] Level 1:colcon.colcon_core.package_identification:_identify(src) by extensions ['ros']
[0.352s] Level 1:colcon.colcon_core.package_identification:_identify(src) by extension 'ros'
[0.353s] DEBUG:colcon.colcon_core.package_identification:Package 'src' with type 'ros.ament_cmake' and name '41068_ignition_bringup'
[0.353s] Level 1:colcon.colcon_core.package_discovery:discover_packages(recursive) using defaults
[0.353s] Level 1:colcon.colcon_core.package_discovery:discover_packages(ignore) discover
[0.353s] Level 1:colcon.colcon_core.package_discovery:discover_packages(ignore) using defaults
[0.354s] Level 1:colcon.colcon_core.package_discovery:discover_packages(path) discover
[0.354s] Level 1:colcon.colcon_core.package_discovery:discover_packages(path) using defaults
[0.403s] Level 1:colcon.colcon_core.package_discovery:discover_packages(prefix_path) check parameters
[0.403s] Level 1:colcon.colcon_core.package_discovery:discover_packages(prefix_path) discover
[0.405s] DEBUG:colcon.colcon_installed_package_information.package_discovery:Found 2 installed packages in /home/student/git/FIREWARDENBOT/World/41068_ws/install
[0.405s] DEBUG:colcon.colcon_installed_package_information.package_discovery:Found 0 installed packages in /home/student/ros2_ws/install
[0.407s] DEBUG:colcon.colcon_installed_package_information.package_discovery:Found 424 installed packages in /opt/ros/humble
[0.409s] Level 1:colcon.colcon_core.package_discovery:discover_packages(prefix_path) using defaults
[0.466s] Level 5:colcon.colcon_core.verb:set package '41068_ignition_bringup' build argument 'cmake_args' from command line to 'None'
[0.466s] Level 5:colcon.colcon_core.verb:set package '41068_ignition_bringup' build argument 'cmake_target' from command line to 'None'
[0.467s] Level 5:colcon.colcon_core.verb:set package '41068_ignition_bringup' build argument 'cmake_target_skip_unavailable' from command line to 'False'
[0.467s] Level 5:colcon.colcon_core.verb:set package '41068_ignition_bringup' build argument 'cmake_clean_cache' from command line to 'False'
[0.467s] Level 5:colcon.colcon_core.verb:set package '41068_ignition_bringup' build argument 'cmake_clean_first' from command line to 'False'
[0.467s] Level 5:colcon.colcon_core.verb:set package '41068_ignition_bringup' build argument 'cmake_force_configure' from command line to 'False'
[0.467s] Level 5:colcon.colcon_core.verb:set package '41068_ignition_bringup' build argument 'ament_cmake_args' from command line to 'None'
[0.467s] Level 5:colcon.colcon_core.verb:set package '41068_ignition_bringup' build argument 'catkin_cmake_args' from command line to 'None'
[0.467s] Level 5:colcon.colcon_core.verb:set package '41068_ignition_bringup' build argument 'catkin_skip_building_tests' from command line to 'False'
[0.467s] DEBUG:colcon.colcon_core.verb:Building package '41068_ignition_bringup' with the following arguments: {'ament_cmake_args': None, 'build_base': '/home/student/git/FIREWARDENBOT/World/41068_ws/build/41068_ignition_bringup', 'catkin_cmake_args': None, 'catkin_skip_building_tests': False, 'cmake_args': None, 'cmake_clean_cache': False, 'cmake_clean_first': False, 'cmake_force_configure': False, 'cmake_target': None, 'cmake_target_skip_unavailable': False, 'install_base': '/home/student/git/FIREWARDENBOT/World/41068_ws/install/41068_ignition_bringup', 'merge_install': False, 'path': '/home/student/git/FIREWARDENBOT/World/41068_ws/src', 'symlink_install': False, 'test_result_base': None}
[0.467s] Level 5:colcon.colcon_core.verb:set package 'firewardenbot_vision' build argument 'cmake_args' from command line to 'None'
[0.467s] Level 5:colcon.colcon_core.verb:set package 'firewardenbot_vision' build argument 'cmake_target' from command line to 'None'
[0.467s] Level 5:colcon.colcon_core.verb:set package 'firewardenbot_vision' build argument 'cmake_target_skip_unavailable' from command line to 'False'
[0.467s] Level 5:colcon.colcon_core.verb:set package 'firewardenbot_vision' build argument 'cmake_clean_cache' from command line to 'False'
[0.467s] Level 5:colcon.colcon_core.verb:set package 'firewardenbot_vision' build argument 'cmake_clean_first' from command line to 'False'
[0.467s] Level 5:colcon.colcon_core.verb:set package 'firewardenbot_vision' build argument 'cmake_force_configure' from command line to 'False'
[0.467s] Level 5:colcon.colcon_core.verb:set package 'firewardenbot_vision' build argument 'ament_cmake_args' from command line to 'None'
[0.467s] Level 5:colcon.colcon_core.verb:set package 'firewardenbot_vision' build argument 'catkin_cmake_args' from command line to 'None'
[0.467s] Level 5:colcon.colcon_core.verb:set package 'firewardenbot_vision' build argument 'catkin_skip_building_tests' from command line to 'False'
[0.468s] DEBUG:colcon.colcon_core.verb:Building package 'firewardenbot_vision' with the following arguments: {'ament_cmake_args': None, 'build_base': '/home/student/git/FIREWARDENBOT/World/41068_ws/build/firewardenbot_vision', 'catkin_cmake_args': None, 'catkin_skip_building_tests': False, 'cmake_args': None, 'cmake_clean_cache': False, 'cmake_clean_first': False, 'cmake_force_configure': False, 'cmake_target': None, 'cmake_target_skip_unavailable': False, 'install_base': '/home/student/git/FIREWARDENBOT/World/41068_ws/install/firewardenbot_vision', 'merge_install': False, 'path': '/home/student/git/FIREWARDENBOT/World/41068_ws/firewardenbot_vision', 'symlink_install': False, 'test_result_base': None}
[0.468s] INFO:colcon.colcon_core.executor:Executing jobs using 'parallel' executor
[0.469s] DEBUG:colcon.colcon_parallel_executor.executor.parallel:run_until_complete
[0.469s] INFO:colcon.colcon_ros.task.ament_cmake.build:Building ROS package in '/home/student/git/FIREWARDENBOT/World/41068_ws/src' with build type 'ament_cmake'
[0.470s] INFO:colcon.colcon_cmake.task.cmake.build:Building CMake package in '/home/student/git/FIREWARDENBOT/World/41068_ws/src'
[0.472s] INFO:colcon.colcon_core.plugin_system:Skipping extension 'colcon_core.shell.bat': Not used on non-Windows systems
[0.472s] INFO:colcon.colcon_core.shell:Skip shell extension 'powershell' for command environment: Not usable outside of PowerShell
[0.472s] DEBUG:colcon.colcon_core.shell:Skip shell extension 'dsv' for command environment
[0.477s] INFO:colcon.colcon_ros.task.ament_cmake.build:Building ROS package in '/home/student/git/FIREWARDENBOT/World/41068_ws/firewardenbot_vision' with build type 'ament_cmake'
[0.478s] INFO:colcon.colcon_cmake.task.cmake.build:Building CMake package in '/home/student/git/FIREWARDENBOT/World/41068_ws/firewardenbot_vision'
[0.478s] INFO:colcon.colcon_core.shell:Skip shell extension 'powershell' for command environment: Not usable outside of PowerShell
[0.478s] DEBUG:colcon.colcon_core.shell:Skip shell extension 'dsv' for command environment
[0.491s] DEBUG:colcon.colcon_core.event_handler.log_command:Invoking command in '/home/student/git/FIREWARDENBOT/World/41068_ws/build/41068_ignition_bringup': CMAKE_PREFIX_PATH=${CMAKE_PREFIX_PATH}:/opt/ros/humble /usr/bin/cmake --build /home/student/git/FIREWARDENBOT/World/41068_ws/build/41068_ignition_bringup -- -j8 -l8
[0.500s] DEBUG:colcon.colcon_core.event_handler.log_command:Invoking command in '/home/student/git/FIREWARDENBOT/World/41068_ws/build/firewardenbot_vision': CMAKE_PREFIX_PATH=${CMAKE_PREFIX_PATH}:/opt/ros/humble /usr/bin/cmake --build /home/student/git/FIREWARDENBOT/World/41068_ws/build/firewardenbot_vision -- -j8 -l8
[0.552s] DEBUG:colcon.colcon_core.event_handler.log_command:Invoked command in '/home/student/git/FIREWARDENBOT/World/41068_ws/build/41068_ignition_bringup' returned '0': CMAKE_PREFIX_PATH=${CMAKE_PREFIX_PATH}:/opt/ros/humble /usr/bin/cmake --build /home/student/git/FIREWARDENBOT/World/41068_ws/build/41068_ignition_bringup -- -j8 -l8
[0.566s] DEBUG:colcon.colcon_core.event_handler.log_command:Invoking command in '/home/student/git/FIREWARDENBOT/World/41068_ws/build/41068_ignition_bringup': CMAKE_PREFIX_PATH=${CMAKE_PREFIX_PATH}:/opt/ros/humble /usr/bin/cmake --install /home/student/git/FIREWARDENBOT/World/41068_ws/build/41068_ignition_bringup
[0.583s] Level 1:colcon.colcon_core.environment:create_environment_scripts_only(41068_ignition_bringup)
[0.589s] Level 1:colcon.colcon_core.environment:checking '/home/student/git/FIREWARDENBOT/World/41068_ws/install/41068_ignition_bringup' for CMake module files
[0.591s] Level 1:colcon.colcon_core.environment:checking '/home/student/git/FIREWARDENBOT/World/41068_ws/install/41068_ignition_bringup' for CMake config files
[0.593s] Level 1:colcon.colcon_core.shell:create_environment_hook('41068_ignition_bringup', 'cmake_prefix_path')
[0.594s] INFO:colcon.colcon_core.shell:Creating environment hook '/home/student/git/FIREWARDENBOT/World/41068_ws/install/41068_ignition_bringup/share/41068_ignition_bringup/hook/cmake_prefix_path.ps1'
[0.594s] DEBUG:colcon.colcon_core.event_handler.log_command:Invoked command in '/home/student/git/FIREWARDENBOT/World/41068_ws/build/41068_ignition_bringup' returned '0': CMAKE_PREFIX_PATH=${CMAKE_PREFIX_PATH}:/opt/ros/humble /usr/bin/cmake --install /home/student/git/FIREWARDENBOT/World/41068_ws/build/41068_ignition_bringup
[0.595s] INFO:colcon.colcon_core.shell:Creating environment descriptor '/home/student/git/FIREWARDENBOT/World/41068_ws/install/41068_ignition_bringup/share/41068_ignition_bringup/hook/cmake_prefix_path.dsv'
[0.596s] INFO:colcon.colcon_core.shell:Creating environment hook '/home/student/git/FIREWARDENBOT/World/41068_ws/install/41068_ignition_bringup/share/41068_ignition_bringup/hook/cmake_prefix_path.sh'
[0.599s] Level 1:colcon.colcon_core.environment:checking '/home/student/git/FIREWARDENBOT/World/41068_ws/install/41068_ignition_bringup/bin'
[0.599s] Level 1:colcon.colcon_core.environment:checking '/home/student/git/FIREWARDENBOT/World/41068_ws/install/41068_ignition_bringup/lib/pkgconfig/41068_ignition_bringup.pc'
[0.599s] Level 1:colcon.colcon_core.environment:checking '/home/student/git/FIREWARDENBOT/World/41068_ws/install/41068_ignition_bringup/lib/python3.10/site-packages'
[0.599s] Level 1:colcon.colcon_core.environment:checking '/home/student/git/FIREWARDENBOT/World/41068_ws/install/41068_ignition_bringup/bin'
[0.600s] INFO:colcon.colcon_core.shell:Creating package script '/home/student/git/FIREWARDENBOT/World/41068_ws/install/41068_ignition_bringup/share/41068_ignition_bringup/package.ps1'
[0.601s] INFO:colcon.colcon_core.shell:Creating package descriptor '/home/student/git/FIREWARDENBOT/World/41068_ws/install/41068_ignition_bringup/share/41068_ignition_bringup/package.dsv'
[0.602s] INFO:colcon.colcon_core.shell:Creating package script '/home/student/git/FIREWARDENBOT/World/41068_ws/install/41068_ignition_bringup/share/41068_ignition_bringup/package.sh'
[0.604s] INFO:colcon.colcon_core.shell:Creating package script '/home/student/git/FIREWARDENBOT/World/41068_ws/install/41068_ignition_bringup/share/41068_ignition_bringup/package.bash'
[0.606s] INFO:colcon.colcon_core.shell:Creating package script '/home/student/git/FIREWARDENBOT/World/41068_ws/install/41068_ignition_bringup/share/41068_ignition_bringup/package.zsh'
[0.607s] Level 1:colcon.colcon_core.environment:create_file_with_runtime_dependencies(/home/student/git/FIREWARDENBOT/World/41068_ws/install/41068_ignition_bringup/share/colcon-core/packages/41068_ignition_bringup)
[0.608s] Level 1:colcon.colcon_core.environment:create_environment_scripts_only(41068_ignition_bringup)
[0.609s] Level 1:colcon.colcon_core.environment:checking '/home/student/git/FIREWARDENBOT/World/41068_ws/install/41068_ignition_bringup' for CMake module files
[0.609s] Level 1:colcon.colcon_core.environment:checking '/home/student/git/FIREWARDENBOT/World/41068_ws/install/41068_ignition_bringup' for CMake config files
[0.610s] Level 1:colcon.colcon_core.shell:create_environment_hook('41068_ignition_bringup', 'cmake_prefix_path')
[0.610s] INFO:colcon.colcon_core.shell:Creating environment hook '/home/student/git/FIREWARDENBOT/World/41068_ws/install/41068_ignition_bringup/share/41068_ignition_bringup/hook/cmake_prefix_path.ps1'
[0.611s] INFO:colcon.colcon_core.shell:Creating environment descriptor '/home/student/git/FIREWARDENBOT/World/41068_ws/install/41068_ignition_bringup/share/41068_ignition_bringup/hook/cmake_prefix_path.dsv'
[0.611s] INFO:colcon.colcon_core.shell:Creating environment hook '/home/student/git/FIREWARDENBOT/World/41068_ws/install/41068_ignition_bringup/share/41068_ignition_bringup/hook/cmake_prefix_path.sh'
[0.612s] Level 1:colcon.colcon_core.environment:checking '/home/student/git/FIREWARDENBOT/World/41068_ws/install/41068_ignition_bringup/bin'
[0.612s] Level 1:colcon.colcon_core.environment:checking '/home/student/git/FIREWARDENBOT/World/41068_ws/install/41068_ignition_bringup/lib/pkgconfig/41068_ignition_bringup.pc'
[0.613s] Level 1:colcon.colcon_core.environment:checking '/home/student/git/FIREWARDENBOT/World/41068_ws/install/41068_ignition_bringup/lib/python3.10/site-packages'
[0.613s] Level 1:colcon.colcon_core.environment:checking '/home/student/git/FIREWARDENBOT/World/41068_ws/install/41068_ignition_bringup/bin'
[0.614s] INFO:colcon.colcon_core.shell:Creating package script '/home/student/git/FIREWARDENBOT/World/41068_ws/install/41068_ignition_bringup/share/41068_ignition_bringup/package.ps1'
[0.614s] INFO:colcon.colcon_core.shell:Creating package descriptor '/home/student/git/FIREWARDENBOT/World/41068_ws/install/41068_ignition_bringup/share/41068_ignition_bringup/package.dsv'
[0.615s] INFO:colcon.colcon_core.shell:Creating package script '/home/student/git/FIREWARDENBOT/World/41068_ws/install/41068_ignition_bringup/share/41068_ignition_bringup/package.sh'
[0.616s] INFO:colcon.colcon_core.shell:Creating package script '/home/student/git/FIREWARDENBOT/World/41068_ws/install/41068_ignition_bringup/share/41068_ignition_bringup/package.bash'
[0.616s] INFO:colcon.colcon_core.shell:Creating package script '/home/student/git/FIREWARDENBOT/World/41068_ws/install/41068_ignition_bringup/share/41068_ignition_bringup/package.zsh'
[0.617s] Level 1:colcon.colcon_core.environment:create_file_with_runtime_dependencies(/home/student/git/FIREWARDENBOT/World/41068_ws/install/41068_ignition_bringup/share/colcon-core/packages/41068_ignition_bringup)
[0.620s] DEBUG:colcon.colcon_core.event_handler.log_command:Invoked command in '/home/student/git/FIREWARDENBOT/World/41068_ws/build/firewardenbot_vision' returned '0': CMAKE_PREFIX_PATH=${CMAKE_PREFIX_PATH}:/opt/ros/humble /usr/bin/cmake --build /home/student/git/FIREWARDENBOT/World/41068_ws/build/firewardenbot_vision -- -j8 -l8
[0.622s] DEBUG:colcon.colcon_core.event_handler.log_command:Invoking command in '/home/student/git/FIREWARDENBOT/World/41068_ws/build/firewardenbot_vision': CMAKE_PREFIX_PATH=${CMAKE_PREFIX_PATH}:/opt/ros/humble /usr/bin/cmake --install /home/student/git/FIREWARDENBOT/World/41068_ws/build/firewardenbot_vision
[0.635s] Level 1:colcon.colcon_core.environment:create_environment_scripts_only(firewardenbot_vision)
[0.635s] Level 1:colcon.colcon_core.environment:checking '/home/student/git/FIREWARDENBOT/World/41068_ws/install/firewardenbot_vision' for CMake module files
[0.636s] DEBUG:colcon.colcon_core.event_handler.log_command:Invoked command in '/home/student/git/FIREWARDENBOT/World/41068_ws/build/firewardenbot_vision' returned '0': CMAKE_PREFIX_PATH=${CMAKE_PREFIX_PATH}:/opt/ros/humble /usr/bin/cmake --install /home/student/git/FIREWARDENBOT/World/41068_ws/build/firewardenbot_vision
[0.636s] Level 1:colcon.colcon_core.environment:checking '/home/student/git/FIREWARDENBOT/World/41068_ws/install/firewardenbot_vision' for CMake config files
[0.637s] Level 1:colcon.colcon_core.shell:create_environment_hook('firewardenbot_vision', 'cmake_prefix_path')
[0.637s] INFO:colcon.colcon_core.shell:Creating environment hook '/home/student/git/FIREWARDENBOT/World/41068_ws/install/firewardenbot_vision/share/firewardenbot_vision/hook/cmake_prefix_path.ps1'
[0.638s] INFO:colcon.colcon_core.shell:Creating environment descriptor '/home/student/git/FIREWARDENBOT/World/41068_ws/install/firewardenbot_vision/share/firewardenbot_vision/hook/cmake_prefix_path.dsv'
[0.638s] INFO:colcon.colcon_core.shell:Creating environment hook '/home/student/git/FIREWARDENBOT/World/41068_ws/install/firewardenbot_vision/share/firewardenbot_vision/hook/cmake_prefix_path.sh'
[0.639s] Level 1:colcon.colcon_core.environment:checking '/home/student/git/FIREWARDENBOT/World/41068_ws/install/firewardenbot_vision/lib'
[0.640s] Level 1:colcon.colcon_core.environment:checking '/home/student/git/FIREWARDENBOT/World/41068_ws/install/firewardenbot_vision/bin'
[0.640s] Level 1:colcon.colcon_core.environment:checking '/home/student/git/FIREWARDENBOT/World/41068_ws/install/firewardenbot_vision/lib/pkgconfig/firewardenbot_vision.pc'
[0.640s] Level 1:colcon.colcon_core.environment:checking '/home/student/git/FIREWARDENBOT/World/41068_ws/install/firewardenbot_vision/lib/python3.10/site-packages'
[0.640s] Level 1:colcon.colcon_core.environment:checking '/home/student/git/FIREWARDENBOT/World/41068_ws/install/firewardenbot_vision/bin'
[0.641s] INFO:colcon.colcon_core.shell:Creating package script '/home/student/git/FIREWARDENBOT/World/41068_ws/install/firewardenbot_vision/share/firewardenbot_vision/package.ps1'
[0.642s] INFO:colcon.colcon_core.shell:Creating package descriptor '/home/student/git/FIREWARDENBOT/World/41068_ws/install/firewardenbot_vision/share/firewardenbot_vision/package.dsv'
[0.642s] INFO:colcon.colcon_core.shell:Creating package script '/home/student/git/FIREWARDENBOT/World/41068_ws/install/firewardenbot_vision/share/firewardenbot_vision/package.sh'
[0.643s] INFO:colcon.colcon_core.shell:Creating package script '/home/student/git/FIREWARDENBOT/World/41068_ws/install/firewardenbot_vision/share/firewardenbot_vision/package.bash'
[0.643s] INFO:colcon.colcon_core.shell:Creating package script '/home/student/git/FIREWARDENBOT/World/41068_ws/install/firewardenbot_vision/share/firewardenbot_vision/package.zsh'
[0.644s] Level 1:colcon.colcon_core.environment:create_file_with_runtime_dependencies(/home/student/git/FIREWARDENBOT/World/41068_ws/install/firewardenbot_vision/share/colcon-core/packages/firewardenbot_vision)
[0.645s] Level 1:colcon.colcon_core.environment:create_environment_scripts_only(firewardenbot_vision)
[0.645s] Level 1:colcon.colcon_core.environment:checking '/home/student/git/FIREWARDENBOT/World/41068_ws/install/firewardenbot_vision' for CMake module files
[0.646s] Level 1:colcon.colcon_core.environment:checking '/home/student/git/FIREWARDENBOT/World/41068_ws/install/firewardenbot_vision' for CMake config files
[0.646s] Level 1:colcon.colcon_core.shell:create_environment_hook('firewardenbot_vision', 'cmake_prefix_path')
[0.647s] INFO:colcon.colcon_core.shell:Creating environment hook '/home/student/git/FIREWARDENBOT/World/41068_ws/install/firewardenbot_vision/share/firewardenbot_vision/hook/cmake_prefix_path.ps1'
[0.647s] INFO:colcon.colcon_core.shell:Creating environment descriptor '/home/student/git/FIREWARDENBOT/World/41068_ws/install/firewardenbot_vision/share/firewardenbot_vision/hook/cmake_prefix_path.dsv'
[0.648s] INFO:colcon.colcon_core.shell:Creating environment hook '/home/student/git/FIREWARDENBOT/World/41068_ws/install/firewardenbot_vision/share/firewardenbot_vision/hook/cmake_prefix_path.sh'
[0.649s] Level 1:colcon.colcon_core.environment:checking '/home/student/git/FIREWARDENBOT/World/41068_ws/install/firewardenbot_vision/lib'
[0.649s] Level 1:colcon.colcon_core.environment:checking '/home/student/git/FIREWARDENBOT/World/41068_ws/install/firewardenbot_vision/bin'
[0.649s] Level 1:colcon.colcon_core.environment:checking '/home/student/git/FIREWARDENBOT/World/41068_ws/install/firewardenbot_vision/lib/pkgconfig/firewardenbot_vision.pc'
[0.650s] Level 1:colcon.colcon_core.environment:checking '/home/student/git/FIREWARDENBOT/World/41068_ws/install/firewardenbot_vision/lib/python3.10/site-packages'
[0.650s] Level 1:colcon.colcon_core.environment:checking '/home/student/git/FIREWARDENBOT/World/41068_ws/install/firewardenbot_vision/bin'
[0.650s] INFO:colcon.colcon_core.shell:Creating package script '/home/student/git/FIREWARDENBOT/World/41068_ws/install/firewardenbot_vision/share/firewardenbot_vision/package.ps1'
[0.651s] INFO:colcon.colcon_core.shell:Creating package descriptor '/home/student/git/FIREWARDENBOT/World/41068_ws/install/firewardenbot_vision/share/firewardenbot_vision/package.dsv'
[0.652s] INFO:colcon.colcon_core.shell:Creating package script '/home/student/git/FIREWARDENBOT/World/41068_ws/install/firewardenbot_vision/share/firewardenbot_vision/package.sh'
[0.653s] INFO:colcon.colcon_core.shell:Creating package script '/home/student/git/FIREWARDENBOT/World/41068_ws/install/firewardenbot_vision/share/firewardenbot_vision/package.bash'
[0.653s] INFO:colcon.colcon_core.shell:Creating package script '/home/student/git/FIREWARDENBOT/World/41068_ws/install/firewardenbot_vision/share/firewardenbot_vision/package.zsh'
[0.654s] Level 1:colcon.colcon_core.environment:create_file_with_runtime_dependencies(/home/student/git/FIREWARDENBOT/World/41068_ws/install/firewardenbot_vision/share/colcon-core/packages/firewardenbot_vision)
[0.655s] DEBUG:colcon.colcon_parallel_executor.executor.parallel:closing loop
[0.656s] DEBUG:colcon.colcon_parallel_executor.executor.parallel:loop closed
[0.656s] DEBUG:colcon.colcon_parallel_executor.executor.parallel:run_until_complete finished with '0'
[0.656s] DEBUG:colcon.colcon_core.event_reactor:joining thread
[0.664s] INFO:colcon.colcon_core.plugin_system:Skipping extension 'colcon_notification.desktop_notification.terminal_notifier': Not used on non-Darwin systems
[0.664s] INFO:colcon.colcon_core.plugin_system:Skipping extension 'colcon_notification.desktop_notification.win32': Not used on non-Windows systems
[0.664s] INFO:colcon.colcon_notification.desktop_notification:Sending desktop notification using 'notify2'
[0.681s] DEBUG:colcon.colcon_core.event_reactor:joined thread
[0.682s] INFO:colcon.colcon_core.shell:Creating prefix script '/home/student/git/FIREWARDENBOT/World/41068_ws/install/local_setup.ps1'
[0.684s] INFO:colcon.colcon_core.shell:Creating prefix util module '/home/student/git/FIREWARDENBOT/World/41068_ws/install/_local_setup_util_ps1.py'
[0.685s] INFO:colcon.colcon_core.shell:Creating prefix chain script '/home/student/git/FIREWARDENBOT/World/41068_ws/install/setup.ps1'
[0.687s] INFO:colcon.colcon_core.shell:Creating prefix script '/home/student/git/FIREWARDENBOT/World/41068_ws/install/local_setup.sh'
[0.688s] INFO:colcon.colcon_core.shell:Creating prefix util module '/home/student/git/FIREWARDENBOT/World/41068_ws/install/_local_setup_util_sh.py'
[0.690s] INFO:colcon.colcon_core.shell:Creating prefix chain script '/home/student/git/FIREWARDENBOT/World/41068_ws/install/setup.sh'
[0.694s] INFO:colcon.colcon_core.shell:Creating prefix script '/home/student/git/FIREWARDENBOT/World/41068_ws/install/local_setup.bash'
[0.697s] INFO:colcon.colcon_core.shell:Creating prefix chain script '/home/student/git/FIREWARDENBOT/World/41068_ws/install/setup.bash'
[0.701s] INFO:colcon.colcon_core.shell:Creating prefix script '/home/student/git/FIREWARDENBOT/World/41068_ws/install/local_setup.zsh'
[0.702s] INFO:colcon.colcon_core.shell:Creating prefix chain script '/home/student/git/FIREWARDENBOT/World/41068_ws/install/setup.zsh'
