[0.628s] DEBUG:colcon:Command line arguments: ['/usr/bin/colcon', 'build']
[0.632s] DEBUG:colcon:Parsed command line arguments: Namespace(log_base=None, log_level=None, verb_name='build', build_base='build', install_base='install', merge_install=False, symlink_install=False, test_result_base=None, continue_on_error=False, executor='parallel', parallel_workers=8, event_handlers=None, ignore_user_meta=False, metas=['./colcon.meta'], base_paths=['.'], packages_ignore=None, packages_ignore_regex=None, paths=None, packages_up_to=None, packages_up_to_regex=None, packages_above=None, packages_above_and_dependencies=None, packages_above_depth=None, packages_select_by_dep=None, packages_skip_by_dep=None, packages_skip_up_to=None, packages_select_build_failed=False, packages_skip_build_finished=False, packages_select_test_failures=False, packages_skip_test_passed=False, packages_select=None, packages_skip=None, packages_select_regex=None, packages_skip_regex=None, packages_start=None, packages_end=None, allow_overriding=[], cmake_args=None, cmake_target=None, cmake_target_skip_unavailable=False, cmake_clean_cache=False, cmake_clean_first=False, cmake_force_configure=False, ament_cmake_args=None, catkin_cmake_args=None, catkin_skip_building_tests=False, mixin_files=None, mixin=None, verb_parser=<colcon_mixin.mixin.mixin_argument.MixinArgumentDecorator object at 0x79fcecf2e410>, verb_extension=<colcon_core.verb.build.BuildVerb object at 0x79fcecf2d9f0>, main=<bound method BuildVerb.main of <colcon_core.verb.build.BuildVerb object at 0x79fcecf2d9f0>>, mixin_verb=('build',))
[1.230s] Level 1:colcon.colcon_core.package_discovery:discover_packages(colcon_meta) check parameters
[1.231s] Level 1:colcon.colcon_core.package_discovery:discover_packages(recursive) check parameters
[1.231s] Level 1:colcon.colcon_core.package_discovery:discover_packages(ignore) check parameters
[1.231s] Level 1:colcon.colcon_core.package_discovery:discover_packages(path) check parameters
[1.231s] Level 1:colcon.colcon_core.package_discovery:discover_packages(colcon_meta) discover
[1.231s] Level 1:colcon.colcon_core.package_discovery:discover_packages(recursive) discover
[1.231s] INFO:colcon.colcon_core.package_discovery:Crawling recursively for packages in '/home/student/git/FIREWARDENBOT/World/41068_ws'
[1.231s] Level 1:colcon.colcon_core.package_identification:_identify(.) by extensions ['ignore', 'ignore_ament_install']
[1.233s] Level 1:colcon.colcon_core.package_identification:_identify(.) by extension 'ignore'
[1.233s] Level 1:colcon.colcon_core.package_identification:_identify(.) by extension 'ignore_ament_install'
[1.233s] Level 1:colcon.colcon_core.package_identification:_identify(.) by extensions ['colcon_pkg']
[1.233s] Level 1:colcon.colcon_core.package_identification:_identify(.) by extension 'colcon_pkg'
[1.233s] Level 1:colcon.colcon_core.package_identification:_identify(.) by extensions ['colcon_meta']
[1.233s] Level 1:colcon.colcon_core.package_identification:_identify(.) by extension 'colcon_meta'
[1.233s] Level 1:colcon.colcon_core.package_identification:_identify(.) by extensions ['ros']
[1.233s] Level 1:colcon.colcon_core.package_identification:_identify(.) by extension 'ros'
[1.259s] Level 1:colcon.colcon_core.package_identification:_identify(.) by extensions ['cmake', 'python']
[1.259s] Level 1:colcon.colcon_core.package_identification:_identify(.) by extension 'cmake'
[1.259s] Level 1:colcon.colcon_core.package_identification:_identify(.) by extension 'python'
[1.259s] Level 1:colcon.colcon_core.package_identification:_identify(.) by extensions ['python_setup_py']
[1.259s] Level 1:colcon.colcon_core.package_identification:_identify(.) by extension 'python_setup_py'
[1.259s] Level 1:colcon.colcon_core.package_identification:_identify(build) by extensions ['ignore', 'ignore_ament_install']
[1.259s] Level 1:colcon.colcon_core.package_identification:_identify(build) by extension 'ignore'
[1.260s] Level 1:colcon.colcon_core.package_identification:_identify(build) ignored
[1.260s] Level 1:colcon.colcon_core.package_identification:_identify(firewardenbot_vision) by extensions ['ignore', 'ignore_ament_install']
[1.260s] Level 1:colcon.colcon_core.package_identification:_identify(firewardenbot_vision) by extension 'ignore'
[1.261s] Level 1:colcon.colcon_core.package_identification:_identify(firewardenbot_vision) by extension 'ignore_ament_install'
[1.261s] Level 1:colcon.colcon_core.package_identification:_identify(firewardenbot_vision) by extensions ['colcon_pkg']
[1.261s] Level 1:colcon.colcon_core.package_identification:_identify(firewardenbot_vision) by extension 'colcon_pkg'
[1.262s] Level 1:colcon.colcon_core.package_identification:_identify(firewardenbot_vision) by extensions ['colcon_meta']
[1.263s] Level 1:colcon.colcon_core.package_identification:_identify(firewardenbot_vision) by extension 'colcon_meta'
[1.263s] Level 1:colcon.colcon_core.package_identification:_identify(firewardenbot_vision) by extensions ['ros']
[1.263s] Level 1:colcon.colcon_core.package_identification:_identify(firewardenbot_vision) by extension 'ros'
[1.275s] DEBUG:colcon.colcon_core.package_identification:Package 'firewardenbot_vision' with type 'ros.ament_cmake' and name 'firewardenbot_vision'
[1.276s] Level 1:colcon.colcon_core.package_identification:_identify(install) by extensions ['ignore', 'ignore_ament_install']
[1.276s] Level 1:colcon.colcon_core.package_identification:_identify(install) by extension 'ignore'
[1.276s] Level 1:colcon.colcon_core.package_identification:_identify(install) ignored
[1.277s] Level 1:colcon.colcon_core.package_identification:_identify(log) by extensions ['ignore', 'ignore_ament_install']
[1.277s] Level 1:colcon.colcon_core.package_identification:_identify(log) by extension 'ignore'
[1.277s] Level 1:colcon.colcon_core.package_identification:_identify(log) ignored
[1.277s] Level 1:colcon.colcon_core.package_identification:_identify(src) by extensions ['ignore', 'ignore_ament_install']
[1.278s] Level 1:colcon.colcon_core.package_identification:_identify(src) by extension 'ignore'
[1.278s] Level 1:colcon.colcon_core.package_identification:_identify(src) by extension 'ignore_ament_install'
[1.279s] Level 1:colcon.colcon_core.package_identification:_identify(src) by extensions ['colcon_pkg']
[1.279s] Level 1:colcon.colcon_core.package_identification:_identify(src) by extension 'colcon_pkg'
[1.279s] Level 1:colcon.colcon_core.package_identification:_identify(src) by extensions ['colcon_meta']
[1.279s] Level 1:colcon.colcon_core.package_identification:_identify(src) by extension 'colcon_meta'
[1.279s] Level 1:colcon.colcon_core.package_identification:_identify(src) by extensions ['ros']
[1.280s] Level 1:colcon.colcon_core.package_identification:_identify(src) by extension 'ros'
[1.282s] DEBUG:colcon.colcon_core.package_identification:Package 'src' with type 'ros.ament_cmake' and name '41068_ignition_bringup'
[1.282s] Level 1:colcon.colcon_core.package_discovery:discover_packages(recursive) using defaults
[1.282s] Level 1:colcon.colcon_core.package_discovery:discover_packages(ignore) discover
[1.282s] Level 1:colcon.colcon_core.package_discovery:discover_packages(ignore) using defaults
[1.283s] Level 1:colcon.colcon_core.package_discovery:discover_packages(path) discover
[1.283s] Level 1:colcon.colcon_core.package_discovery:discover_packages(path) using defaults
[1.363s] Level 1:colcon.colcon_core.package_discovery:discover_packages(prefix_path) check parameters
[1.364s] Level 1:colcon.colcon_core.package_discovery:discover_packages(prefix_path) discover
[1.371s] DEBUG:colcon.colcon_installed_package_information.package_discovery:Found 0 installed packages in /home/student/ros2_ws/install
[1.377s] DEBUG:colcon.colcon_installed_package_information.package_discovery:Found 424 installed packages in /opt/ros/humble
[1.390s] Level 1:colcon.colcon_core.package_discovery:discover_packages(prefix_path) using defaults
[1.639s] Level 5:colcon.colcon_core.verb:set package '41068_ignition_bringup' build argument 'cmake_args' from command line to 'None'
[1.640s] Level 5:colcon.colcon_core.verb:set package '41068_ignition_bringup' build argument 'cmake_target' from command line to 'None'
[1.640s] Level 5:colcon.colcon_core.verb:set package '41068_ignition_bringup' build argument 'cmake_target_skip_unavailable' from command line to 'False'
[1.640s] Level 5:colcon.colcon_core.verb:set package '41068_ignition_bringup' build argument 'cmake_clean_cache' from command line to 'False'
[1.640s] Level 5:colcon.colcon_core.verb:set package '41068_ignition_bringup' build argument 'cmake_clean_first' from command line to 'False'
[1.641s] Level 5:colcon.colcon_core.verb:set package '41068_ignition_bringup' build argument 'cmake_force_configure' from command line to 'False'
[1.641s] Level 5:colcon.colcon_core.verb:set package '41068_ignition_bringup' build argument 'ament_cmake_args' from command line to 'None'
[1.641s] Level 5:colcon.colcon_core.verb:set package '41068_ignition_bringup' build argument 'catkin_cmake_args' from command line to 'None'
[1.641s] Level 5:colcon.colcon_core.verb:set package '41068_ignition_bringup' build argument 'catkin_skip_building_tests' from command line to 'False'
[1.641s] DEBUG:colcon.colcon_core.verb:Building package '41068_ignition_bringup' with the following arguments: {'ament_cmake_args': None, 'build_base': '/home/student/git/FIREWARDENBOT/World/41068_ws/build/41068_ignition_bringup', 'catkin_cmake_args': None, 'catkin_skip_building_tests': False, 'cmake_args': None, 'cmake_clean_cache': False, 'cmake_clean_first': False, 'cmake_force_configure': False, 'cmake_target': None, 'cmake_target_skip_unavailable': False, 'install_base': '/home/student/git/FIREWARDENBOT/World/41068_ws/install/41068_ignition_bringup', 'merge_install': False, 'path': '/home/student/git/FIREWARDENBOT/World/41068_ws/src', 'symlink_install': False, 'test_result_base': None}
[1.644s] Level 5:colcon.colcon_core.verb:set package 'firewardenbot_vision' build argument 'cmake_args' from command line to 'None'
[1.647s] Level 5:colcon.colcon_core.verb:set package 'firewardenbot_vision' build argument 'cmake_target' from command line to 'None'
[1.647s] Level 5:colcon.colcon_core.verb:set package 'firewardenbot_vision' build argument 'cmake_target_skip_unavailable' from command line to 'False'
[1.648s] Level 5:colcon.colcon_core.verb:set package 'firewardenbot_vision' build argument 'cmake_clean_cache' from command line to 'False'
[1.648s] Level 5:colcon.colcon_core.verb:set package 'firewardenbot_vision' build argument 'cmake_clean_first' from command line to 'False'
[1.648s] Level 5:colcon.colcon_core.verb:set package 'firewardenbot_vision' build argument 'cmake_force_configure' from command line to 'False'
[1.648s] Level 5:colcon.colcon_core.verb:set package 'firewardenbot_vision' build argument 'ament_cmake_args' from command line to 'None'
[1.648s] Level 5:colcon.colcon_core.verb:set package 'firewardenbot_vision' build argument 'catkin_cmake_args' from command line to 'None'
[1.650s] Level 5:colcon.colcon_core.verb:set package 'firewardenbot_vision' build argument 'catkin_skip_building_tests' from command line to 'False'
[1.650s] DEBUG:colcon.colcon_core.verb:Building package 'firewardenbot_vision' with the following arguments: {'ament_cmake_args': None, 'build_base': '/home/student/git/FIREWARDENBOT/World/41068_ws/build/firewardenbot_vision', 'catkin_cmake_args': None, 'catkin_skip_building_tests': False, 'cmake_args': None, 'cmake_clean_cache': False, 'cmake_clean_first': False, 'cmake_force_configure': False, 'cmake_target': None, 'cmake_target_skip_unavailable': False, 'install_base': '/home/student/git/FIREWARDENBOT/World/41068_ws/install/firewardenbot_vision', 'merge_install': False, 'path': '/home/student/git/FIREWARDENBOT/World/41068_ws/firewardenbot_vision', 'symlink_install': False, 'test_result_base': None}
[1.651s] INFO:colcon.colcon_core.executor:Executing jobs using 'parallel' executor
[1.659s] DEBUG:colcon.colcon_parallel_executor.executor.parallel:run_until_complete
[1.659s] INFO:colcon.colcon_ros.task.ament_cmake.build:Building ROS package in '/home/student/git/FIREWARDENBOT/World/41068_ws/src' with build type 'ament_cmake'
[1.659s] INFO:colcon.colcon_cmake.task.cmake.build:Building CMake package in '/home/student/git/FIREWARDENBOT/World/41068_ws/src'
[1.663s] INFO:colcon.colcon_core.plugin_system:Skipping extension 'colcon_core.shell.bat': Not used on non-Windows systems
[1.666s] INFO:colcon.colcon_core.shell:Skip shell extension 'powershell' for command environment: Not usable outside of PowerShell
[1.666s] DEBUG:colcon.colcon_core.shell:Skip shell extension 'dsv' for command environment
[1.680s] INFO:colcon.colcon_ros.task.ament_cmake.build:Building ROS package in '/home/student/git/FIREWARDENBOT/World/41068_ws/firewardenbot_vision' with build type 'ament_cmake'
[1.681s] INFO:colcon.colcon_cmake.task.cmake.build:Building CMake package in '/home/student/git/FIREWARDENBOT/World/41068_ws/firewardenbot_vision'
[1.682s] INFO:colcon.colcon_core.shell:Skip shell extension 'powershell' for command environment: Not usable outside of PowerShell
[1.682s] DEBUG:colcon.colcon_core.shell:Skip shell extension 'dsv' for command environment
[1.703s] DEBUG:colcon.colcon_core.event_handler.log_command:Invoking command in '/home/student/git/FIREWARDENBOT/World/41068_ws/build/41068_ignition_bringup': CMAKE_PREFIX_PATH=/opt/ros/humble /usr/bin/cmake --build /home/student/git/FIREWARDENBOT/World/41068_ws/build/41068_ignition_bringup -- -j8 -l8
[1.719s] DEBUG:colcon.colcon_core.event_handler.log_command:Invoking command in '/home/student/git/FIREWARDENBOT/World/41068_ws/build/firewardenbot_vision': CMAKE_PREFIX_PATH=/opt/ros/humble /usr/bin/cmake --build /home/student/git/FIREWARDENBOT/World/41068_ws/build/firewardenbot_vision -- -j8 -l8
[1.967s] DEBUG:colcon.colcon_core.event_handler.log_command:Invoked command in '/home/student/git/FIREWARDENBOT/World/41068_ws/build/41068_ignition_bringup' returned '0': CMAKE_PREFIX_PATH=/opt/ros/humble /usr/bin/cmake --build /home/student/git/FIREWARDENBOT/World/41068_ws/build/41068_ignition_bringup -- -j8 -l8
[2.004s] DEBUG:colcon.colcon_core.event_handler.log_command:Invoking command in '/home/student/git/FIREWARDENBOT/World/41068_ws/build/41068_ignition_bringup': CMAKE_PREFIX_PATH=/opt/ros/humble /usr/bin/cmake --install /home/student/git/FIREWARDENBOT/World/41068_ws/build/41068_ignition_bringup
[2.070s] Level 1:colcon.colcon_core.environment:create_environment_scripts_only(41068_ignition_bringup)
[2.087s] Level 1:colcon.colcon_core.environment:checking '/home/student/git/FIREWARDENBOT/World/41068_ws/install/41068_ignition_bringup' for CMake module files
[2.091s] Level 1:colcon.colcon_core.environment:checking '/home/student/git/FIREWARDENBOT/World/41068_ws/install/41068_ignition_bringup' for CMake config files
[2.092s] Level 1:colcon.colcon_core.shell:create_environment_hook('41068_ignition_bringup', 'cmake_prefix_path')
[2.093s] INFO:colcon.colcon_core.shell:Creating environment hook '/home/student/git/FIREWARDENBOT/World/41068_ws/install/41068_ignition_bringup/share/41068_ignition_bringup/hook/cmake_prefix_path.ps1'
[2.101s] INFO:colcon.colcon_core.shell:Creating environment descriptor '/home/student/git/FIREWARDENBOT/World/41068_ws/install/41068_ignition_bringup/share/41068_ignition_bringup/hook/cmake_prefix_path.dsv'
[2.105s] INFO:colcon.colcon_core.shell:Creating environment hook '/home/student/git/FIREWARDENBOT/World/41068_ws/install/41068_ignition_bringup/share/41068_ignition_bringup/hook/cmake_prefix_path.sh'
[2.112s] Level 1:colcon.colcon_core.environment:checking '/home/student/git/FIREWARDENBOT/World/41068_ws/install/41068_ignition_bringup/bin'
[2.113s] Level 1:colcon.colcon_core.environment:checking '/home/student/git/FIREWARDENBOT/World/41068_ws/install/41068_ignition_bringup/lib/pkgconfig/41068_ignition_bringup.pc'
[2.114s] Level 1:colcon.colcon_core.environment:checking '/home/student/git/FIREWARDENBOT/World/41068_ws/install/41068_ignition_bringup/lib/python3.10/site-packages'
[2.113s] DEBUG:colcon.colcon_core.event_handler.log_command:Invoked command in '/home/student/git/FIREWARDENBOT/World/41068_ws/build/41068_ignition_bringup' returned '0': CMAKE_PREFIX_PATH=/opt/ros/humble /usr/bin/cmake --install /home/student/git/FIREWARDENBOT/World/41068_ws/build/41068_ignition_bringup
[2.114s] Level 1:colcon.colcon_core.environment:checking '/home/student/git/FIREWARDENBOT/World/41068_ws/install/41068_ignition_bringup/bin'
[2.115s] INFO:colcon.colcon_core.shell:Creating package script '/home/student/git/FIREWARDENBOT/World/41068_ws/install/41068_ignition_bringup/share/41068_ignition_bringup/package.ps1'
[2.117s] INFO:colcon.colcon_core.shell:Creating package descriptor '/home/student/git/FIREWARDENBOT/World/41068_ws/install/41068_ignition_bringup/share/41068_ignition_bringup/package.dsv'
[2.119s] INFO:colcon.colcon_core.shell:Creating package script '/home/student/git/FIREWARDENBOT/World/41068_ws/install/41068_ignition_bringup/share/41068_ignition_bringup/package.sh'
[2.122s] INFO:colcon.colcon_core.shell:Creating package script '/home/student/git/FIREWARDENBOT/World/41068_ws/install/41068_ignition_bringup/share/41068_ignition_bringup/package.bash'
[2.124s] INFO:colcon.colcon_core.shell:Creating package script '/home/student/git/FIREWARDENBOT/World/41068_ws/install/41068_ignition_bringup/share/41068_ignition_bringup/package.zsh'
[2.125s] Level 1:colcon.colcon_core.environment:create_file_with_runtime_dependencies(/home/student/git/FIREWARDENBOT/World/41068_ws/install/41068_ignition_bringup/share/colcon-core/packages/41068_ignition_bringup)
[2.126s] Level 1:colcon.colcon_core.environment:create_environment_scripts_only(41068_ignition_bringup)
[2.127s] Level 1:colcon.colcon_core.environment:checking '/home/student/git/FIREWARDENBOT/World/41068_ws/install/41068_ignition_bringup' for CMake module files
[2.128s] Level 1:colcon.colcon_core.environment:checking '/home/student/git/FIREWARDENBOT/World/41068_ws/install/41068_ignition_bringup' for CMake config files
[2.128s] Level 1:colcon.colcon_core.shell:create_environment_hook('41068_ignition_bringup', 'cmake_prefix_path')
[2.129s] INFO:colcon.colcon_core.shell:Creating environment hook '/home/student/git/FIREWARDENBOT/World/41068_ws/install/41068_ignition_bringup/share/41068_ignition_bringup/hook/cmake_prefix_path.ps1'
[2.130s] INFO:colcon.colcon_core.shell:Creating environment descriptor '/home/student/git/FIREWARDENBOT/World/41068_ws/install/41068_ignition_bringup/share/41068_ignition_bringup/hook/cmake_prefix_path.dsv'
[2.130s] INFO:colcon.colcon_core.shell:Creating environment hook '/home/student/git/FIREWARDENBOT/World/41068_ws/install/41068_ignition_bringup/share/41068_ignition_bringup/hook/cmake_prefix_path.sh'
[2.132s] Level 1:colcon.colcon_core.environment:checking '/home/student/git/FIREWARDENBOT/World/41068_ws/install/41068_ignition_bringup/bin'
[2.132s] Level 1:colcon.colcon_core.environment:checking '/home/student/git/FIREWARDENBOT/World/41068_ws/install/41068_ignition_bringup/lib/pkgconfig/41068_ignition_bringup.pc'
[2.132s] Level 1:colcon.colcon_core.environment:checking '/home/student/git/FIREWARDENBOT/World/41068_ws/install/41068_ignition_bringup/lib/python3.10/site-packages'
[2.133s] Level 1:colcon.colcon_core.environment:checking '/home/student/git/FIREWARDENBOT/World/41068_ws/install/41068_ignition_bringup/bin'
[2.134s] INFO:colcon.colcon_core.shell:Creating package script '/home/student/git/FIREWARDENBOT/World/41068_ws/install/41068_ignition_bringup/share/41068_ignition_bringup/package.ps1'
[2.135s] INFO:colcon.colcon_core.shell:Creating package descriptor '/home/student/git/FIREWARDENBOT/World/41068_ws/install/41068_ignition_bringup/share/41068_ignition_bringup/package.dsv'
[2.135s] INFO:colcon.colcon_core.shell:Creating package script '/home/student/git/FIREWARDENBOT/World/41068_ws/install/41068_ignition_bringup/share/41068_ignition_bringup/package.sh'
[2.136s] INFO:colcon.colcon_core.shell:Creating package script '/home/student/git/FIREWARDENBOT/World/41068_ws/install/41068_ignition_bringup/share/41068_ignition_bringup/package.bash'
[2.137s] INFO:colcon.colcon_core.shell:Creating package script '/home/student/git/FIREWARDENBOT/World/41068_ws/install/41068_ignition_bringup/share/41068_ignition_bringup/package.zsh'
[2.138s] Level 1:colcon.colcon_core.environment:create_file_with_runtime_dependencies(/home/student/git/FIREWARDENBOT/World/41068_ws/install/41068_ignition_bringup/share/colcon-core/packages/41068_ignition_bringup)
[2.177s] DEBUG:colcon.colcon_core.event_handler.log_command:Invoked command in '/home/student/git/FIREWARDENBOT/World/41068_ws/build/firewardenbot_vision' returned '0': CMAKE_PREFIX_PATH=/opt/ros/humble /usr/bin/cmake --build /home/student/git/FIREWARDENBOT/World/41068_ws/build/firewardenbot_vision -- -j8 -l8
[2.190s] DEBUG:colcon.colcon_core.event_handler.log_command:Invoking command in '/home/student/git/FIREWARDENBOT/World/41068_ws/build/firewardenbot_vision': CMAKE_PREFIX_PATH=/opt/ros/humble /usr/bin/cmake --install /home/student/git/FIREWARDENBOT/World/41068_ws/build/firewardenbot_vision
[2.241s] Level 1:colcon.colcon_core.environment:create_environment_scripts_only(firewardenbot_vision)
[2.242s] Level 1:colcon.colcon_core.environment:checking '/home/student/git/FIREWARDENBOT/World/41068_ws/install/firewardenbot_vision' for CMake module files
[2.243s] Level 1:colcon.colcon_core.environment:checking '/home/student/git/FIREWARDENBOT/World/41068_ws/install/firewardenbot_vision' for CMake config files
[2.245s] Level 1:colcon.colcon_core.shell:create_environment_hook('firewardenbot_vision', 'cmake_prefix_path')
[2.246s] INFO:colcon.colcon_core.shell:Creating environment hook '/home/student/git/FIREWARDENBOT/World/41068_ws/install/firewardenbot_vision/share/firewardenbot_vision/hook/cmake_prefix_path.ps1'
[2.248s] INFO:colcon.colcon_core.shell:Creating environment descriptor '/home/student/git/FIREWARDENBOT/World/41068_ws/install/firewardenbot_vision/share/firewardenbot_vision/hook/cmake_prefix_path.dsv'
[2.260s] DEBUG:colcon.colcon_core.event_handler.log_command:Invoked command in '/home/student/git/FIREWARDENBOT/World/41068_ws/build/firewardenbot_vision' returned '0': CMAKE_PREFIX_PATH=/opt/ros/humble /usr/bin/cmake --install /home/student/git/FIREWARDENBOT/World/41068_ws/build/firewardenbot_vision
[2.262s] INFO:colcon.colcon_core.shell:Creating environment hook '/home/student/git/FIREWARDENBOT/World/41068_ws/install/firewardenbot_vision/share/firewardenbot_vision/hook/cmake_prefix_path.sh'
[2.263s] Level 1:colcon.colcon_core.environment:checking '/home/student/git/FIREWARDENBOT/World/41068_ws/install/firewardenbot_vision/lib'
[2.270s] Level 1:colcon.colcon_core.environment:checking '/home/student/git/FIREWARDENBOT/World/41068_ws/install/firewardenbot_vision/bin'
[2.270s] Level 1:colcon.colcon_core.environment:checking '/home/student/git/FIREWARDENBOT/World/41068_ws/install/firewardenbot_vision/lib/pkgconfig/firewardenbot_vision.pc'
[2.270s] Level 1:colcon.colcon_core.environment:checking '/home/student/git/FIREWARDENBOT/World/41068_ws/install/firewardenbot_vision/lib/python3.10/site-packages'
[2.273s] Level 1:colcon.colcon_core.environment:checking '/home/student/git/FIREWARDENBOT/World/41068_ws/install/firewardenbot_vision/bin'
[2.276s] INFO:colcon.colcon_core.shell:Creating package script '/home/student/git/FIREWARDENBOT/World/41068_ws/install/firewardenbot_vision/share/firewardenbot_vision/package.ps1'
[2.282s] INFO:colcon.colcon_core.shell:Creating package descriptor '/home/student/git/FIREWARDENBOT/World/41068_ws/install/firewardenbot_vision/share/firewardenbot_vision/package.dsv'
[2.283s] INFO:colcon.colcon_core.shell:Creating package script '/home/student/git/FIREWARDENBOT/World/41068_ws/install/firewardenbot_vision/share/firewardenbot_vision/package.sh'
[2.284s] INFO:colcon.colcon_core.shell:Creating package script '/home/student/git/FIREWARDENBOT/World/41068_ws/install/firewardenbot_vision/share/firewardenbot_vision/package.bash'
[2.288s] INFO:colcon.colcon_core.shell:Creating package script '/home/student/git/FIREWARDENBOT/World/41068_ws/install/firewardenbot_vision/share/firewardenbot_vision/package.zsh'
[2.299s] Level 1:colcon.colcon_core.environment:create_file_with_runtime_dependencies(/home/student/git/FIREWARDENBOT/World/41068_ws/install/firewardenbot_vision/share/colcon-core/packages/firewardenbot_vision)
[2.302s] Level 1:colcon.colcon_core.environment:create_environment_scripts_only(firewardenbot_vision)
[2.303s] Level 1:colcon.colcon_core.environment:checking '/home/student/git/FIREWARDENBOT/World/41068_ws/install/firewardenbot_vision' for CMake module files
[2.304s] Level 1:colcon.colcon_core.environment:checking '/home/student/git/FIREWARDENBOT/World/41068_ws/install/firewardenbot_vision' for CMake config files
[2.305s] Level 1:colcon.colcon_core.shell:create_environment_hook('firewardenbot_vision', 'cmake_prefix_path')
[2.306s] INFO:colcon.colcon_core.shell:Creating environment hook '/home/student/git/FIREWARDENBOT/World/41068_ws/install/firewardenbot_vision/share/firewardenbot_vision/hook/cmake_prefix_path.ps1'
[2.307s] INFO:colcon.colcon_core.shell:Creating environment descriptor '/home/student/git/FIREWARDENBOT/World/41068_ws/install/firewardenbot_vision/share/firewardenbot_vision/hook/cmake_prefix_path.dsv'
[2.308s] INFO:colcon.colcon_core.shell:Creating environment hook '/home/student/git/FIREWARDENBOT/World/41068_ws/install/firewardenbot_vision/share/firewardenbot_vision/hook/cmake_prefix_path.sh'
[2.310s] Level 1:colcon.colcon_core.environment:checking '/home/student/git/FIREWARDENBOT/World/41068_ws/install/firewardenbot_vision/lib'
[2.310s] Level 1:colcon.colcon_core.environment:checking '/home/student/git/FIREWARDENBOT/World/41068_ws/install/firewardenbot_vision/bin'
[2.311s] Level 1:colcon.colcon_core.environment:checking '/home/student/git/FIREWARDENBOT/World/41068_ws/install/firewardenbot_vision/lib/pkgconfig/firewardenbot_vision.pc'
[2.314s] Level 1:colcon.colcon_core.environment:checking '/home/student/git/FIREWARDENBOT/World/41068_ws/install/firewardenbot_vision/lib/python3.10/site-packages'
[2.315s] Level 1:colcon.colcon_core.environment:checking '/home/student/git/FIREWARDENBOT/World/41068_ws/install/firewardenbot_vision/bin'
[2.316s] INFO:colcon.colcon_core.shell:Creating package script '/home/student/git/FIREWARDENBOT/World/41068_ws/install/firewardenbot_vision/share/firewardenbot_vision/package.ps1'
[2.318s] INFO:colcon.colcon_core.shell:Creating package descriptor '/home/student/git/FIREWARDENBOT/World/41068_ws/install/firewardenbot_vision/share/firewardenbot_vision/package.dsv'
[2.318s] INFO:colcon.colcon_core.shell:Creating package script '/home/student/git/FIREWARDENBOT/World/41068_ws/install/firewardenbot_vision/share/firewardenbot_vision/package.sh'
[2.319s] INFO:colcon.colcon_core.shell:Creating package script '/home/student/git/FIREWARDENBOT/World/41068_ws/install/firewardenbot_vision/share/firewardenbot_vision/package.bash'
[2.320s] INFO:colcon.colcon_core.shell:Creating package script '/home/student/git/FIREWARDENBOT/World/41068_ws/install/firewardenbot_vision/share/firewardenbot_vision/package.zsh'
[2.320s] Level 1:colcon.colcon_core.environment:create_file_with_runtime_dependencies(/home/student/git/FIREWARDENBOT/World/41068_ws/install/firewardenbot_vision/share/colcon-core/packages/firewardenbot_vision)
[2.326s] DEBUG:colcon.colcon_parallel_executor.executor.parallel:closing loop
[2.327s] DEBUG:colcon.colcon_parallel_executor.executor.parallel:loop closed
[2.327s] DEBUG:colcon.colcon_parallel_executor.executor.parallel:run_until_complete finished with '0'
[2.332s] DEBUG:colcon.colcon_core.event_reactor:joining thread
[2.344s] INFO:colcon.colcon_core.plugin_system:Skipping extension 'colcon_notification.desktop_notification.terminal_notifier': Not used on non-Darwin systems
[2.344s] INFO:colcon.colcon_core.plugin_system:Skipping extension 'colcon_notification.desktop_notification.win32': Not used on non-Windows systems
[2.345s] INFO:colcon.colcon_notification.desktop_notification:Sending desktop notification using 'notify2'
[2.391s] DEBUG:colcon.colcon_core.event_reactor:joined thread
[2.392s] INFO:colcon.colcon_core.shell:Creating prefix script '/home/student/git/FIREWARDENBOT/World/41068_ws/install/local_setup.ps1'
[2.395s] INFO:colcon.colcon_core.shell:Creating prefix util module '/home/student/git/FIREWARDENBOT/World/41068_ws/install/_local_setup_util_ps1.py'
[2.410s] INFO:colcon.colcon_core.shell:Creating prefix chain script '/home/student/git/FIREWARDENBOT/World/41068_ws/install/setup.ps1'
[2.418s] INFO:colcon.colcon_core.shell:Creating prefix script '/home/student/git/FIREWARDENBOT/World/41068_ws/install/local_setup.sh'
[2.425s] INFO:colcon.colcon_core.shell:Creating prefix util module '/home/student/git/FIREWARDENBOT/World/41068_ws/install/_local_setup_util_sh.py'
[2.445s] INFO:colcon.colcon_core.shell:Creating prefix chain script '/home/student/git/FIREWARDENBOT/World/41068_ws/install/setup.sh'
[2.451s] INFO:colcon.colcon_core.shell:Creating prefix script '/home/student/git/FIREWARDENBOT/World/41068_ws/install/local_setup.bash'
[2.468s] INFO:colcon.colcon_core.shell:Creating prefix chain script '/home/student/git/FIREWARDENBOT/World/41068_ws/install/setup.bash'
[2.470s] INFO:colcon.colcon_core.shell:Creating prefix script '/home/student/git/FIREWARDENBOT/World/41068_ws/install/local_setup.zsh'
[2.475s] INFO:colcon.colcon_core.shell:Creating prefix chain script '/home/student/git/FIREWARDENBOT/World/41068_ws/install/setup.zsh'
