[0.116s] DEBUG:colcon:Command line arguments: ['/usr/bin/colcon', 'build', '--symlink-install']
[0.116s] DEBUG:colcon:Parsed command line arguments: Namespace(log_base=None, log_level=None, verb_name='build', build_base='build', install_base='install', merge_install=False, symlink_install=True, test_result_base=None, continue_on_error=False, executor='parallel', parallel_workers=8, event_handlers=None, ignore_user_meta=False, metas=['./colcon.meta'], base_paths=['.'], packages_ignore=None, packages_ignore_regex=None, paths=None, packages_up_to=None, packages_up_to_regex=None, packages_above=None, packages_above_and_dependencies=None, packages_above_depth=None, packages_select_by_dep=None, packages_skip_by_dep=None, packages_skip_up_to=None, packages_select_build_failed=False, packages_skip_build_finished=False, packages_select_test_failures=False, packages_skip_test_passed=False, packages_select=None, packages_skip=None, packages_select_regex=None, packages_skip_regex=None, packages_start=None, packages_end=None, allow_overriding=[], cmake_args=None, cmake_target=None, cmake_target_skip_unavailable=False, cmake_clean_cache=False, cmake_clean_first=False, cmake_force_configure=False, ament_cmake_args=None, catkin_cmake_args=None, catkin_skip_building_tests=False, mixin_files=None, mixin=None, verb_parser=<colcon_mixin.mixin.mixin_argument.MixinArgumentDecorator object at 0x7cd538535fc0>, verb_extension=<colcon_core.verb.build.BuildVerb object at 0x7cd5385355a0>, main=<bound method BuildVerb.main of <colcon_core.verb.build.BuildVerb object at 0x7cd5385355a0>>, mixin_verb=('build',))
[0.298s] Level 1:colcon.colcon_core.package_discovery:discover_packages(colcon_meta) check parameters
[0.298s] Level 1:colcon.colcon_core.package_discovery:discover_packages(recursive) check parameters
[0.298s] Level 1:colcon.colcon_core.package_discovery:discover_packages(ignore) check parameters
[0.298s] Level 1:colcon.colcon_core.package_discovery:discover_packages(path) check parameters
[0.299s] Level 1:colcon.colcon_core.package_discovery:discover_packages(colcon_meta) discover
[0.299s] Level 1:colcon.colcon_core.package_discovery:discover_packages(recursive) discover
[0.299s] INFO:colcon.colcon_core.package_discovery:Crawling recursively for packages in '/home/student/git/FIREWARDENBOT/World/41068_ws/src'
[0.299s] Level 1:colcon.colcon_core.package_identification:_identify(.) by extensions ['ignore', 'ignore_ament_install']
[0.299s] Level 1:colcon.colcon_core.package_identification:_identify(.) by extension 'ignore'
[0.299s] Level 1:colcon.colcon_core.package_identification:_identify(.) by extension 'ignore_ament_install'
[0.299s] Level 1:colcon.colcon_core.package_identification:_identify(.) by extensions ['colcon_pkg']
[0.299s] Level 1:colcon.colcon_core.package_identification:_identify(.) by extension 'colcon_pkg'
[0.299s] Level 1:colcon.colcon_core.package_identification:_identify(.) by extensions ['colcon_meta']
[0.299s] Level 1:colcon.colcon_core.package_identification:_identify(.) by extension 'colcon_meta'
[0.299s] Level 1:colcon.colcon_core.package_identification:_identify(.) by extensions ['ros']
[0.299s] Level 1:colcon.colcon_core.package_identification:_identify(.) by extension 'ros'
[0.313s] DEBUG:colcon.colcon_core.package_identification:Package '.' with type 'ros.ament_cmake' and name '41068_ignition_bringup'
[0.313s] Level 1:colcon.colcon_core.package_discovery:discover_packages(recursive) using defaults
[0.313s] Level 1:colcon.colcon_core.package_discovery:discover_packages(ignore) discover
[0.313s] Level 1:colcon.colcon_core.package_discovery:discover_packages(ignore) using defaults
[0.313s] Level 1:colcon.colcon_core.package_discovery:discover_packages(path) discover
[0.313s] Level 1:colcon.colcon_core.package_discovery:discover_packages(path) using defaults
[0.345s] Level 1:colcon.colcon_core.package_discovery:discover_packages(prefix_path) check parameters
[0.345s] Level 1:colcon.colcon_core.package_discovery:discover_packages(prefix_path) discover
[0.348s] DEBUG:colcon.colcon_installed_package_information.package_discovery:Found 4 installed packages in /home/student/ros2_ws/install
[0.350s] DEBUG:colcon.colcon_installed_package_information.package_discovery:Found 424 installed packages in /opt/ros/humble
[0.352s] Level 1:colcon.colcon_core.package_discovery:discover_packages(prefix_path) using defaults
[0.407s] Level 5:colcon.colcon_core.verb:set package '41068_ignition_bringup' build argument 'cmake_args' from command line to 'None'
[0.407s] Level 5:colcon.colcon_core.verb:set package '41068_ignition_bringup' build argument 'cmake_target' from command line to 'None'
[0.407s] Level 5:colcon.colcon_core.verb:set package '41068_ignition_bringup' build argument 'cmake_target_skip_unavailable' from command line to 'False'
[0.407s] Level 5:colcon.colcon_core.verb:set package '41068_ignition_bringup' build argument 'cmake_clean_cache' from command line to 'False'
[0.407s] Level 5:colcon.colcon_core.verb:set package '41068_ignition_bringup' build argument 'cmake_clean_first' from command line to 'False'
[0.408s] Level 5:colcon.colcon_core.verb:set package '41068_ignition_bringup' build argument 'cmake_force_configure' from command line to 'False'
[0.408s] Level 5:colcon.colcon_core.verb:set package '41068_ignition_bringup' build argument 'ament_cmake_args' from command line to 'None'
[0.408s] Level 5:colcon.colcon_core.verb:set package '41068_ignition_bringup' build argument 'catkin_cmake_args' from command line to 'None'
[0.408s] Level 5:colcon.colcon_core.verb:set package '41068_ignition_bringup' build argument 'catkin_skip_building_tests' from command line to 'False'
[0.408s] DEBUG:colcon.colcon_core.verb:Building package '41068_ignition_bringup' with the following arguments: {'ament_cmake_args': None, 'build_base': '/home/student/git/FIREWARDENBOT/World/41068_ws/src/build/41068_ignition_bringup', 'catkin_cmake_args': None, 'catkin_skip_building_tests': False, 'cmake_args': None, 'cmake_clean_cache': False, 'cmake_clean_first': False, 'cmake_force_configure': False, 'cmake_target': None, 'cmake_target_skip_unavailable': False, 'install_base': '/home/student/git/FIREWARDENBOT/World/41068_ws/src/install/41068_ignition_bringup', 'merge_install': False, 'path': '/home/student/git/FIREWARDENBOT/World/41068_ws/src', 'symlink_install': True, 'test_result_base': None}
[0.408s] INFO:colcon.colcon_core.executor:Executing jobs using 'parallel' executor
[0.409s] DEBUG:colcon.colcon_parallel_executor.executor.parallel:run_until_complete
[0.409s] INFO:colcon.colcon_ros.task.ament_cmake.build:Building ROS package in '/home/student/git/FIREWARDENBOT/World/41068_ws/src' with build type 'ament_cmake'
[0.409s] INFO:colcon.colcon_cmake.task.cmake.build:Building CMake package in '/home/student/git/FIREWARDENBOT/World/41068_ws/src'
[0.411s] INFO:colcon.colcon_core.plugin_system:Skipping extension 'colcon_core.shell.bat': Not used on non-Windows systems
[0.412s] INFO:colcon.colcon_core.shell:Skip shell extension 'powershell' for command environment: Not usable outside of PowerShell
[0.412s] DEBUG:colcon.colcon_core.shell:Skip shell extension 'dsv' for command environment
[0.422s] DEBUG:colcon.colcon_core.event_handler.log_command:Invoking command in '/home/student/git/FIREWARDENBOT/World/41068_ws/src/build/41068_ignition_bringup': CMAKE_PREFIX_PATH=${CMAKE_PREFIX_PATH}:/opt/ros/humble /usr/bin/cmake /home/student/git/FIREWARDENBOT/World/41068_ws/src -DAMENT_CMAKE_SYMLINK_INSTALL=1 -DCMAKE_INSTALL_PREFIX=/home/student/git/FIREWARDENBOT/World/41068_ws/src/install/41068_ignition_bringup
[4.128s] DEBUG:colcon.colcon_core.event_handler.log_command:Invoked command in '/home/student/git/FIREWARDENBOT/World/41068_ws/src/build/41068_ignition_bringup' returned '0': CMAKE_PREFIX_PATH=${CMAKE_PREFIX_PATH}:/opt/ros/humble /usr/bin/cmake /home/student/git/FIREWARDENBOT/World/41068_ws/src -DAMENT_CMAKE_SYMLINK_INSTALL=1 -DCMAKE_INSTALL_PREFIX=/home/student/git/FIREWARDENBOT/World/41068_ws/src/install/41068_ignition_bringup
[4.130s] DEBUG:colcon.colcon_core.event_handler.log_command:Invoking command in '/home/student/git/FIREWARDENBOT/World/41068_ws/src/build/41068_ignition_bringup': CMAKE_PREFIX_PATH=${CMAKE_PREFIX_PATH}:/opt/ros/humble /usr/bin/cmake --build /home/student/git/FIREWARDENBOT/World/41068_ws/src/build/41068_ignition_bringup -- -j8 -l8
[4.175s] DEBUG:colcon.colcon_core.event_handler.log_command:Invoked command in '/home/student/git/FIREWARDENBOT/World/41068_ws/src/build/41068_ignition_bringup' returned '0': CMAKE_PREFIX_PATH=${CMAKE_PREFIX_PATH}:/opt/ros/humble /usr/bin/cmake --build /home/student/git/FIREWARDENBOT/World/41068_ws/src/build/41068_ignition_bringup -- -j8 -l8
[4.185s] DEBUG:colcon.colcon_core.event_handler.log_command:Invoking command in '/home/student/git/FIREWARDENBOT/World/41068_ws/src/build/41068_ignition_bringup': CMAKE_PREFIX_PATH=${CMAKE_PREFIX_PATH}:/opt/ros/humble /usr/bin/cmake --install /home/student/git/FIREWARDENBOT/World/41068_ws/src/build/41068_ignition_bringup
[4.609s] Level 1:colcon.colcon_core.environment:create_environment_scripts_only(41068_ignition_bringup)
[4.610s] DEBUG:colcon.colcon_core.event_handler.log_command:Invoked command in '/home/student/git/FIREWARDENBOT/World/41068_ws/src/build/41068_ignition_bringup' returned '0': CMAKE_PREFIX_PATH=${CMAKE_PREFIX_PATH}:/opt/ros/humble /usr/bin/cmake --install /home/student/git/FIREWARDENBOT/World/41068_ws/src/build/41068_ignition_bringup
[4.612s] Level 1:colcon.colcon_core.environment:checking '/home/student/git/FIREWARDENBOT/World/41068_ws/src/install/41068_ignition_bringup' for CMake module files
[4.612s] Level 1:colcon.colcon_core.environment:checking '/home/student/git/FIREWARDENBOT/World/41068_ws/src/install/41068_ignition_bringup' for CMake config files
[4.613s] Level 1:colcon.colcon_core.shell:create_environment_hook('41068_ignition_bringup', 'cmake_prefix_path')
[4.613s] INFO:colcon.colcon_core.shell:Creating environment hook '/home/student/git/FIREWARDENBOT/World/41068_ws/src/install/41068_ignition_bringup/share/41068_ignition_bringup/hook/cmake_prefix_path.ps1'
[4.614s] INFO:colcon.colcon_core.shell:Creating environment descriptor '/home/student/git/FIREWARDENBOT/World/41068_ws/src/install/41068_ignition_bringup/share/41068_ignition_bringup/hook/cmake_prefix_path.dsv'
[4.614s] INFO:colcon.colcon_core.shell:Creating environment hook '/home/student/git/FIREWARDENBOT/World/41068_ws/src/install/41068_ignition_bringup/share/41068_ignition_bringup/hook/cmake_prefix_path.sh'
[4.615s] Level 1:colcon.colcon_core.environment:checking '/home/student/git/FIREWARDENBOT/World/41068_ws/src/install/41068_ignition_bringup/bin'
[4.615s] Level 1:colcon.colcon_core.environment:checking '/home/student/git/FIREWARDENBOT/World/41068_ws/src/install/41068_ignition_bringup/lib/pkgconfig/41068_ignition_bringup.pc'
[4.615s] Level 1:colcon.colcon_core.environment:checking '/home/student/git/FIREWARDENBOT/World/41068_ws/src/install/41068_ignition_bringup/lib/python3.10/site-packages'
[4.616s] Level 1:colcon.colcon_core.environment:checking '/home/student/git/FIREWARDENBOT/World/41068_ws/src/install/41068_ignition_bringup/bin'
[4.616s] INFO:colcon.colcon_core.shell:Creating package script '/home/student/git/FIREWARDENBOT/World/41068_ws/src/install/41068_ignition_bringup/share/41068_ignition_bringup/package.ps1'
[4.617s] INFO:colcon.colcon_core.shell:Creating package descriptor '/home/student/git/FIREWARDENBOT/World/41068_ws/src/install/41068_ignition_bringup/share/41068_ignition_bringup/package.dsv'
[4.617s] INFO:colcon.colcon_core.shell:Creating package script '/home/student/git/FIREWARDENBOT/World/41068_ws/src/install/41068_ignition_bringup/share/41068_ignition_bringup/package.sh'
[4.618s] INFO:colcon.colcon_core.shell:Creating package script '/home/student/git/FIREWARDENBOT/World/41068_ws/src/install/41068_ignition_bringup/share/41068_ignition_bringup/package.bash'
[4.619s] INFO:colcon.colcon_core.shell:Creating package script '/home/student/git/FIREWARDENBOT/World/41068_ws/src/install/41068_ignition_bringup/share/41068_ignition_bringup/package.zsh'
[4.619s] Level 1:colcon.colcon_core.environment:create_file_with_runtime_dependencies(/home/student/git/FIREWARDENBOT/World/41068_ws/src/install/41068_ignition_bringup/share/colcon-core/packages/41068_ignition_bringup)
[4.620s] Level 1:colcon.colcon_core.environment:create_environment_scripts_only(41068_ignition_bringup)
[4.620s] Level 1:colcon.colcon_core.environment:checking '/home/student/git/FIREWARDENBOT/World/41068_ws/src/install/41068_ignition_bringup' for CMake module files
[4.621s] Level 1:colcon.colcon_core.environment:checking '/home/student/git/FIREWARDENBOT/World/41068_ws/src/install/41068_ignition_bringup' for CMake config files
[4.621s] Level 1:colcon.colcon_core.shell:create_environment_hook('41068_ignition_bringup', 'cmake_prefix_path')
[4.622s] INFO:colcon.colcon_core.shell:Creating environment hook '/home/student/git/FIREWARDENBOT/World/41068_ws/src/install/41068_ignition_bringup/share/41068_ignition_bringup/hook/cmake_prefix_path.ps1'
[4.622s] INFO:colcon.colcon_core.shell:Creating environment descriptor '/home/student/git/FIREWARDENBOT/World/41068_ws/src/install/41068_ignition_bringup/share/41068_ignition_bringup/hook/cmake_prefix_path.dsv'
[4.622s] INFO:colcon.colcon_core.shell:Creating environment hook '/home/student/git/FIREWARDENBOT/World/41068_ws/src/install/41068_ignition_bringup/share/41068_ignition_bringup/hook/cmake_prefix_path.sh'
[4.623s] Level 1:colcon.colcon_core.environment:checking '/home/student/git/FIREWARDENBOT/World/41068_ws/src/install/41068_ignition_bringup/bin'
[4.623s] Level 1:colcon.colcon_core.environment:checking '/home/student/git/FIREWARDENBOT/World/41068_ws/src/install/41068_ignition_bringup/lib/pkgconfig/41068_ignition_bringup.pc'
[4.623s] Level 1:colcon.colcon_core.environment:checking '/home/student/git/FIREWARDENBOT/World/41068_ws/src/install/41068_ignition_bringup/lib/python3.10/site-packages'
[4.623s] Level 1:colcon.colcon_core.environment:checking '/home/student/git/FIREWARDENBOT/World/41068_ws/src/install/41068_ignition_bringup/bin'
[4.624s] INFO:colcon.colcon_core.shell:Creating package script '/home/student/git/FIREWARDENBOT/World/41068_ws/src/install/41068_ignition_bringup/share/41068_ignition_bringup/package.ps1'
[4.624s] INFO:colcon.colcon_core.shell:Creating package descriptor '/home/student/git/FIREWARDENBOT/World/41068_ws/src/install/41068_ignition_bringup/share/41068_ignition_bringup/package.dsv'
[4.625s] INFO:colcon.colcon_core.shell:Creating package script '/home/student/git/FIREWARDENBOT/World/41068_ws/src/install/41068_ignition_bringup/share/41068_ignition_bringup/package.sh'
[4.625s] INFO:colcon.colcon_core.shell:Creating package script '/home/student/git/FIREWARDENBOT/World/41068_ws/src/install/41068_ignition_bringup/share/41068_ignition_bringup/package.bash'
[4.626s] INFO:colcon.colcon_core.shell:Creating package script '/home/student/git/FIREWARDENBOT/World/41068_ws/src/install/41068_ignition_bringup/share/41068_ignition_bringup/package.zsh'
[4.626s] Level 1:colcon.colcon_core.environment:create_file_with_runtime_dependencies(/home/student/git/FIREWARDENBOT/World/41068_ws/src/install/41068_ignition_bringup/share/colcon-core/packages/41068_ignition_bringup)
[4.626s] DEBUG:colcon.colcon_parallel_executor.executor.parallel:closing loop
[4.627s] DEBUG:colcon.colcon_parallel_executor.executor.parallel:loop closed
[4.627s] DEBUG:colcon.colcon_parallel_executor.executor.parallel:run_until_complete finished with '0'
[4.627s] DEBUG:colcon.colcon_core.event_reactor:joining thread
[4.632s] INFO:colcon.colcon_core.plugin_system:Skipping extension 'colcon_notification.desktop_notification.terminal_notifier': Not used on non-Darwin systems
[4.632s] INFO:colcon.colcon_core.plugin_system:Skipping extension 'colcon_notification.desktop_notification.win32': Not used on non-Windows systems
[4.632s] INFO:colcon.colcon_notification.desktop_notification:Sending desktop notification using 'notify2'
[4.651s] DEBUG:colcon.colcon_core.event_reactor:joined thread
[4.652s] INFO:colcon.colcon_core.shell:Creating prefix script '/home/student/git/FIREWARDENBOT/World/41068_ws/src/install/local_setup.ps1'
[4.653s] INFO:colcon.colcon_core.shell:Creating prefix util module '/home/student/git/FIREWARDENBOT/World/41068_ws/src/install/_local_setup_util_ps1.py'
[4.654s] INFO:colcon.colcon_core.shell:Creating prefix chain script '/home/student/git/FIREWARDENBOT/World/41068_ws/src/install/setup.ps1'
[4.655s] INFO:colcon.colcon_core.shell:Creating prefix script '/home/student/git/FIREWARDENBOT/World/41068_ws/src/install/local_setup.sh'
[4.656s] INFO:colcon.colcon_core.shell:Creating prefix util module '/home/student/git/FIREWARDENBOT/World/41068_ws/src/install/_local_setup_util_sh.py'
[4.656s] INFO:colcon.colcon_core.shell:Creating prefix chain script '/home/student/git/FIREWARDENBOT/World/41068_ws/src/install/setup.sh'
[4.658s] INFO:colcon.colcon_core.shell:Creating prefix script '/home/student/git/FIREWARDENBOT/World/41068_ws/src/install/local_setup.bash'
[4.658s] INFO:colcon.colcon_core.shell:Creating prefix chain script '/home/student/git/FIREWARDENBOT/World/41068_ws/src/install/setup.bash'
[4.660s] INFO:colcon.colcon_core.shell:Creating prefix script '/home/student/git/FIREWARDENBOT/World/41068_ws/src/install/local_setup.zsh'
[4.660s] INFO:colcon.colcon_core.shell:Creating prefix chain script '/home/student/git/FIREWARDENBOT/World/41068_ws/src/install/setup.zsh'
