[0.109s] DEBUG:colcon:Command line arguments: ['/usr/bin/colcon', 'list', '-p', '--base-paths', '/home/student/git/FIREWARDENBOT/World/WorldWithDrone']
[0.109s] DEBUG:colcon:Parsed command line arguments: Namespace(log_base=None, log_level=None, verb_name='list', build_base='build', ignore_user_meta=False, metas=['./colcon.meta'], base_paths=['/home/student/git/FIREWARDENBOT/World/WorldWithDrone'], packages_ignore=None, packages_ignore_regex=None, paths=None, packages_up_to=None, packages_up_to_regex=None, packages_above=None, packages_above_and_dependencies=None, packages_above_depth=None, packages_select_by_dep=None, packages_skip_by_dep=None, packages_skip_up_to=None, packages_select_build_failed=False, packages_skip_build_finished=False, packages_select_test_failures=False, packages_skip_test_passed=False, packages_select=None, packages_skip=None, packages_select_regex=None, packages_skip_regex=None, packages_start=None, packages_end=None, allow_overriding=[], topological_order=False, names_only=False, paths_only=True, topological_graph=False, topological_graph_dot=False, topological_graph_density=False, topological_graph_legend=False, topological_graph_dot_cluster=False, topological_graph_dot_include_skipped=False, mixin_files=None, mixin=None, verb_parser=<colcon_mixin.mixin.mixin_argument.MixinArgumentDecorator object at 0x72ba3db56a70>, verb_extension=<colcon_package_information.verb.list.ListVerb object at 0x72ba3dc632b0>, main=<bound method ListVerb.main of <colcon_package_information.verb.list.ListVerb object at 0x72ba3dc632b0>>, mixin_verb=('list',))
[0.304s] Level 1:colcon.colcon_core.package_discovery:discover_packages(colcon_meta) check parameters
[0.304s] Level 1:colcon.colcon_core.package_discovery:discover_packages(recursive) check parameters
[0.305s] Level 1:colcon.colcon_core.package_discovery:discover_packages(ignore) check parameters
[0.305s] Level 1:colcon.colcon_core.package_discovery:discover_packages(path) check parameters
[0.305s] Level 1:colcon.colcon_core.package_discovery:discover_packages(recursive) discover
[0.305s] INFO:colcon.colcon_core.package_discovery:Crawling recursively for packages in '/home/student/git/FIREWARDENBOT/World/WorldWithDrone'
[0.305s] Level 1:colcon.colcon_core.package_identification:_identify(/home/student/git/FIREWARDENBOT/World/WorldWithDrone) by extensions ['ignore', 'ignore_ament_install']
[0.305s] Level 1:colcon.colcon_core.package_identification:_identify(/home/student/git/FIREWARDENBOT/World/WorldWithDrone) by extension 'ignore'
[0.305s] Level 1:colcon.colcon_core.package_identification:_identify(/home/student/git/FIREWARDENBOT/World/WorldWithDrone) by extension 'ignore_ament_install'
[0.305s] Level 1:colcon.colcon_core.package_identification:_identify(/home/student/git/FIREWARDENBOT/World/WorldWithDrone) by extensions ['colcon_pkg']
[0.305s] Level 1:colcon.colcon_core.package_identification:_identify(/home/student/git/FIREWARDENBOT/World/WorldWithDrone) by extension 'colcon_pkg'
[0.305s] Level 1:colcon.colcon_core.package_identification:_identify(/home/student/git/FIREWARDENBOT/World/WorldWithDrone) by extensions ['colcon_meta']
[0.305s] Level 1:colcon.colcon_core.package_identification:_identify(/home/student/git/FIREWARDENBOT/World/WorldWithDrone) by extension 'colcon_meta'
[0.305s] Level 1:colcon.colcon_core.package_identification:_identify(/home/student/git/FIREWARDENBOT/World/WorldWithDrone) by extensions ['ros']
[0.305s] Level 1:colcon.colcon_core.package_identification:_identify(/home/student/git/FIREWARDENBOT/World/WorldWithDrone) by extension 'ros'
[0.320s] Level 1:colcon.colcon_core.package_identification:_identify(/home/student/git/FIREWARDENBOT/World/WorldWithDrone) by extensions ['cmake', 'python']
[0.321s] Level 1:colcon.colcon_core.package_identification:_identify(/home/student/git/FIREWARDENBOT/World/WorldWithDrone) by extension 'cmake'
[0.321s] Level 1:colcon.colcon_core.package_identification:_identify(/home/student/git/FIREWARDENBOT/World/WorldWithDrone) by extension 'python'
[0.321s] Level 1:colcon.colcon_core.package_identification:_identify(/home/student/git/FIREWARDENBOT/World/WorldWithDrone) by extensions ['python_setup_py']
[0.321s] Level 1:colcon.colcon_core.package_identification:_identify(/home/student/git/FIREWARDENBOT/World/WorldWithDrone) by extension 'python_setup_py'
[0.321s] Level 1:colcon.colcon_core.package_identification:_identify(/home/student/git/FIREWARDENBOT/World/WorldWithDrone/build) by extensions ['ignore', 'ignore_ament_install']
[0.321s] Level 1:colcon.colcon_core.package_identification:_identify(/home/student/git/FIREWARDENBOT/World/WorldWithDrone/build) by extension 'ignore'
[0.321s] Level 1:colcon.colcon_core.package_identification:_identify(/home/student/git/FIREWARDENBOT/World/WorldWithDrone/build) ignored
[0.322s] Level 1:colcon.colcon_core.package_identification:_identify(/home/student/git/FIREWARDENBOT/World/WorldWithDrone/install) by extensions ['ignore', 'ignore_ament_install']
[0.322s] Level 1:colcon.colcon_core.package_identification:_identify(/home/student/git/FIREWARDENBOT/World/WorldWithDrone/install) by extension 'ignore'
[0.322s] Level 1:colcon.colcon_core.package_identification:_identify(/home/student/git/FIREWARDENBOT/World/WorldWithDrone/install) ignored
[0.322s] Level 1:colcon.colcon_core.package_identification:_identify(/home/student/git/FIREWARDENBOT/World/WorldWithDrone/log) by extensions ['ignore', 'ignore_ament_install']
[0.322s] Level 1:colcon.colcon_core.package_identification:_identify(/home/student/git/FIREWARDENBOT/World/WorldWithDrone/log) by extension 'ignore'
[0.322s] Level 1:colcon.colcon_core.package_identification:_identify(/home/student/git/FIREWARDENBOT/World/WorldWithDrone/log) ignored
[0.323s] Level 1:colcon.colcon_core.package_identification:_identify(/home/student/git/FIREWARDENBOT/World/WorldWithDrone/src) by extensions ['ignore', 'ignore_ament_install']
[0.323s] Level 1:colcon.colcon_core.package_identification:_identify(/home/student/git/FIREWARDENBOT/World/WorldWithDrone/src) by extension 'ignore'
[0.323s] Level 1:colcon.colcon_core.package_identification:_identify(/home/student/git/FIREWARDENBOT/World/WorldWithDrone/src) by extension 'ignore_ament_install'
[0.323s] Level 1:colcon.colcon_core.package_identification:_identify(/home/student/git/FIREWARDENBOT/World/WorldWithDrone/src) by extensions ['colcon_pkg']
[0.323s] Level 1:colcon.colcon_core.package_identification:_identify(/home/student/git/FIREWARDENBOT/World/WorldWithDrone/src) by extension 'colcon_pkg'
[0.323s] Level 1:colcon.colcon_core.package_identification:_identify(/home/student/git/FIREWARDENBOT/World/WorldWithDrone/src) by extensions ['colcon_meta']
[0.323s] Level 1:colcon.colcon_core.package_identification:_identify(/home/student/git/FIREWARDENBOT/World/WorldWithDrone/src) by extension 'colcon_meta'
[0.323s] Level 1:colcon.colcon_core.package_identification:_identify(/home/student/git/FIREWARDENBOT/World/WorldWithDrone/src) by extensions ['ros']
[0.323s] Level 1:colcon.colcon_core.package_identification:_identify(/home/student/git/FIREWARDENBOT/World/WorldWithDrone/src) by extension 'ros'
[0.327s] DEBUG:colcon.colcon_core.package_identification:Package '/home/student/git/FIREWARDENBOT/World/WorldWithDrone/src' with type 'ros.ament_cmake' and name '41068_ignition_bringup'
[0.327s] Level 1:colcon.colcon_core.package_discovery:discover_packages(recursive) using defaults
