[0.071s] Invoking command in '/home/student/git/FIREWARDENBOT/World/41068_ws/build/firewardenbot_vision': CMAKE_PREFIX_PATH=/opt/ros/humble /usr/bin/cmake --build /home/student/git/FIREWARDENBOT/World/41068_ws/build/firewardenbot_vision -- -j8 -l8
[0.326s] [100%] Built target fast_foliage_detector
[0.401s] Invoked command in '/home/student/git/FIREWARDENBOT/World/41068_ws/build/firewardenbot_vision' returned '0': CMAKE_PREFIX_PATH=/opt/ros/humble /usr/bin/cmake --build /home/student/git/FIREWARDENBOT/World/41068_ws/build/firewardenbot_vision -- -j8 -l8
[0.407s] Invoking command in '/home/student/git/FIREWARDENBOT/World/41068_ws/build/firewardenbot_vision': CMAKE_PREFIX_PATH=/opt/ros/humble /usr/bin/cmake --install /home/student/git/FIREWARDENBOT/World/41068_ws/build/firewardenbot_vision
[0.422s] -- Install configuration: ""
[0.422s] -- Up-to-date: /home/student/git/FIREWARDENBOT/World/41068_ws/install/firewardenbot_vision/lib/firewardenbot_vision/foliage_hazard_node.py
[0.423s] -- Up-to-date: /home/student/git/FIREWARDENBOT/World/41068_ws/install/firewardenbot_vision/lib/firewardenbot_vision/object_detection_node.py
[0.423s] -- Up-to-date: /home/student/git/FIREWARDENBOT/World/41068_ws/install/firewardenbot_vision/lib/firewardenbot_vision/image_processing_node.py
[0.423s] -- Up-to-date: /home/student/git/FIREWARDENBOT/World/41068_ws/install/firewardenbot_vision/lib/firewardenbot_vision/stereo_vision_node.py
[0.424s] -- Up-to-date: /home/student/git/FIREWARDENBOT/World/41068_ws/install/firewardenbot_vision/lib/firewardenbot_vision/vision_aggregator.py
[0.425s] -- Up-to-date: /home/student/git/FIREWARDENBOT/World/41068_ws/install/firewardenbot_vision/lib/firewardenbot_vision/fast_foliage_detector
[0.426s] -- Up-to-date: /home/student/git/FIREWARDENBOT/World/41068_ws/install/firewardenbot_vision/share/firewardenbot_vision/launch
[0.426s] -- Up-to-date: /home/student/git/FIREWARDENBOT/World/41068_ws/install/firewardenbot_vision/share/firewardenbot_vision/launch/firewardenbot_with_vision.launch.py
[0.426s] -- Up-to-date: /home/student/git/FIREWARDENBOT/World/41068_ws/install/firewardenbot_vision/share/firewardenbot_vision/launch/vision_system.launch.py
[0.427s] -- Up-to-date: /home/student/git/FIREWARDENBOT/World/41068_ws/install/firewardenbot_vision/share/firewardenbot_vision/config
[0.427s] -- Up-to-date: /home/student/git/FIREWARDENBOT/World/41068_ws/install/firewardenbot_vision/share/firewardenbot_vision/config/vision_config.yaml
[0.428s] -- Up-to-date: /home/student/git/FIREWARDENBOT/World/41068_ws/install/firewardenbot_vision/share/ament_index/resource_index/package_run_dependencies/firewardenbot_vision
[0.428s] -- Up-to-date: /home/student/git/FIREWARDENBOT/World/41068_ws/install/firewardenbot_vision/share/ament_index/resource_index/parent_prefix_path/firewardenbot_vision
[0.429s] -- Up-to-date: /home/student/git/FIREWARDENBOT/World/41068_ws/install/firewardenbot_vision/share/firewardenbot_vision/environment/ament_prefix_path.sh
[0.429s] -- Up-to-date: /home/student/git/FIREWARDENBOT/World/41068_ws/install/firewardenbot_vision/share/firewardenbot_vision/environment/ament_prefix_path.dsv
[0.430s] -- Up-to-date: /home/student/git/FIREWARDENBOT/World/41068_ws/install/firewardenbot_vision/share/firewardenbot_vision/environment/path.sh
[0.430s] -- Up-to-date: /home/student/git/FIREWARDENBOT/World/41068_ws/install/firewardenbot_vision/share/firewardenbot_vision/environment/path.dsv
[0.431s] -- Up-to-date: /home/student/git/FIREWARDENBOT/World/41068_ws/install/firewardenbot_vision/share/firewardenbot_vision/local_setup.bash
[0.436s] -- Up-to-date: /home/student/git/FIREWARDENBOT/World/41068_ws/install/firewardenbot_vision/share/firewardenbot_vision/local_setup.sh
[0.436s] -- Up-to-date: /home/student/git/FIREWARDENBOT/World/41068_ws/install/firewardenbot_vision/share/firewardenbot_vision/local_setup.zsh
[0.436s] -- Up-to-date: /home/student/git/FIREWARDENBOT/World/41068_ws/install/firewardenbot_vision/share/firewardenbot_vision/local_setup.dsv
[0.436s] -- Installing: /home/student/git/FIREWARDENBOT/World/41068_ws/install/firewardenbot_vision/share/firewardenbot_vision/package.dsv
[0.436s] -- Up-to-date: /home/student/git/FIREWARDENBOT/World/41068_ws/install/firewardenbot_vision/share/ament_index/resource_index/packages/firewardenbot_vision
[0.437s] -- Up-to-date: /home/student/git/FIREWARDENBOT/World/41068_ws/install/firewardenbot_vision/share/firewardenbot_vision/cmake/firewardenbot_visionConfig.cmake
[0.439s] -- Up-to-date: /home/student/git/FIREWARDENBOT/World/41068_ws/install/firewardenbot_vision/share/firewardenbot_vision/cmake/firewardenbot_visionConfig-version.cmake
[0.442s] -- Up-to-date: /home/student/git/FIREWARDENBOT/World/41068_ws/install/firewardenbot_vision/share/firewardenbot_vision/package.xml
[0.443s] Invoked command in '/home/student/git/FIREWARDENBOT/World/41068_ws/build/firewardenbot_vision' returned '0': CMAKE_PREFIX_PATH=/opt/ros/humble /usr/bin/cmake --install /home/student/git/FIREWARDENBOT/World/41068_ws/build/firewardenbot_vision
