[0.023s] Invoking command in '/home/student/git/FIREWARDENBOT/World/WorldWithDrone/src/build/41068_ignition_bringup': CMAKE_PREFIX_PATH=${CMAKE_PREFIX_PATH}:/opt/ros/humble /usr/bin/cmake /home/student/git/FIREWARDENBOT/World/WorldWithDrone/src -DAMENT_CMAKE_SYMLINK_INSTALL=1 -DCMAKE_INSTALL_PREFIX=/home/student/git/FIREWARDENBOT/World/WorldWithDrone/src/install/41068_ignition_bringup
[0.047s] -- Found ament_cmake: 1.3.12 (/opt/ros/humble/share/ament_cmake/cmake)
[0.248s] -- Override CMake install command with custom implementation using symlinks instead of copying resources
[0.263s] -- Found ros_ign_interfaces: 0.244.20 (/opt/ros/humble/share/ros_ign_interfaces/cmake)
[0.292s] -- Found rosidl_generator_c: 3.1.7 (/opt/ros/humble/share/rosidl_generator_c/cmake)
[0.294s] -- Found rosidl_adapter: 3.1.7 (/opt/ros/humble/share/rosidl_adapter/cmake)
[0.301s] -- Found rosidl_generator_cpp: 3.1.7 (/opt/ros/humble/share/rosidl_generator_cpp/cmake)
[0.311s] -- Using all available rosidl_typesupport_c: rosidl_typesupport_fastrtps_c;rosidl_typesupport_introspection_c
[0.325s] -- Using all available rosidl_typesupport_cpp: rosidl_typesupport_fastrtps_cpp;rosidl_typesupport_introspection_cpp
[0.416s] -- Found ament_lint_auto: 0.12.14 (/opt/ros/humble/share/ament_lint_auto/cmake)
[0.484s] WARNING: Package name "41068_ignition_bringup" does not follow the naming conventions. It should start with a lower case letter and only contain lower case letters, digits, underscores, and dashes.
[0.538s] -- Added test 'copyright' to check source files copyright and LICENSE
[0.554s] -- Added test 'cppcheck' to perform static code analysis on C / C++ code
[0.554s] -- Configured cppcheck include dirs: 
[0.554s] -- Configured cppcheck exclude dirs and/or files: 
[0.569s] -- Added test 'cpplint' to check C / C++ code against the Google style
[0.569s] -- Configured cpplint exclude dirs and/or files: 
[0.571s] -- Added test 'flake8' to check Python code syntax and style conventions
[0.576s] -- Added test 'lint_cmake' to check CMake code style
[0.578s] -- Added test 'pep257' to check Python code against some of the docstring style conventions in PEP 257
[0.593s] -- Added test 'uncrustify' to check C / C++ code style
[0.594s] -- Configured uncrustify additional arguments: 
[0.596s] -- Added test 'xmllint' to check XML markup files
[0.607s] -- Configuring done
[0.644s] -- Generating done
[0.650s] -- Build files have been written to: /home/student/git/FIREWARDENBOT/World/WorldWithDrone/src/build/41068_ignition_bringup
[0.660s] Invoked command in '/home/student/git/FIREWARDENBOT/World/WorldWithDrone/src/build/41068_ignition_bringup' returned '0': CMAKE_PREFIX_PATH=${CMAKE_PREFIX_PATH}:/opt/ros/humble /usr/bin/cmake /home/student/git/FIREWARDENBOT/World/WorldWithDrone/src -DAMENT_CMAKE_SYMLINK_INSTALL=1 -DCMAKE_INSTALL_PREFIX=/home/student/git/FIREWARDENBOT/World/WorldWithDrone/src/install/41068_ignition_bringup
[0.663s] Invoking command in '/home/student/git/FIREWARDENBOT/World/WorldWithDrone/src/build/41068_ignition_bringup': CMAKE_PREFIX_PATH=${CMAKE_PREFIX_PATH}:/opt/ros/humble /usr/bin/cmake --build /home/student/git/FIREWARDENBOT/World/WorldWithDrone/src/build/41068_ignition_bringup -- -j8 -l8
[0.713s] Invoked command in '/home/student/git/FIREWARDENBOT/World/WorldWithDrone/src/build/41068_ignition_bringup' returned '0': CMAKE_PREFIX_PATH=${CMAKE_PREFIX_PATH}:/opt/ros/humble /usr/bin/cmake --build /home/student/git/FIREWARDENBOT/World/WorldWithDrone/src/build/41068_ignition_bringup -- -j8 -l8
[0.727s] Invoking command in '/home/student/git/FIREWARDENBOT/World/WorldWithDrone/src/build/41068_ignition_bringup': CMAKE_PREFIX_PATH=${CMAKE_PREFIX_PATH}:/opt/ros/humble /usr/bin/cmake --install /home/student/git/FIREWARDENBOT/World/WorldWithDrone/src/build/41068_ignition_bringup
[0.736s] -- Install configuration: ""
[0.736s] -- Execute custom install script
[0.737s] -- Symlinking: /home/student/git/FIREWARDENBOT/World/WorldWithDrone/src/install/41068_ignition_bringup/share/41068_ignition_bringup/config/41068.rviz
[0.748s] -- Symlinking: /home/student/git/FIREWARDENBOT/World/WorldWithDrone/src/install/41068_ignition_bringup/share/41068_ignition_bringup/config/gazebo_bridge.yaml
[0.759s] -- Symlinking: /home/student/git/FIREWARDENBOT/World/WorldWithDrone/src/install/41068_ignition_bringup/share/41068_ignition_bringup/config/nav2_params.yaml
[0.770s] -- Symlinking: /home/student/git/FIREWARDENBOT/World/WorldWithDrone/src/install/41068_ignition_bringup/share/41068_ignition_bringup/config/robot_localization.yaml
[0.781s] -- Symlinking: /home/student/git/FIREWARDENBOT/World/WorldWithDrone/src/install/41068_ignition_bringup/share/41068_ignition_bringup/config/slam_params.yaml
[0.793s] -- Symlinking: /home/student/git/FIREWARDENBOT/World/WorldWithDrone/src/install/41068_ignition_bringup/share/41068_ignition_bringup/launch/41068_ignition.launch.py
[0.805s] -- Symlinking: /home/student/git/FIREWARDENBOT/World/WorldWithDrone/src/install/41068_ignition_bringup/share/41068_ignition_bringup/launch/41068_ignition_drone.launch.py
[0.817s] -- Symlinking: /home/student/git/FIREWARDENBOT/World/WorldWithDrone/src/install/41068_ignition_bringup/share/41068_ignition_bringup/launch/41068_navigation.launch.py
[0.828s] -- Symlinking: /home/student/git/FIREWARDENBOT/World/WorldWithDrone/src/install/41068_ignition_bringup/share/41068_ignition_bringup/launch/mapping.py
[0.840s] -- Symlinking: /home/student/git/FIREWARDENBOT/World/WorldWithDrone/src/install/41068_ignition_bringup/share/41068_ignition_bringup/launch/navigation.py
[0.851s] -- Symlinking: /home/student/git/FIREWARDENBOT/World/WorldWithDrone/src/install/41068_ignition_bringup/share/41068_ignition_bringup/launch/project_progress.py
[0.862s] -- Symlinking: /home/student/git/FIREWARDENBOT/World/WorldWithDrone/src/install/41068_ignition_bringup/share/41068_ignition_bringup/models/forest_plane/materials/textures/empty_grass.png
[0.873s] -- Symlinking: /home/student/git/FIREWARDENBOT/World/WorldWithDrone/src/install/41068_ignition_bringup/share/41068_ignition_bringup/models/forest_plane/materials/textures/forest_overhead.png
[0.884s] -- Symlinking: /home/student/git/FIREWARDENBOT/World/WorldWithDrone/src/install/41068_ignition_bringup/share/41068_ignition_bringup/models/forest_plane/materials/textures/leaf_litter.png
[0.895s] -- Symlinking: /home/student/git/FIREWARDENBOT/World/WorldWithDrone/src/install/41068_ignition_bringup/share/41068_ignition_bringup/models/forest_plane/model.config
[0.906s] -- Symlinking: /home/student/git/FIREWARDENBOT/World/WorldWithDrone/src/install/41068_ignition_bringup/share/41068_ignition_bringup/models/forest_plane/model.sdf
[0.917s] -- Symlinking: /home/student/git/FIREWARDENBOT/World/WorldWithDrone/src/install/41068_ignition_bringup/share/41068_ignition_bringup/models/forest_wall/materials/textures/forest_wall.png
[0.929s] -- Symlinking: /home/student/git/FIREWARDENBOT/World/WorldWithDrone/src/install/41068_ignition_bringup/share/41068_ignition_bringup/models/forest_wall/materials/textures/forest_wall_transparent.png
[0.941s] -- Symlinking: /home/student/git/FIREWARDENBOT/World/WorldWithDrone/src/install/41068_ignition_bringup/share/41068_ignition_bringup/models/forest_wall/materials/textures/forest_wall_transparent_small.png
[0.953s] -- Symlinking: /home/student/git/FIREWARDENBOT/World/WorldWithDrone/src/install/41068_ignition_bringup/share/41068_ignition_bringup/models/forest_wall/model.config
[0.964s] -- Symlinking: /home/student/git/FIREWARDENBOT/World/WorldWithDrone/src/install/41068_ignition_bringup/share/41068_ignition_bringup/models/forest_wall/model.sdf
[0.975s] -- Symlinking: /home/student/git/FIREWARDENBOT/World/WorldWithDrone/src/install/41068_ignition_bringup/share/41068_ignition_bringup/models/grass_plane/materials/textures/empty_grass.png
[0.987s] -- Symlinking: /home/student/git/FIREWARDENBOT/World/WorldWithDrone/src/install/41068_ignition_bringup/share/41068_ignition_bringup/models/grass_plane/model.config
[0.998s] -- Symlinking: /home/student/git/FIREWARDENBOT/World/WorldWithDrone/src/install/41068_ignition_bringup/share/41068_ignition_bringup/models/grass_plane/model.sdf
[1.009s] -- Symlinking: /home/student/git/FIREWARDENBOT/World/WorldWithDrone/src/install/41068_ignition_bringup/share/41068_ignition_bringup/urdf/common_properties.urdf.xacro
[1.020s] -- Symlinking: /home/student/git/FIREWARDENBOT/World/WorldWithDrone/src/install/41068_ignition_bringup/share/41068_ignition_bringup/urdf/husky.gazebo.xacro
[1.032s] -- Symlinking: /home/student/git/FIREWARDENBOT/World/WorldWithDrone/src/install/41068_ignition_bringup/share/41068_ignition_bringup/urdf/husky.urdf.xacro
[1.050s] -- Symlinking: /home/student/git/FIREWARDENBOT/World/WorldWithDrone/src/install/41068_ignition_bringup/share/41068_ignition_bringup/urdf/meshes/base_link.dae
[1.063s] -- Symlinking: /home/student/git/FIREWARDENBOT/World/WorldWithDrone/src/install/41068_ignition_bringup/share/41068_ignition_bringup/urdf/meshes/bumper.dae
[1.079s] -- Symlinking: /home/student/git/FIREWARDENBOT/World/WorldWithDrone/src/install/41068_ignition_bringup/share/41068_ignition_bringup/urdf/meshes/jpl04_arch_nosensor.stl
[1.093s] -- Symlinking: /home/student/git/FIREWARDENBOT/World/WorldWithDrone/src/install/41068_ignition_bringup/share/41068_ignition_bringup/urdf/meshes/top_chassis.dae
[1.105s] -- Symlinking: /home/student/git/FIREWARDENBOT/World/WorldWithDrone/src/install/41068_ignition_bringup/share/41068_ignition_bringup/urdf/meshes/top_plate.dae
[1.118s] -- Symlinking: /home/student/git/FIREWARDENBOT/World/WorldWithDrone/src/install/41068_ignition_bringup/share/41068_ignition_bringup/urdf/meshes/wheel.dae
[1.130s] -- Symlinking: /home/student/git/FIREWARDENBOT/World/WorldWithDrone/src/install/41068_ignition_bringup/share/41068_ignition_bringup/urdf/wheel.urdf.xacro
[1.141s] -- Symlinking: /home/student/git/FIREWARDENBOT/World/WorldWithDrone/src/install/41068_ignition_bringup/share/41068_ignition_bringup/worlds/large_demo.sdf
[1.153s] -- Symlinking: /home/student/git/FIREWARDENBOT/World/WorldWithDrone/src/install/41068_ignition_bringup/share/41068_ignition_bringup/worlds/modified.sdf
[1.164s] -- Symlinking: /home/student/git/FIREWARDENBOT/World/WorldWithDrone/src/install/41068_ignition_bringup/share/41068_ignition_bringup/worlds/simple_trees.sdf
[1.176s] -- Symlinking: /home/student/git/FIREWARDENBOT/World/WorldWithDrone/src/install/41068_ignition_bringup/share/41068_ignition_bringup/urdf_drone/common_properties.urdf.xacro
[1.187s] -- Symlinking: /home/student/git/FIREWARDENBOT/World/WorldWithDrone/src/install/41068_ignition_bringup/share/41068_ignition_bringup/urdf_drone/meshes/hull.dae
[1.198s] -- Symlinking: /home/student/git/FIREWARDENBOT/World/WorldWithDrone/src/install/41068_ignition_bringup/share/41068_ignition_bringup/urdf_drone/meshes/propeller_fl.dae
[1.209s] -- Symlinking: /home/student/git/FIREWARDENBOT/World/WorldWithDrone/src/install/41068_ignition_bringup/share/41068_ignition_bringup/urdf_drone/meshes/propeller_fr.dae
[1.220s] -- Symlinking: /home/student/git/FIREWARDENBOT/World/WorldWithDrone/src/install/41068_ignition_bringup/share/41068_ignition_bringup/urdf_drone/meshes/propeller_rl.dae
[1.236s] -- Symlinking: /home/student/git/FIREWARDENBOT/World/WorldWithDrone/src/install/41068_ignition_bringup/share/41068_ignition_bringup/urdf_drone/meshes/propeller_rr.dae
[1.248s] -- Symlinking: /home/student/git/FIREWARDENBOT/World/WorldWithDrone/src/install/41068_ignition_bringup/share/41068_ignition_bringup/urdf_drone/model.config
[1.260s] -- Symlinking: /home/student/git/FIREWARDENBOT/World/WorldWithDrone/src/install/41068_ignition_bringup/share/41068_ignition_bringup/urdf_drone/model.sdf
[1.271s] -- Symlinking: /home/student/git/FIREWARDENBOT/World/WorldWithDrone/src/install/41068_ignition_bringup/share/41068_ignition_bringup/urdf_drone/parrot.gazebo.xacro
[1.282s] -- Symlinking: /home/student/git/FIREWARDENBOT/World/WorldWithDrone/src/install/41068_ignition_bringup/share/41068_ignition_bringup/urdf_drone/parrot.urdf.xacro
[1.293s] -- Symlinking: /home/student/git/FIREWARDENBOT/World/WorldWithDrone/src/install/41068_ignition_bringup/share/41068_ignition_bringup/urdf_drone/thumbnails/1.png
[1.304s] -- Symlinking: /home/student/git/FIREWARDENBOT/World/WorldWithDrone/src/install/41068_ignition_bringup/share/41068_ignition_bringup/urdf_drone/thumbnails/2.png
[1.316s] -- Symlinking: /home/student/git/FIREWARDENBOT/World/WorldWithDrone/src/install/41068_ignition_bringup/share/41068_ignition_bringup/urdf_drone/thumbnails/3.png
[1.328s] -- Symlinking: /home/student/git/FIREWARDENBOT/World/WorldWithDrone/src/install/41068_ignition_bringup/share/41068_ignition_bringup/urdf_drone/thumbnails/4.png
[1.341s] -- Symlinking: /home/student/git/FIREWARDENBOT/World/WorldWithDrone/src/install/41068_ignition_bringup/share/41068_ignition_bringup/urdf_drone/thumbnails/5.png
[1.352s] -- Symlinking: /home/student/git/FIREWARDENBOT/World/WorldWithDrone/src/install/41068_ignition_bringup/share/ament_index/resource_index/package_run_dependencies/41068_ignition_bringup
[1.363s] -- Symlinking: /home/student/git/FIREWARDENBOT/World/WorldWithDrone/src/install/41068_ignition_bringup/share/ament_index/resource_index/parent_prefix_path/41068_ignition_bringup
[1.375s] -- Symlinking: /home/student/git/FIREWARDENBOT/World/WorldWithDrone/src/install/41068_ignition_bringup/share/41068_ignition_bringup/environment/ament_prefix_path.sh
[1.390s] -- Symlinking: /home/student/git/FIREWARDENBOT/World/WorldWithDrone/src/install/41068_ignition_bringup/share/41068_ignition_bringup/environment/ament_prefix_path.dsv
[1.406s] -- Symlinking: /home/student/git/FIREWARDENBOT/World/WorldWithDrone/src/install/41068_ignition_bringup/share/41068_ignition_bringup/environment/path.sh
[1.418s] -- Symlinking: /home/student/git/FIREWARDENBOT/World/WorldWithDrone/src/install/41068_ignition_bringup/share/41068_ignition_bringup/environment/path.dsv
[1.430s] -- Symlinking: /home/student/git/FIREWARDENBOT/World/WorldWithDrone/src/install/41068_ignition_bringup/share/41068_ignition_bringup/local_setup.bash
[1.442s] -- Symlinking: /home/student/git/FIREWARDENBOT/World/WorldWithDrone/src/install/41068_ignition_bringup/share/41068_ignition_bringup/local_setup.sh
[1.453s] -- Symlinking: /home/student/git/FIREWARDENBOT/World/WorldWithDrone/src/install/41068_ignition_bringup/share/41068_ignition_bringup/local_setup.zsh
[1.465s] -- Symlinking: /home/student/git/FIREWARDENBOT/World/WorldWithDrone/src/install/41068_ignition_bringup/share/41068_ignition_bringup/local_setup.dsv
[1.478s] -- Symlinking: /home/student/git/FIREWARDENBOT/World/WorldWithDrone/src/install/41068_ignition_bringup/share/41068_ignition_bringup/package.dsv
[1.490s] -- Symlinking: /home/student/git/FIREWARDENBOT/World/WorldWithDrone/src/install/41068_ignition_bringup/share/ament_index/resource_index/packages/41068_ignition_bringup
[1.501s] -- Symlinking: /home/student/git/FIREWARDENBOT/World/WorldWithDrone/src/install/41068_ignition_bringup/share/41068_ignition_bringup/cmake/41068_ignition_bringupConfig.cmake
[1.512s] -- Symlinking: /home/student/git/FIREWARDENBOT/World/WorldWithDrone/src/install/41068_ignition_bringup/share/41068_ignition_bringup/cmake/41068_ignition_bringupConfig-version.cmake
[1.524s] -- Symlinking: /home/student/git/FIREWARDENBOT/World/WorldWithDrone/src/install/41068_ignition_bringup/share/41068_ignition_bringup/package.xml
[1.545s] Invoked command in '/home/student/git/FIREWARDENBOT/World/WorldWithDrone/src/build/41068_ignition_bringup' returned '0': CMAKE_PREFIX_PATH=${CMAKE_PREFIX_PATH}:/opt/ros/humble /usr/bin/cmake --install /home/student/git/FIREWARDENBOT/World/WorldWithDrone/src/build/41068_ignition_bringup
