[0.316s] DEBUG:colcon:Command line arguments: ['/usr/bin/colcon', 'build']
[0.317s] DEBUG:colcon:Parsed command line arguments: Namespace(log_base=None, log_level=None, verb_name='build', build_base='build', install_base='install', merge_install=False, symlink_install=False, test_result_base=None, continue_on_error=False, executor='parallel', parallel_workers=8, event_handlers=None, ignore_user_meta=False, metas=['./colcon.meta'], base_paths=['.'], packages_ignore=None, packages_ignore_regex=None, paths=None, packages_up_to=None, packages_up_to_regex=None, packages_above=None, packages_above_and_dependencies=None, packages_above_depth=None, packages_select_by_dep=None, packages_skip_by_dep=None, packages_skip_up_to=None, packages_select_build_failed=False, packages_skip_build_finished=False, packages_select_test_failures=False, packages_skip_test_passed=False, packages_select=None, packages_skip=None, packages_select_regex=None, packages_skip_regex=None, packages_start=None, packages_end=None, allow_overriding=[], cmake_args=None, cmake_target=None, cmake_target_skip_unavailable=False, cmake_clean_cache=False, cmake_clean_first=False, cmake_force_configure=False, ament_cmake_args=None, catkin_cmake_args=None, catkin_skip_building_tests=False, mixin_files=None, mixin=None, verb_parser=<colcon_mixin.mixin.mixin_argument.MixinArgumentDecorator object at 0x76680ff363b0>, verb_extension=<colcon_core.verb.build.BuildVerb object at 0x76680ff35990>, main=<bound method BuildVerb.main of <colcon_core.verb.build.BuildVerb object at 0x76680ff35990>>, mixin_verb=('build',))
[0.521s] Level 1:colcon.colcon_core.package_discovery:discover_packages(colcon_meta) check parameters
[0.521s] Level 1:colcon.colcon_core.package_discovery:discover_packages(recursive) check parameters
[0.521s] Level 1:colcon.colcon_core.package_discovery:discover_packages(ignore) check parameters
[0.521s] Level 1:colcon.colcon_core.package_discovery:discover_packages(path) check parameters
[0.521s] Level 1:colcon.colcon_core.package_discovery:discover_packages(colcon_meta) discover
[0.521s] Level 1:colcon.colcon_core.package_discovery:discover_packages(recursive) discover
[0.522s] INFO:colcon.colcon_core.package_discovery:Crawling recursively for packages in '/home/student/git/FIREWARDENBOT/World/41068_ws'
[0.522s] Level 1:colcon.colcon_core.package_identification:_identify(.) by extensions ['ignore', 'ignore_ament_install']
[0.522s] Level 1:colcon.colcon_core.package_identification:_identify(.) by extension 'ignore'
[0.522s] Level 1:colcon.colcon_core.package_identification:_identify(.) by extension 'ignore_ament_install'
[0.522s] Level 1:colcon.colcon_core.package_identification:_identify(.) by extensions ['colcon_pkg']
[0.522s] Level 1:colcon.colcon_core.package_identification:_identify(.) by extension 'colcon_pkg'
[0.522s] Level 1:colcon.colcon_core.package_identification:_identify(.) by extensions ['colcon_meta']
[0.522s] Level 1:colcon.colcon_core.package_identification:_identify(.) by extension 'colcon_meta'
[0.522s] Level 1:colcon.colcon_core.package_identification:_identify(.) by extensions ['ros']
[0.522s] Level 1:colcon.colcon_core.package_identification:_identify(.) by extension 'ros'
[0.534s] Level 1:colcon.colcon_core.package_identification:_identify(.) by extensions ['cmake', 'python']
[0.534s] Level 1:colcon.colcon_core.package_identification:_identify(.) by extension 'cmake'
[0.534s] Level 1:colcon.colcon_core.package_identification:_identify(.) by extension 'python'
[0.534s] Level 1:colcon.colcon_core.package_identification:_identify(.) by extensions ['python_setup_py']
[0.534s] Level 1:colcon.colcon_core.package_identification:_identify(.) by extension 'python_setup_py'
[0.534s] Level 1:colcon.colcon_core.package_identification:_identify(build) by extensions ['ignore', 'ignore_ament_install']
[0.535s] Level 1:colcon.colcon_core.package_identification:_identify(build) by extension 'ignore'
[0.535s] Level 1:colcon.colcon_core.package_identification:_identify(build) ignored
[0.535s] Level 1:colcon.colcon_core.package_identification:_identify(firewardenbot_vision) by extensions ['ignore', 'ignore_ament_install']
[0.535s] Level 1:colcon.colcon_core.package_identification:_identify(firewardenbot_vision) by extension 'ignore'
[0.535s] Level 1:colcon.colcon_core.package_identification:_identify(firewardenbot_vision) by extension 'ignore_ament_install'
[0.535s] Level 1:colcon.colcon_core.package_identification:_identify(firewardenbot_vision) by extensions ['colcon_pkg']
[0.535s] Level 1:colcon.colcon_core.package_identification:_identify(firewardenbot_vision) by extension 'colcon_pkg'
[0.535s] Level 1:colcon.colcon_core.package_identification:_identify(firewardenbot_vision) by extensions ['colcon_meta']
[0.535s] Level 1:colcon.colcon_core.package_identification:_identify(firewardenbot_vision) by extension 'colcon_meta'
[0.535s] Level 1:colcon.colcon_core.package_identification:_identify(firewardenbot_vision) by extensions ['ros']
[0.535s] Level 1:colcon.colcon_core.package_identification:_identify(firewardenbot_vision) by extension 'ros'
[0.545s] DEBUG:colcon.colcon_core.package_identification:Package 'firewardenbot_vision' with type 'ros.ament_cmake' and name 'firewardenbot_vision'
[0.545s] Level 1:colcon.colcon_core.package_identification:_identify(install) by extensions ['ignore', 'ignore_ament_install']
[0.545s] Level 1:colcon.colcon_core.package_identification:_identify(install) by extension 'ignore'
[0.545s] Level 1:colcon.colcon_core.package_identification:_identify(install) ignored
[0.545s] Level 1:colcon.colcon_core.package_identification:_identify(log) by extensions ['ignore', 'ignore_ament_install']
[0.545s] Level 1:colcon.colcon_core.package_identification:_identify(log) by extension 'ignore'
[0.546s] Level 1:colcon.colcon_core.package_identification:_identify(log) ignored
[0.546s] Level 1:colcon.colcon_core.package_identification:_identify(src) by extensions ['ignore', 'ignore_ament_install']
[0.546s] Level 1:colcon.colcon_core.package_identification:_identify(src) by extension 'ignore'
[0.546s] Level 1:colcon.colcon_core.package_identification:_identify(src) by extension 'ignore_ament_install'
[0.546s] Level 1:colcon.colcon_core.package_identification:_identify(src) by extensions ['colcon_pkg']
[0.546s] Level 1:colcon.colcon_core.package_identification:_identify(src) by extension 'colcon_pkg'
[0.546s] Level 1:colcon.colcon_core.package_identification:_identify(src) by extensions ['colcon_meta']
[0.546s] Level 1:colcon.colcon_core.package_identification:_identify(src) by extension 'colcon_meta'
[0.546s] Level 1:colcon.colcon_core.package_identification:_identify(src) by extensions ['ros']
[0.546s] Level 1:colcon.colcon_core.package_identification:_identify(src) by extension 'ros'
[0.547s] DEBUG:colcon.colcon_core.package_identification:Package 'src' with type 'ros.ament_cmake' and name '41068_ignition_bringup'
[0.547s] Level 1:colcon.colcon_core.package_discovery:discover_packages(recursive) using defaults
[0.547s] Level 1:colcon.colcon_core.package_discovery:discover_packages(ignore) discover
[0.547s] Level 1:colcon.colcon_core.package_discovery:discover_packages(ignore) using defaults
[0.547s] Level 1:colcon.colcon_core.package_discovery:discover_packages(path) discover
[0.547s] Level 1:colcon.colcon_core.package_discovery:discover_packages(path) using defaults
[0.592s] Level 1:colcon.colcon_core.package_discovery:discover_packages(prefix_path) check parameters
[0.593s] Level 1:colcon.colcon_core.package_discovery:discover_packages(prefix_path) discover
[0.627s] DEBUG:colcon.colcon_installed_package_information.package_discovery:Found 0 installed packages in /home/student/ros2_ws/install
[0.630s] DEBUG:colcon.colcon_installed_package_information.package_discovery:Found 424 installed packages in /opt/ros/humble
[0.632s] Level 1:colcon.colcon_core.package_discovery:discover_packages(prefix_path) using defaults
[0.698s] Level 5:colcon.colcon_core.verb:set package '41068_ignition_bringup' build argument 'cmake_args' from command line to 'None'
[0.698s] Level 5:colcon.colcon_core.verb:set package '41068_ignition_bringup' build argument 'cmake_target' from command line to 'None'
[0.698s] Level 5:colcon.colcon_core.verb:set package '41068_ignition_bringup' build argument 'cmake_target_skip_unavailable' from command line to 'False'
[0.698s] Level 5:colcon.colcon_core.verb:set package '41068_ignition_bringup' build argument 'cmake_clean_cache' from command line to 'False'
[0.698s] Level 5:colcon.colcon_core.verb:set package '41068_ignition_bringup' build argument 'cmake_clean_first' from command line to 'False'
[0.698s] Level 5:colcon.colcon_core.verb:set package '41068_ignition_bringup' build argument 'cmake_force_configure' from command line to 'False'
[0.698s] Level 5:colcon.colcon_core.verb:set package '41068_ignition_bringup' build argument 'ament_cmake_args' from command line to 'None'
[0.698s] Level 5:colcon.colcon_core.verb:set package '41068_ignition_bringup' build argument 'catkin_cmake_args' from command line to 'None'
[0.699s] Level 5:colcon.colcon_core.verb:set package '41068_ignition_bringup' build argument 'catkin_skip_building_tests' from command line to 'False'
[0.699s] DEBUG:colcon.colcon_core.verb:Building package '41068_ignition_bringup' with the following arguments: {'ament_cmake_args': None, 'build_base': '/home/student/git/FIREWARDENBOT/World/41068_ws/build/41068_ignition_bringup', 'catkin_cmake_args': None, 'catkin_skip_building_tests': False, 'cmake_args': None, 'cmake_clean_cache': False, 'cmake_clean_first': False, 'cmake_force_configure': False, 'cmake_target': None, 'cmake_target_skip_unavailable': False, 'install_base': '/home/student/git/FIREWARDENBOT/World/41068_ws/install/41068_ignition_bringup', 'merge_install': False, 'path': '/home/student/git/FIREWARDENBOT/World/41068_ws/src', 'symlink_install': False, 'test_result_base': None}
[0.699s] Level 5:colcon.colcon_core.verb:set package 'firewardenbot_vision' build argument 'cmake_args' from command line to 'None'
[0.699s] Level 5:colcon.colcon_core.verb:set package 'firewardenbot_vision' build argument 'cmake_target' from command line to 'None'
[0.699s] Level 5:colcon.colcon_core.verb:set package 'firewardenbot_vision' build argument 'cmake_target_skip_unavailable' from command line to 'False'
[0.699s] Level 5:colcon.colcon_core.verb:set package 'firewardenbot_vision' build argument 'cmake_clean_cache' from command line to 'False'
[0.699s] Level 5:colcon.colcon_core.verb:set package 'firewardenbot_vision' build argument 'cmake_clean_first' from command line to 'False'
[0.699s] Level 5:colcon.colcon_core.verb:set package 'firewardenbot_vision' build argument 'cmake_force_configure' from command line to 'False'
[0.699s] Level 5:colcon.colcon_core.verb:set package 'firewardenbot_vision' build argument 'ament_cmake_args' from command line to 'None'
[0.699s] Level 5:colcon.colcon_core.verb:set package 'firewardenbot_vision' build argument 'catkin_cmake_args' from command line to 'None'
[0.699s] Level 5:colcon.colcon_core.verb:set package 'firewardenbot_vision' build argument 'catkin_skip_building_tests' from command line to 'False'
[0.699s] DEBUG:colcon.colcon_core.verb:Building package 'firewardenbot_vision' with the following arguments: {'ament_cmake_args': None, 'build_base': '/home/student/git/FIREWARDENBOT/World/41068_ws/build/firewardenbot_vision', 'catkin_cmake_args': None, 'catkin_skip_building_tests': False, 'cmake_args': None, 'cmake_clean_cache': False, 'cmake_clean_first': False, 'cmake_force_configure': False, 'cmake_target': None, 'cmake_target_skip_unavailable': False, 'install_base': '/home/student/git/FIREWARDENBOT/World/41068_ws/install/firewardenbot_vision', 'merge_install': False, 'path': '/home/student/git/FIREWARDENBOT/World/41068_ws/firewardenbot_vision', 'symlink_install': False, 'test_result_base': None}
[0.700s] INFO:colcon.colcon_core.executor:Executing jobs using 'parallel' executor
[0.701s] DEBUG:colcon.colcon_parallel_executor.executor.parallel:run_until_complete
[0.701s] INFO:colcon.colcon_ros.task.ament_cmake.build:Building ROS package in '/home/student/git/FIREWARDENBOT/World/41068_ws/src' with build type 'ament_cmake'
[0.701s] INFO:colcon.colcon_cmake.task.cmake.build:Building CMake package in '/home/student/git/FIREWARDENBOT/World/41068_ws/src'
[0.742s] INFO:colcon.colcon_core.plugin_system:Skipping extension 'colcon_core.shell.bat': Not used on non-Windows systems
[0.743s] INFO:colcon.colcon_core.shell:Skip shell extension 'powershell' for command environment: Not usable outside of PowerShell
[0.743s] DEBUG:colcon.colcon_core.shell:Skip shell extension 'dsv' for command environment
[0.755s] INFO:colcon.colcon_ros.task.ament_cmake.build:Building ROS package in '/home/student/git/FIREWARDENBOT/World/41068_ws/firewardenbot_vision' with build type 'ament_cmake'
[0.755s] INFO:colcon.colcon_cmake.task.cmake.build:Building CMake package in '/home/student/git/FIREWARDENBOT/World/41068_ws/firewardenbot_vision'
[0.756s] INFO:colcon.colcon_core.shell:Skip shell extension 'powershell' for command environment: Not usable outside of PowerShell
[0.756s] DEBUG:colcon.colcon_core.shell:Skip shell extension 'dsv' for command environment
[0.771s] DEBUG:colcon.colcon_core.event_handler.log_command:Invoking command in '/home/student/git/FIREWARDENBOT/World/41068_ws/build/41068_ignition_bringup': CMAKE_PREFIX_PATH=/opt/ros/humble /usr/bin/cmake --build /home/student/git/FIREWARDENBOT/World/41068_ws/build/41068_ignition_bringup -- -j8 -l8
[0.804s] DEBUG:colcon.colcon_core.event_handler.log_command:Invoking command in '/home/student/git/FIREWARDENBOT/World/41068_ws/build/firewardenbot_vision': CMAKE_PREFIX_PATH=/opt/ros/humble /usr/bin/cmake --build /home/student/git/FIREWARDENBOT/World/41068_ws/build/firewardenbot_vision -- -j8 -l8
[1.688s] DEBUG:colcon.colcon_core.event_handler.log_command:Invoked command in '/home/student/git/FIREWARDENBOT/World/41068_ws/build/41068_ignition_bringup' returned '0': CMAKE_PREFIX_PATH=/opt/ros/humble /usr/bin/cmake --build /home/student/git/FIREWARDENBOT/World/41068_ws/build/41068_ignition_bringup -- -j8 -l8
[1.703s] DEBUG:colcon.colcon_core.event_handler.log_command:Invoking command in '/home/student/git/FIREWARDENBOT/World/41068_ws/build/41068_ignition_bringup': CMAKE_PREFIX_PATH=/opt/ros/humble /usr/bin/cmake --install /home/student/git/FIREWARDENBOT/World/41068_ws/build/41068_ignition_bringup
[2.193s] Level 1:colcon.colcon_core.environment:create_environment_scripts_only(41068_ignition_bringup)
[2.194s] DEBUG:colcon.colcon_core.event_handler.log_command:Invoked command in '/home/student/git/FIREWARDENBOT/World/41068_ws/build/41068_ignition_bringup' returned '0': CMAKE_PREFIX_PATH=/opt/ros/humble /usr/bin/cmake --install /home/student/git/FIREWARDENBOT/World/41068_ws/build/41068_ignition_bringup
[2.246s] Level 1:colcon.colcon_core.environment:checking '/home/student/git/FIREWARDENBOT/World/41068_ws/install/41068_ignition_bringup' for CMake module files
[2.247s] Level 1:colcon.colcon_core.environment:checking '/home/student/git/FIREWARDENBOT/World/41068_ws/install/41068_ignition_bringup' for CMake config files
[2.247s] Level 1:colcon.colcon_core.shell:create_environment_hook('41068_ignition_bringup', 'cmake_prefix_path')
[2.248s] INFO:colcon.colcon_core.shell:Creating environment hook '/home/student/git/FIREWARDENBOT/World/41068_ws/install/41068_ignition_bringup/share/41068_ignition_bringup/hook/cmake_prefix_path.ps1'
[2.253s] INFO:colcon.colcon_core.shell:Creating environment descriptor '/home/student/git/FIREWARDENBOT/World/41068_ws/install/41068_ignition_bringup/share/41068_ignition_bringup/hook/cmake_prefix_path.dsv'
[2.259s] INFO:colcon.colcon_core.shell:Creating environment hook '/home/student/git/FIREWARDENBOT/World/41068_ws/install/41068_ignition_bringup/share/41068_ignition_bringup/hook/cmake_prefix_path.sh'
[2.264s] Level 1:colcon.colcon_core.environment:checking '/home/student/git/FIREWARDENBOT/World/41068_ws/install/41068_ignition_bringup/bin'
[2.264s] Level 1:colcon.colcon_core.environment:checking '/home/student/git/FIREWARDENBOT/World/41068_ws/install/41068_ignition_bringup/lib/pkgconfig/41068_ignition_bringup.pc'
[2.265s] Level 1:colcon.colcon_core.environment:checking '/home/student/git/FIREWARDENBOT/World/41068_ws/install/41068_ignition_bringup/lib/python3.10/site-packages'
[2.265s] Level 1:colcon.colcon_core.environment:checking '/home/student/git/FIREWARDENBOT/World/41068_ws/install/41068_ignition_bringup/bin'
[2.265s] INFO:colcon.colcon_core.shell:Creating package script '/home/student/git/FIREWARDENBOT/World/41068_ws/install/41068_ignition_bringup/share/41068_ignition_bringup/package.ps1'
[2.271s] INFO:colcon.colcon_core.shell:Creating package descriptor '/home/student/git/FIREWARDENBOT/World/41068_ws/install/41068_ignition_bringup/share/41068_ignition_bringup/package.dsv'
[2.276s] INFO:colcon.colcon_core.shell:Creating package script '/home/student/git/FIREWARDENBOT/World/41068_ws/install/41068_ignition_bringup/share/41068_ignition_bringup/package.sh'
[2.280s] INFO:colcon.colcon_core.shell:Creating package script '/home/student/git/FIREWARDENBOT/World/41068_ws/install/41068_ignition_bringup/share/41068_ignition_bringup/package.bash'
[2.286s] INFO:colcon.colcon_core.shell:Creating package script '/home/student/git/FIREWARDENBOT/World/41068_ws/install/41068_ignition_bringup/share/41068_ignition_bringup/package.zsh'
[2.291s] Level 1:colcon.colcon_core.environment:create_file_with_runtime_dependencies(/home/student/git/FIREWARDENBOT/World/41068_ws/install/41068_ignition_bringup/share/colcon-core/packages/41068_ignition_bringup)
[2.292s] Level 1:colcon.colcon_core.environment:create_environment_scripts_only(41068_ignition_bringup)
[2.292s] Level 1:colcon.colcon_core.environment:checking '/home/student/git/FIREWARDENBOT/World/41068_ws/install/41068_ignition_bringup' for CMake module files
[2.293s] Level 1:colcon.colcon_core.environment:checking '/home/student/git/FIREWARDENBOT/World/41068_ws/install/41068_ignition_bringup' for CMake config files
[2.293s] Level 1:colcon.colcon_core.shell:create_environment_hook('41068_ignition_bringup', 'cmake_prefix_path')
[2.293s] INFO:colcon.colcon_core.shell:Creating environment hook '/home/student/git/FIREWARDENBOT/World/41068_ws/install/41068_ignition_bringup/share/41068_ignition_bringup/hook/cmake_prefix_path.ps1'
[2.294s] INFO:colcon.colcon_core.shell:Creating environment descriptor '/home/student/git/FIREWARDENBOT/World/41068_ws/install/41068_ignition_bringup/share/41068_ignition_bringup/hook/cmake_prefix_path.dsv'
[2.294s] INFO:colcon.colcon_core.shell:Creating environment hook '/home/student/git/FIREWARDENBOT/World/41068_ws/install/41068_ignition_bringup/share/41068_ignition_bringup/hook/cmake_prefix_path.sh'
[2.295s] Level 1:colcon.colcon_core.environment:checking '/home/student/git/FIREWARDENBOT/World/41068_ws/install/41068_ignition_bringup/bin'
[2.295s] Level 1:colcon.colcon_core.environment:checking '/home/student/git/FIREWARDENBOT/World/41068_ws/install/41068_ignition_bringup/lib/pkgconfig/41068_ignition_bringup.pc'
[2.295s] Level 1:colcon.colcon_core.environment:checking '/home/student/git/FIREWARDENBOT/World/41068_ws/install/41068_ignition_bringup/lib/python3.10/site-packages'
[2.296s] Level 1:colcon.colcon_core.environment:checking '/home/student/git/FIREWARDENBOT/World/41068_ws/install/41068_ignition_bringup/bin'
[2.296s] INFO:colcon.colcon_core.shell:Creating package script '/home/student/git/FIREWARDENBOT/World/41068_ws/install/41068_ignition_bringup/share/41068_ignition_bringup/package.ps1'
[2.296s] INFO:colcon.colcon_core.shell:Creating package descriptor '/home/student/git/FIREWARDENBOT/World/41068_ws/install/41068_ignition_bringup/share/41068_ignition_bringup/package.dsv'
[2.297s] INFO:colcon.colcon_core.shell:Creating package script '/home/student/git/FIREWARDENBOT/World/41068_ws/install/41068_ignition_bringup/share/41068_ignition_bringup/package.sh'
[2.297s] INFO:colcon.colcon_core.shell:Creating package script '/home/student/git/FIREWARDENBOT/World/41068_ws/install/41068_ignition_bringup/share/41068_ignition_bringup/package.bash'
[2.298s] INFO:colcon.colcon_core.shell:Creating package script '/home/student/git/FIREWARDENBOT/World/41068_ws/install/41068_ignition_bringup/share/41068_ignition_bringup/package.zsh'
[2.299s] Level 1:colcon.colcon_core.environment:create_file_with_runtime_dependencies(/home/student/git/FIREWARDENBOT/World/41068_ws/install/41068_ignition_bringup/share/colcon-core/packages/41068_ignition_bringup)
[24.517s] DEBUG:colcon.colcon_core.event_handler.log_command:Invoked command in '/home/student/git/FIREWARDENBOT/World/41068_ws/build/firewardenbot_vision' returned '0': CMAKE_PREFIX_PATH=/opt/ros/humble /usr/bin/cmake --build /home/student/git/FIREWARDENBOT/World/41068_ws/build/firewardenbot_vision -- -j8 -l8
[24.525s] DEBUG:colcon.colcon_core.event_handler.log_command:Invoking command in '/home/student/git/FIREWARDENBOT/World/41068_ws/build/firewardenbot_vision': CMAKE_PREFIX_PATH=/opt/ros/humble /usr/bin/cmake --install /home/student/git/FIREWARDENBOT/World/41068_ws/build/firewardenbot_vision
[24.570s] Level 1:colcon.colcon_core.environment:create_environment_scripts_only(firewardenbot_vision)
[24.570s] Level 1:colcon.colcon_core.environment:checking '/home/student/git/FIREWARDENBOT/World/41068_ws/install/firewardenbot_vision' for CMake module files
[24.571s] DEBUG:colcon.colcon_core.event_handler.log_command:Invoked command in '/home/student/git/FIREWARDENBOT/World/41068_ws/build/firewardenbot_vision' returned '0': CMAKE_PREFIX_PATH=/opt/ros/humble /usr/bin/cmake --install /home/student/git/FIREWARDENBOT/World/41068_ws/build/firewardenbot_vision
[24.572s] Level 1:colcon.colcon_core.environment:checking '/home/student/git/FIREWARDENBOT/World/41068_ws/install/firewardenbot_vision' for CMake config files
[24.572s] Level 1:colcon.colcon_core.shell:create_environment_hook('firewardenbot_vision', 'cmake_prefix_path')
[24.572s] INFO:colcon.colcon_core.shell:Creating environment hook '/home/student/git/FIREWARDENBOT/World/41068_ws/install/firewardenbot_vision/share/firewardenbot_vision/hook/cmake_prefix_path.ps1'
[24.573s] INFO:colcon.colcon_core.shell:Creating environment descriptor '/home/student/git/FIREWARDENBOT/World/41068_ws/install/firewardenbot_vision/share/firewardenbot_vision/hook/cmake_prefix_path.dsv'
[24.573s] INFO:colcon.colcon_core.shell:Creating environment hook '/home/student/git/FIREWARDENBOT/World/41068_ws/install/firewardenbot_vision/share/firewardenbot_vision/hook/cmake_prefix_path.sh'
[24.574s] Level 1:colcon.colcon_core.environment:checking '/home/student/git/FIREWARDENBOT/World/41068_ws/install/firewardenbot_vision/lib'
[24.575s] Level 1:colcon.colcon_core.environment:checking '/home/student/git/FIREWARDENBOT/World/41068_ws/install/firewardenbot_vision/bin'
[24.575s] Level 1:colcon.colcon_core.environment:checking '/home/student/git/FIREWARDENBOT/World/41068_ws/install/firewardenbot_vision/lib/pkgconfig/firewardenbot_vision.pc'
[24.575s] Level 1:colcon.colcon_core.environment:checking '/home/student/git/FIREWARDENBOT/World/41068_ws/install/firewardenbot_vision/lib/python3.10/site-packages'
[24.576s] Level 1:colcon.colcon_core.environment:checking '/home/student/git/FIREWARDENBOT/World/41068_ws/install/firewardenbot_vision/bin'
[24.576s] INFO:colcon.colcon_core.shell:Creating package script '/home/student/git/FIREWARDENBOT/World/41068_ws/install/firewardenbot_vision/share/firewardenbot_vision/package.ps1'
[24.576s] INFO:colcon.colcon_core.shell:Creating package descriptor '/home/student/git/FIREWARDENBOT/World/41068_ws/install/firewardenbot_vision/share/firewardenbot_vision/package.dsv'
[24.577s] INFO:colcon.colcon_core.shell:Creating package script '/home/student/git/FIREWARDENBOT/World/41068_ws/install/firewardenbot_vision/share/firewardenbot_vision/package.sh'
[24.577s] INFO:colcon.colcon_core.shell:Creating package script '/home/student/git/FIREWARDENBOT/World/41068_ws/install/firewardenbot_vision/share/firewardenbot_vision/package.bash'
[24.578s] INFO:colcon.colcon_core.shell:Creating package script '/home/student/git/FIREWARDENBOT/World/41068_ws/install/firewardenbot_vision/share/firewardenbot_vision/package.zsh'
[24.578s] Level 1:colcon.colcon_core.environment:create_file_with_runtime_dependencies(/home/student/git/FIREWARDENBOT/World/41068_ws/install/firewardenbot_vision/share/colcon-core/packages/firewardenbot_vision)
[24.579s] Level 1:colcon.colcon_core.environment:create_environment_scripts_only(firewardenbot_vision)
[24.579s] Level 1:colcon.colcon_core.environment:checking '/home/student/git/FIREWARDENBOT/World/41068_ws/install/firewardenbot_vision' for CMake module files
[24.580s] Level 1:colcon.colcon_core.environment:checking '/home/student/git/FIREWARDENBOT/World/41068_ws/install/firewardenbot_vision' for CMake config files
[24.580s] Level 1:colcon.colcon_core.shell:create_environment_hook('firewardenbot_vision', 'cmake_prefix_path')
[24.580s] INFO:colcon.colcon_core.shell:Creating environment hook '/home/student/git/FIREWARDENBOT/World/41068_ws/install/firewardenbot_vision/share/firewardenbot_vision/hook/cmake_prefix_path.ps1'
[24.581s] INFO:colcon.colcon_core.shell:Creating environment descriptor '/home/student/git/FIREWARDENBOT/World/41068_ws/install/firewardenbot_vision/share/firewardenbot_vision/hook/cmake_prefix_path.dsv'
[24.581s] INFO:colcon.colcon_core.shell:Creating environment hook '/home/student/git/FIREWARDENBOT/World/41068_ws/install/firewardenbot_vision/share/firewardenbot_vision/hook/cmake_prefix_path.sh'
[24.582s] Level 1:colcon.colcon_core.environment:checking '/home/student/git/FIREWARDENBOT/World/41068_ws/install/firewardenbot_vision/lib'
[24.582s] Level 1:colcon.colcon_core.environment:checking '/home/student/git/FIREWARDENBOT/World/41068_ws/install/firewardenbot_vision/bin'
[24.582s] Level 1:colcon.colcon_core.environment:checking '/home/student/git/FIREWARDENBOT/World/41068_ws/install/firewardenbot_vision/lib/pkgconfig/firewardenbot_vision.pc'
[24.582s] Level 1:colcon.colcon_core.environment:checking '/home/student/git/FIREWARDENBOT/World/41068_ws/install/firewardenbot_vision/lib/python3.10/site-packages'
[24.582s] Level 1:colcon.colcon_core.environment:checking '/home/student/git/FIREWARDENBOT/World/41068_ws/install/firewardenbot_vision/bin'
[24.583s] INFO:colcon.colcon_core.shell:Creating package script '/home/student/git/FIREWARDENBOT/World/41068_ws/install/firewardenbot_vision/share/firewardenbot_vision/package.ps1'
[24.583s] INFO:colcon.colcon_core.shell:Creating package descriptor '/home/student/git/FIREWARDENBOT/World/41068_ws/install/firewardenbot_vision/share/firewardenbot_vision/package.dsv'
[24.584s] INFO:colcon.colcon_core.shell:Creating package script '/home/student/git/FIREWARDENBOT/World/41068_ws/install/firewardenbot_vision/share/firewardenbot_vision/package.sh'
[24.584s] INFO:colcon.colcon_core.shell:Creating package script '/home/student/git/FIREWARDENBOT/World/41068_ws/install/firewardenbot_vision/share/firewardenbot_vision/package.bash'
[24.585s] INFO:colcon.colcon_core.shell:Creating package script '/home/student/git/FIREWARDENBOT/World/41068_ws/install/firewardenbot_vision/share/firewardenbot_vision/package.zsh'
[24.585s] Level 1:colcon.colcon_core.environment:create_file_with_runtime_dependencies(/home/student/git/FIREWARDENBOT/World/41068_ws/install/firewardenbot_vision/share/colcon-core/packages/firewardenbot_vision)
[24.585s] DEBUG:colcon.colcon_parallel_executor.executor.parallel:closing loop
[24.586s] DEBUG:colcon.colcon_parallel_executor.executor.parallel:loop closed
[24.586s] DEBUG:colcon.colcon_parallel_executor.executor.parallel:run_until_complete finished with '0'
[24.586s] DEBUG:colcon.colcon_core.event_reactor:joining thread
[24.629s] INFO:colcon.colcon_core.plugin_system:Skipping extension 'colcon_notification.desktop_notification.terminal_notifier': Not used on non-Darwin systems
[24.629s] INFO:colcon.colcon_core.plugin_system:Skipping extension 'colcon_notification.desktop_notification.win32': Not used on non-Windows systems
[24.629s] INFO:colcon.colcon_notification.desktop_notification:Sending desktop notification using 'notify2'
[24.653s] DEBUG:colcon.colcon_core.event_reactor:joined thread
[24.653s] INFO:colcon.colcon_core.shell:Creating prefix script '/home/student/git/FIREWARDENBOT/World/41068_ws/install/local_setup.ps1'
[24.662s] INFO:colcon.colcon_core.shell:Creating prefix util module '/home/student/git/FIREWARDENBOT/World/41068_ws/install/_local_setup_util_ps1.py'
[24.668s] INFO:colcon.colcon_core.shell:Creating prefix chain script '/home/student/git/FIREWARDENBOT/World/41068_ws/install/setup.ps1'
[24.674s] INFO:colcon.colcon_core.shell:Creating prefix script '/home/student/git/FIREWARDENBOT/World/41068_ws/install/local_setup.sh'
[24.678s] INFO:colcon.colcon_core.shell:Creating prefix util module '/home/student/git/FIREWARDENBOT/World/41068_ws/install/_local_setup_util_sh.py'
[24.679s] INFO:colcon.colcon_core.shell:Creating prefix chain script '/home/student/git/FIREWARDENBOT/World/41068_ws/install/setup.sh'
[24.685s] INFO:colcon.colcon_core.shell:Creating prefix script '/home/student/git/FIREWARDENBOT/World/41068_ws/install/local_setup.bash'
[24.690s] INFO:colcon.colcon_core.shell:Creating prefix chain script '/home/student/git/FIREWARDENBOT/World/41068_ws/install/setup.bash'
[24.695s] INFO:colcon.colcon_core.shell:Creating prefix script '/home/student/git/FIREWARDENBOT/World/41068_ws/install/local_setup.zsh'
[24.700s] INFO:colcon.colcon_core.shell:Creating prefix chain script '/home/student/git/FIREWARDENBOT/World/41068_ws/install/setup.zsh'
